1629278701 0 0
1629278701 0 0 0 0
1629278401 0 0 0 0
1629278400 0 0 0 0
1629278100 0 0 0 0
1629277800 0 0 0 0
1629277500 0 0 0 0
1629277200 0 0 0 0
1629276900 0 0 0 0
1629276600 0 0 0 0
1629276300 0 0 0 0
1629276000 0 0 0 0
1629275700 0 0 0 0
1629275400 0 0 0 0
1629275100 0 0 0 0
1629274800 0 0 0 0
1629274500 0 0 0 0
1629274200 0 0 0 0
1629273900 0 0 0 0
1629273600 0 0 0 0
1629273300 0 0 0 0
1629273000 0 0 0 0
1629272700 0 0 0 0
1629272400 0 0 0 0
1629272100 0 0 0 0
1629271800 0 0 0 0
1629271500 0 0 0 0
1629271200 0 0 0 0
1629270900 0 0 0 0
1629270600 0 0 0 0
1629270300 0 0 0 0
1629270000 0 0 0 0
1629269700 0 0 0 0
1629269400 0 0 0 0
1629269100 0 0 0 0
1629268800 0 0 0 0
1629268500 0 0 0 0
1629268200 0 0 0 0
1629267900 0 0 0 0
1629267600 0 0 0 0
1629267300 0 0 0 0
1629267000 0 0 0 0
1629266700 0 0 0 0
1629266400 0 0 0 0
1629266100 0 0 0 0
1629265800 0 0 0 0
1629265500 0 0 0 0
1629265200 0 0 0 0
1629264900 0 0 0 0
1629264600 0 0 0 0
1629264300 0 0 0 0
1629264000 0 0 0 0
1629263700 0 0 0 0
1629263400 0 0 0 0
1629263100 0 0 0 0
1629262800 0 0 0 0
1629262500 0 0 0 0
1629262200 0 0 0 0
1629261900 0 0 0 0
1629261600 0 0 0 0
1629261300 0 0 0 0
1629261000 0 0 0 0
1629260700 0 0 0 0
1629260400 0 0 0 0
1629260100 0 0 0 0
1629259800 0 0 0 0
1629259500 0 0 0 0
1629259200 0 0 0 0
1629258900 0 0 0 0
1629258600 0 0 0 0
1629258300 0 0 0 0
1629258000 0 0 0 0
1629257700 0 0 0 0
1629257400 0 0 0 0
1629257100 0 0 0 0
1629256800 0 0 0 0
1629256500 0 0 0 0
1629256200 0 0 0 0
1629255900 0 0 0 0
1629255600 0 0 0 0
1629255300 0 0 0 0
1629255000 0 0 0 0
1629254700 0 0 0 0
1629254400 0 0 0 0
1629254100 0 0 0 0
1629253800 0 0 0 0
1629253500 0 0 0 0
1629253200 0 0 0 0
1629252900 0 0 0 0
1629252600 0 0 0 0
1629252300 0 0 0 0
1629252000 0 0 0 0
1629251700 0 0 0 0
1629251400 0 0 0 0
1629251100 0 0 0 0
1629250800 0 0 0 0
1629250500 0 0 0 0
1629250200 0 0 0 0
1629249900 0 0 0 0
1629249600 0 0 0 0
1629249300 0 0 0 0
1629249000 0 0 0 0
1629248700 0 0 0 0
1629248400 0 0 0 0
1629248100 0 0 0 0
1629247800 0 0 0 0
1629247500 0 0 0 0
1629247200 0 0 0 0
1629246900 0 0 0 0
1629246600 0 0 0 0
1629246300 0 0 0 0
1629246000 0 0 0 0
1629245700 0 0 0 0
1629245400 0 0 0 0
1629245100 0 0 0 0
1629244800 0 0 0 0
1629244500 0 0 0 0
1629244200 0 0 0 0
1629243900 0 0 0 0
1629243600 0 0 0 0
1629243300 0 0 0 0
1629243000 0 0 0 0
1629242700 0 0 0 0
1629242400 0 0 0 0
1629242100 0 0 0 0
1629241800 0 0 0 0
1629241500 0 0 0 0
1629241200 0 0 0 0
1629240900 0 0 0 0
1629240600 0 0 0 0
1629240300 0 0 0 0
1629240000 0 0 0 0
1629239700 0 0 0 0
1629239400 0 0 0 0
1629239100 0 0 0 0
1629238800 0 0 0 0
1629238500 0 0 0 0
1629238200 0 0 0 0
1629237900 0 0 0 0
1629237600 0 0 0 0
1629237300 0 0 0 0
1629237000 0 0 0 0
1629236700 0 0 0 0
1629236400 0 0 0 0
1629236100 0 0 0 0
1629235800 0 0 0 0
1629235500 0 0 0 0
1629235200 0 0 0 0
1629234900 0 0 0 0
1629234600 0 0 0 0
1629234300 0 0 0 0
1629234000 0 0 0 0
1629233700 0 0 0 0
1629233400 0 0 0 0
1629233100 0 0 0 0
1629232800 0 0 0 0
1629232500 0 0 0 0
1629232200 0 0 0 0
1629231900 0 0 0 0
1629231600 0 0 0 0
1629231300 0 0 0 0
1629231000 0 0 0 0
1629230700 0 0 0 0
1629230400 0 0 0 0
1629230100 0 0 0 0
1629229800 0 0 0 0
1629229500 0 0 0 0
1629229200 0 0 0 0
1629228900 0 0 0 0
1629228600 0 0 0 0
1629228300 0 0 0 0
1629228000 0 0 0 0
1629227700 0 0 0 0
1629227400 0 0 0 0
1629227100 0 0 0 0
1629226800 0 0 0 0
1629226500 0 0 0 0
1629226200 0 0 0 0
1629225900 0 0 0 0
1629225600 0 0 0 0
1629225300 0 0 0 0
1629225000 0 0 0 0
1629224700 0 0 0 0
1629224400 0 0 0 0
1629224100 0 0 0 0
1629223800 0 0 0 0
1629223500 0 0 0 0
1629223200 0 0 0 0
1629222900 0 0 0 0
1629222600 0 0 0 0
1629222300 0 0 0 0
1629222000 0 0 0 0
1629221700 0 0 0 0
1629221400 0 0 0 0
1629221100 0 0 0 0
1629220800 0 0 0 0
1629220500 0 0 0 0
1629220200 0 0 0 0
1629219900 0 0 0 0
1629219600 0 0 0 0
1629219300 0 0 0 0
1629219000 0 0 0 0
1629218700 0 0 0 0
1629218400 0 0 0 0
1629218100 0 0 0 0
1629217800 0 0 0 0
1629217500 0 0 0 0
1629217200 0 0 0 0
1629216900 0 0 0 0
1629216600 0 0 0 0
1629216300 0 0 0 0
1629216000 0 0 0 0
1629215700 0 0 0 0
1629215400 0 0 0 0
1629215100 0 0 0 0
1629214800 0 0 0 0
1629214500 0 0 0 0
1629214200 0 0 0 0
1629213900 0 0 0 0
1629213600 0 0 0 0
1629213300 0 0 0 0
1629213000 0 0 0 0
1629212700 0 0 0 0
1629212400 0 0 0 0
1629212100 0 0 0 0
1629211800 0 0 0 0
1629211500 0 0 0 0
1629211200 0 0 0 0
1629210900 0 0 0 0
1629210600 0 0 0 0
1629210300 0 0 0 0
1629210000 0 0 0 0
1629209700 0 0 0 0
1629209400 0 0 0 0
1629209100 0 0 0 0
1629208800 0 0 0 0
1629208500 0 0 0 0
1629208200 0 0 0 0
1629207900 0 0 0 0
1629207600 0 0 0 0
1629207300 0 0 0 0
1629207000 0 0 0 0
1629206700 0 0 0 0
1629206400 0 0 0 0
1629206100 0 0 0 0
1629205800 0 0 0 0
1629205500 0 0 0 0
1629205200 0 0 0 0
1629204900 0 0 0 0
1629204600 0 0 0 0
1629204300 0 0 0 0
1629204000 0 0 0 0
1629203700 0 0 0 0
1629203400 0 0 0 0
1629203100 0 0 0 0
1629202800 0 0 0 0
1629202500 0 0 0 0
1629202200 0 0 0 0
1629201900 0 0 0 0
1629201600 0 0 0 0
1629201300 0 0 0 0
1629201000 0 0 0 0
1629200700 0 0 0 0
1629200400 0 0 0 0
1629200100 0 0 0 0
1629199800 0 0 0 0
1629199500 0 0 0 0
1629199200 0 0 0 0
1629198900 0 0 0 0
1629198600 0 0 0 0
1629198300 0 0 0 0
1629198000 0 0 0 0
1629197700 0 0 0 0
1629197400 0 0 0 0
1629197100 0 0 0 0
1629196800 0 0 0 0
1629196500 0 0 0 0
1629196200 0 0 0 0
1629195900 0 0 0 0
1629195600 0 0 0 0
1629195300 0 0 0 0
1629195000 0 0 0 0
1629194700 0 0 0 0
1629194400 0 0 0 0
1629194100 0 0 0 0
1629193800 0 0 0 0
1629193500 0 0 0 0
1629193200 0 0 0 0
1629192900 0 0 0 0
1629192600 0 0 0 0
1629192300 0 0 0 0
1629192000 0 0 0 0
1629191700 0 0 0 0
1629191400 0 0 0 0
1629191100 0 0 0 0
1629190800 0 0 0 0
1629190500 0 0 0 0
1629190200 0 0 0 0
1629189900 0 0 0 0
1629189600 0 0 0 0
1629189300 0 0 0 0
1629189000 0 0 0 0
1629188700 0 0 0 0
1629188400 0 0 0 0
1629188100 0 0 0 0
1629187800 0 0 0 0
1629187500 0 0 0 0
1629187200 0 0 0 0
1629186900 0 0 0 0
1629186600 0 0 0 0
1629186300 0 0 0 0
1629186000 0 0 0 0
1629185700 0 0 0 0
1629185400 0 0 0 0
1629185100 0 0 0 0
1629184800 0 0 0 0
1629184500 0 0 0 0
1629184200 0 0 0 0
1629183900 0 0 0 0
1629183600 0 0 0 0
1629183300 0 0 0 0
1629183000 0 0 0 0
1629182700 0 0 0 0
1629182400 0 0 0 0
1629182100 0 0 0 0
1629181800 0 0 0 0
1629181500 0 0 0 0
1629181200 0 0 0 0
1629180900 0 0 0 0
1629180600 0 0 0 0
1629180300 0 0 0 0
1629180000 0 0 0 0
1629179700 0 0 0 0
1629179400 0 0 0 0
1629179100 0 0 0 0
1629178800 0 0 0 0
1629178500 0 0 0 0
1629178200 0 0 0 0
1629177900 0 0 0 0
1629177600 0 0 0 0
1629177300 0 0 0 0
1629177000 0 0 0 0
1629176700 0 0 0 0
1629176400 0 0 0 0
1629176100 0 0 0 0
1629175800 0 0 0 0
1629175500 0 0 0 0
1629175200 0 0 0 0
1629174900 0 0 0 0
1629174600 0 0 0 0
1629174300 0 0 0 0
1629174000 0 0 0 0
1629173700 0 0 0 0
1629173400 0 0 0 0
1629173100 0 0 0 0
1629172800 0 0 0 0
1629172500 0 0 0 0
1629172200 0 0 0 0
1629171900 0 0 0 0
1629171600 0 0 0 0
1629171300 0 0 0 0
1629171000 0 0 0 0
1629170700 0 0 0 0
1629170400 0 0 0 0
1629170100 0 0 0 0
1629169800 0 0 0 0
1629169500 0 0 0 0
1629169200 0 0 0 0
1629168900 0 0 0 0
1629168600 0 0 0 0
1629168300 0 0 0 0
1629168000 0 0 0 0
1629167700 0 0 0 0
1629167400 0 0 0 0
1629167100 0 0 0 0
1629166800 0 0 0 0
1629166500 0 0 0 0
1629166200 0 0 0 0
1629165900 0 0 0 0
1629165600 0 0 0 0
1629165300 0 0 0 0
1629165000 0 0 0 0
1629164700 0 0 0 0
1629164400 0 0 0 0
1629164100 0 0 0 0
1629163800 0 0 0 0
1629163500 0 0 0 0
1629163200 0 0 0 0
1629162900 0 0 0 0
1629162600 0 0 0 0
1629162300 0 0 0 0
1629162000 0 0 0 0
1629161700 0 0 0 0
1629161400 0 0 0 0
1629161100 0 0 0 0
1629160800 0 0 0 0
1629160500 0 0 0 0
1629160200 0 0 0 0
1629159900 0 0 0 0
1629159600 0 0 0 0
1629159300 0 0 0 0
1629159000 0 0 0 0
1629158700 0 0 0 0
1629158400 0 0 0 0
1629158100 0 0 0 0
1629157800 0 0 0 0
1629157500 0 0 0 0
1629157200 0 0 0 0
1629156900 0 0 0 0
1629156600 0 0 0 0
1629156300 0 0 0 0
1629156000 0 0 0 0
1629155700 0 0 0 0
1629155400 0 0 0 0
1629155100 0 0 0 0
1629154800 0 0 0 0
1629154500 0 0 0 0
1629154200 0 0 0 0
1629153900 0 0 0 0
1629153600 0 0 0 0
1629153300 0 0 0 0
1629153000 0 0 0 0
1629152700 0 0 0 0
1629152400 0 0 0 0
1629152100 0 0 0 0
1629151800 0 0 0 0
1629151500 0 0 0 0
1629151200 0 0 0 0
1629150900 0 0 0 0
1629150600 0 0 0 0
1629150300 0 0 0 0
1629150000 0 0 0 0
1629149700 0 0 0 0
1629149400 0 0 0 0
1629149100 0 0 0 0
1629148800 0 0 0 0
1629148500 0 0 0 0
1629148200 0 0 0 0
1629147900 0 0 0 0
1629147600 0 0 0 0
1629147300 0 0 0 0
1629147000 0 0 0 0
1629146700 0 0 0 0
1629146400 0 0 0 0
1629146100 0 0 0 0
1629145800 0 0 0 0
1629145500 0 0 0 0
1629145200 0 0 0 0
1629144900 0 0 0 0
1629144600 0 0 0 0
1629144300 0 0 0 0
1629144000 0 0 0 0
1629143700 0 0 0 0
1629143400 0 0 0 0
1629143100 0 0 0 0
1629142800 0 0 0 0
1629142500 0 0 0 0
1629142200 0 0 0 0
1629141900 0 0 0 0
1629141600 0 0 0 0
1629141300 0 0 0 0
1629141000 0 0 0 0
1629140700 0 0 0 0
1629140400 0 0 0 0
1629140100 0 0 0 0
1629139800 0 0 0 0
1629139500 0 0 0 0
1629139200 0 0 0 0
1629138900 0 0 0 0
1629138600 0 0 0 0
1629138300 0 0 0 0
1629138000 0 0 0 0
1629137700 0 0 0 0
1629137400 0 0 0 0
1629137100 0 0 0 0
1629136800 0 0 0 0
1629136500 0 0 0 0
1629136200 0 0 0 0
1629135900 0 0 0 0
1629135600 0 0 0 0
1629135300 0 0 0 0
1629135000 0 0 0 0
1629134700 0 0 0 0
1629134400 0 0 0 0
1629134100 0 0 0 0
1629133800 0 0 0 0
1629133500 0 0 0 0
1629133200 0 0 0 0
1629132900 0 0 0 0
1629132600 0 0 0 0
1629132300 0 0 0 0
1629132000 0 0 0 0
1629131700 0 0 0 0
1629131400 0 0 0 0
1629131100 0 0 0 0
1629130800 0 0 0 0
1629130500 0 0 0 0
1629130200 0 0 0 0
1629129900 0 0 0 0
1629129600 0 0 0 0
1629129300 0 0 0 0
1629129000 0 0 0 0
1629128700 0 0 0 0
1629128400 0 0 0 0
1629128100 0 0 0 0
1629127800 0 0 0 0
1629127500 0 0 0 0
1629127200 0 0 0 0
1629126900 0 0 0 0
1629126600 0 0 0 0
1629126300 0 0 0 0
1629126000 0 0 0 0
1629125700 0 0 0 0
1629125400 0 0 0 0
1629125100 0 0 0 0
1629124800 0 0 0 0
1629124500 0 0 0 0
1629124200 0 0 0 0
1629123900 0 0 0 0
1629123600 0 0 0 0
1629123300 0 0 0 0
1629123000 0 0 0 0
1629122700 0 0 0 0
1629122400 0 0 0 0
1629122100 0 0 0 0
1629121800 0 0 0 0
1629121500 0 0 0 0
1629121200 0 0 0 0
1629120900 0 0 0 0
1629120600 0 0 0 0
1629120300 0 0 0 0
1629120000 0 0 0 0
1629119700 0 0 0 0
1629119400 0 0 0 0
1629119100 0 0 0 0
1629118800 0 0 0 0
1629118500 0 0 0 0
1629118200 0 0 0 0
1629117900 0 0 0 0
1629117600 0 0 0 0
1629117300 0 0 0 0
1629117000 0 0 0 0
1629116700 0 0 0 0
1629116400 0 0 0 0
1629116100 0 0 0 0
1629115800 0 0 0 0
1629115500 0 0 0 0
1629115200 0 0 0 0
1629114900 0 0 0 0
1629114600 0 0 0 0
1629114300 0 0 0 0
1629114000 0 0 0 0
1629113700 0 0 0 0
1629113400 0 0 0 0
1629113100 0 0 0 0
1629112800 0 0 0 0
1629112500 0 0 0 0
1629112200 0 0 0 0
1629111900 0 0 0 0
1629111600 0 0 0 0
1629111300 0 0 0 0
1629111000 0 0 0 0
1629110700 0 0 0 0
1629110400 0 0 0 0
1629110100 0 0 0 0
1629109800 0 0 0 0
1629109500 0 0 0 0
1629109200 0 0 0 0
1629108900 0 0 0 0
1629108600 0 0 0 0
1629108300 0 0 0 0
1629108000 0 0 0 0
1629107700 0 0 0 0
1629107400 0 0 0 0
1629107100 0 0 0 0
1629106800 0 0 0 0
1629106500 0 0 0 0
1629106200 0 0 0 0
1629105900 0 0 0 0
1629105600 0 0 0 0
1629105300 0 0 0 0
1629105000 0 0 0 0
1629104700 0 0 0 0
1629104400 0 0 0 0
1629104100 0 0 0 0
1629103800 0 0 0 0
1629103500 0 0 0 0
1629103200 0 0 0 0
1629102900 0 0 0 0
1629102600 0 0 0 0
1629102300 0 0 0 0
1629102000 0 0 0 0
1629101700 0 0 0 0
1629101400 0 0 0 0
1629101100 0 0 0 0
1629100800 0 0 0 0
1629100500 0 0 0 0
1629100200 0 0 0 0
1629099900 0 0 0 0
1629099600 0 0 0 0
1629099300 0 0 0 0
1629099000 0 0 0 0
1629098700 0 0 0 0
1629097200 0 0 0 0
1629095400 0 0 0 0
1629093600 0 0 0 0
1629091800 0 0 0 0
1629090000 0 0 0 0
1629088200 0 0 0 0
1629086400 0 0 0 0
1629084600 0 0 0 0
1629082800 0 0 0 0
1629081000 0 0 0 0
1629079200 0 0 0 0
1629077400 0 0 0 0
1629075600 0 0 0 0
1629073800 0 0 0 0
1629072000 0 0 0 0
1629070200 0 0 0 0
1629068400 0 0 0 0
1629066600 0 0 0 0
1629064800 0 0 0 0
1629063000 0 0 0 0
1629061200 0 0 0 0
1629059400 0 0 0 0
1629057600 0 0 0 0
1629055800 0 0 0 0
1629054000 0 0 0 0
1629052200 0 0 0 0
1629050400 0 0 0 0
1629048600 0 0 0 0
1629046800 0 0 0 0
1629045000 0 0 0 0
1629043200 0 0 0 0
1629041400 0 0 0 0
1629039600 0 0 0 0
1629037800 0 0 0 0
1629036000 0 0 0 0
1629034200 0 0 0 0
1629032400 0 0 0 0
1629030600 0 0 0 0
1629028800 0 0 0 0
1629027000 0 0 0 0
1629025200 0 0 0 0
1629023400 0 0 0 0
1629021600 0 0 0 0
1629019800 0 0 0 0
1629018000 0 0 0 0
1629016200 0 0 0 0
1629014400 0 0 0 0
1629012600 0 0 0 0
1629010800 0 0 0 0
1629009000 0 0 0 0
1629007200 0 0 0 0
1629005400 0 0 0 0
1629003600 0 0 0 0
1629001800 0 0 0 0
1629000000 0 0 0 0
1628998200 0 0 0 0
1628996400 0 0 0 0
1628994600 0 0 0 0
1628992800 0 0 0 0
1628991000 0 0 0 0
1628989200 0 0 0 0
1628987400 0 0 0 0
1628985600 0 0 0 0
1628983800 0 0 0 0
1628982000 0 0 0 0
1628980200 0 0 0 0
1628978400 0 0 0 0
1628976600 0 0 0 0
1628974800 0 0 0 0
1628973000 0 0 0 0
1628971200 0 0 0 0
1628969400 0 0 0 0
1628967600 0 0 0 0
1628965800 0 0 0 0
1628964000 0 0 0 0
1628962200 0 0 0 0
1628960400 0 0 0 0
1628958600 0 0 0 0
1628956800 0 0 0 0
1628955000 0 0 0 0
1628953200 0 0 0 0
1628951400 0 0 0 0
1628949600 0 0 0 0
1628947800 0 0 0 0
1628946000 0 0 0 0
1628944200 0 0 0 0
1628942400 0 0 0 0
1628940600 0 0 0 0
1628938800 0 0 0 0
1628937000 0 0 0 0
1628935200 0 0 0 0
1628933400 0 0 0 0
1628931600 0 0 0 0
1628929800 0 0 0 0
1628928000 0 0 0 0
1628926200 0 0 0 0
1628924400 0 0 0 0
1628922600 0 0 0 0
1628920800 0 0 0 0
1628919000 0 0 0 0
1628917200 0 0 0 0
1628915400 0 0 0 0
1628913600 0 0 0 0
1628911800 0 0 0 0
1628910000 0 0 0 0
1628908200 0 0 0 0
1628906400 0 0 0 0
1628904600 0 0 0 0
1628902800 0 0 0 0
1628901000 0 0 0 0
1628899200 0 0 0 0
1628897400 0 0 0 0
1628895600 0 0 0 0
1628893800 0 0 0 0
1628892000 0 0 0 0
1628890200 0 0 0 0
1628888400 0 0 0 0
1628886600 0 0 0 0
1628884800 0 0 0 0
1628883000 0 0 0 0
1628881200 0 0 0 0
1628879400 0 0 0 0
1628877600 0 0 0 0
1628875800 0 0 0 0
1628874000 0 0 0 0
1628872200 0 0 0 0
1628870400 0 0 0 0
1628868600 0 0 0 0
1628866800 0 0 0 0
1628865000 0 0 0 0
1628863200 0 0 0 0
1628861400 0 0 0 0
1628859600 0 0 0 0
1628857800 0 0 0 0
1628856000 0 0 0 0
1628854200 0 0 0 0
1628852400 0 0 0 0
1628850600 0 0 0 0
1628848800 0 0 0 0
1628847000 0 0 0 0
1628845200 0 0 0 0
1628843400 0 0 0 0
1628841600 0 0 0 0
1628839800 0 0 0 0
1628838000 0 0 0 0
1628836200 0 0 0 0
1628834400 0 0 0 0
1628832600 0 0 0 0
1628830800 0 0 0 0
1628829000 0 0 0 0
1628827200 0 0 0 0
1628825400 0 0 0 0
1628823600 0 0 0 0
1628821800 0 0 0 0
1628820000 0 0 0 0
1628818200 0 0 0 0
1628816400 0 0 0 0
1628814600 0 0 0 0
1628812800 0 0 0 0
1628811000 0 0 0 0
1628809200 0 0 0 0
1628807400 0 0 0 0
1628805600 0 0 0 0
1628803800 0 0 0 0
1628802000 0 0 0 0
1628800200 0 0 0 0
1628798400 0 0 0 0
1628796600 0 0 0 0
1628794800 0 0 0 0
1628793000 0 0 0 0
1628791200 0 0 0 0
1628789400 0 0 0 0
1628787600 0 0 0 0
1628785800 0 0 0 0
1628784000 0 0 0 0
1628782200 0 0 0 0
1628780400 0 0 0 0
1628778600 0 0 0 0
1628776800 0 0 0 0
1628775000 0 0 0 0
1628773200 0 0 0 0
1628771400 0 0 0 0
1628769600 0 0 0 0
1628767800 0 0 0 0
1628766000 0 0 0 0
1628764200 0 0 0 0
1628762400 0 0 0 0
1628760600 0 0 0 0
1628758800 0 0 0 0
1628757000 0 0 0 0
1628755200 0 0 0 0
1628753400 0 0 0 0
1628751600 0 0 0 0
1628749800 0 0 0 0
1628748000 0 0 0 0
1628746200 0 0 0 0
1628744400 0 0 0 0
1628742600 0 0 0 0
1628740800 0 0 0 0
1628739000 0 0 0 0
1628737200 0 0 0 0
1628735400 0 0 0 0
1628733600 0 0 0 0
1628731800 0 0 0 0
1628730000 0 0 0 0
1628728200 0 0 0 0
1628726400 0 0 0 0
1628724600 0 0 0 0
1628722800 0 0 0 0
1628721000 0 0 0 0
1628719200 0 0 0 0
1628717400 0 0 0 0
1628715600 0 0 0 0
1628713800 0 0 0 0
1628712000 0 0 0 0
1628710200 0 0 0 0
1628708400 0 0 0 0
1628706600 0 0 0 0
1628704800 0 0 0 0
1628703000 0 0 0 0
1628701200 0 0 0 0
1628699400 0 0 0 0
1628697600 0 0 0 0
1628695800 0 0 0 0
1628694000 0 0 0 0
1628692200 0 0 0 0
1628690400 0 0 0 0
1628688600 0 0 0 0
1628686800 0 0 0 0
1628685000 0 0 0 0
1628683200 0 0 0 0
1628681400 0 0 0 0
1628679600 0 0 0 0
1628677800 0 0 0 0
1628676000 0 0 0 0
1628674200 0 0 0 0
1628672400 0 0 0 0
1628670600 0 0 0 0
1628668800 0 0 0 0
1628667000 0 0 0 0
1628665200 0 0 0 0
1628663400 0 0 0 0
1628661600 0 0 0 0
1628659800 0 0 0 0
1628658000 0 0 0 0
1628656200 0 0 0 0
1628654400 0 0 0 0
1628652600 0 0 0 0
1628650800 0 0 0 0
1628649000 0 0 0 0
1628647200 0 0 0 0
1628645400 0 0 0 0
1628643600 0 0 0 0
1628641800 0 0 0 0
1628640000 0 0 0 0
1628638200 0 0 0 0
1628636400 0 0 0 0
1628634600 0 0 0 0
1628632800 0 0 0 0
1628631000 0 0 0 0
1628629200 0 0 0 0
1628627400 0 0 0 0
1628625600 0 0 0 0
1628623800 0 0 0 0
1628622000 0 0 0 0
1628620200 0 0 0 0
1628618400 0 0 0 0
1628616600 0 0 0 0
1628614800 0 0 0 0
1628613000 0 0 0 0
1628611200 0 0 0 0
1628609400 0 0 0 0
1628607600 0 0 0 0
1628605800 0 0 0 0
1628604000 0 0 0 0
1628602200 0 0 0 0
1628600400 0 0 0 0
1628598600 0 0 0 0
1628596800 0 0 0 0
1628595000 0 0 0 0
1628593200 0 0 0 0
1628591400 0 0 0 0
1628589600 0 0 0 0
1628587800 0 0 0 0
1628586000 0 0 0 0
1628584200 0 0 0 0
1628582400 0 0 0 0
1628580600 0 0 0 0
1628578800 0 0 0 0
1628577000 0 0 0 0
1628575200 0 0 0 0
1628573400 0 0 0 0
1628571600 0 0 0 0
1628569800 0 0 0 0
1628568000 0 0 0 0
1628566200 0 0 0 0
1628564400 0 0 0 0
1628562600 0 0 0 0
1628560800 0 0 0 0
1628559000 0 0 0 0
1628557200 0 0 0 0
1628555400 0 0 0 0
1628553600 0 0 0 0
1628551800 0 0 0 0
1628550000 0 0 0 0
1628548200 0 0 0 0
1628546400 0 0 0 0
1628544600 0 0 0 0
1628542800 0 0 0 0
1628541000 0 0 0 0
1628539200 0 0 0 0
1628537400 0 0 0 0
1628535600 0 0 0 0
1628533800 0 0 0 0
1628532000 0 0 0 0
1628530200 0 0 0 0
1628528400 0 0 0 0
1628526600 0 0 0 0
1628524800 0 0 0 0
1628523000 0 0 0 0
1628521200 0 0 0 0
1628519400 0 0 0 0
1628517600 0 0 0 0
1628515800 0 0 0 0
1628514000 0 0 0 0
1628512200 0 0 0 0
1628510400 0 0 0 0
1628508600 0 0 0 0
1628506800 0 0 0 0
1628505000 0 0 0 0
1628503200 0 0 0 0
1628501400 0 0 0 0
1628499600 0 0 0 0
1628497800 0 0 0 0
1628496000 0 0 0 0
1628494200 0 0 0 0
1628492400 0 0 0 0
1628490600 0 0 0 0
1628488800 0 0 0 0
1628487000 0 0 0 0
1628485200 0 0 0 0
1628483400 0 0 0 0
1628481600 0 0 0 0
1628479800 0 0 0 0
1628478000 0 0 0 0
1628476200 0 0 0 0
1628474400 0 0 0 0
1628472600 0 0 0 0
1628470800 0 0 0 0
1628469000 0 0 0 0
1628467200 0 0 0 0
1628465400 0 0 0 0
1628463600 0 0 0 0
1628461800 0 0 0 0
1628460000 0 0 0 0
1628458200 0 0 0 0
1628456400 0 0 0 0
1628454600 0 0 0 0
1628452800 0 0 0 0
1628451000 0 0 0 0
1628449200 0 0 0 0
1628447400 0 0 0 0
1628445600 0 0 0 0
1628443800 0 0 0 0
1628442000 0 0 0 0
1628440200 0 0 0 0
1628438400 0 0 0 0
1628436600 0 0 0 0
1628434800 0 0 0 0
1628433000 0 0 0 0
1628431200 0 0 0 0
1628429400 0 0 0 0
1628427600 0 0 0 0
1628425800 0 0 0 0
1628424000 0 0 0 0
1628422200 0 0 0 0
1628420400 0 0 0 0
1628418600 0 0 0 0
1628416800 0 0 0 0
1628415000 0 0 0 0
1628413200 0 0 0 0
1628411400 0 0 0 0
1628409600 0 0 0 0
1628407800 0 0 0 0
1628406000 0 0 0 0
1628404200 0 0 0 0
1628402400 0 0 0 0
1628400600 0 0 0 0
1628398800 0 0 0 0
1628397000 0 0 0 0
1628395200 0 0 0 0
1628393400 0 0 0 0
1628391600 0 0 0 0
1628389800 0 0 0 0
1628388000 0 0 0 0
1628386200 0 0 0 0
1628384400 0 0 0 0
1628382600 0 0 0 0
1628380800 0 0 0 0
1628379000 0 0 0 0
1628377200 0 0 0 0
1628375400 0 0 0 0
1628373600 0 0 0 0
1628371800 0 0 0 0
1628370000 0 0 0 0
1628368200 0 0 0 0
1628366400 0 0 0 0
1628364600 0 0 0 0
1628362800 0 0 0 0
1628361000 0 0 0 0
1628359200 0 0 0 0
1628357400 0 0 0 0
1628355600 0 0 0 0
1628353800 0 0 0 0
1628352000 0 0 0 0
1628350200 0 0 0 0
1628348400 0 0 0 0
1628346600 0 0 0 0
1628344800 0 0 0 0
1628343000 0 0 0 0
1628341200 0 0 0 0
1628339400 0 0 0 0
1628337600 0 0 0 0
1628335800 0 0 0 0
1628334000 0 0 0 0
1628332200 0 0 0 0
1628330400 0 0 0 0
1628328600 0 0 0 0
1628326800 0 0 0 0
1628325000 0 0 0 0
1628323200 0 0 0 0
1628321400 0 0 0 0
1628319600 0 0 0 0
1628317800 0 0 0 0
1628316000 0 0 0 0
1628314200 0 0 0 0
1628312400 0 0 0 0
1628310600 0 0 0 0
1628308800 0 0 0 0
1628307000 0 0 0 0
1628305200 0 0 0 0
1628303400 0 0 0 0
1628301600 0 0 0 0
1628299800 0 0 0 0
1628298000 0 0 0 0
1628296200 0 0 0 0
1628294400 0 0 0 0
1628292600 0 0 0 0
1628290800 0 0 0 0
1628289000 0 0 0 0
1628287200 0 0 0 0
1628285400 0 0 0 0
1628283600 0 0 0 0
1628281800 0 0 0 0
1628280000 0 0 0 0
1628278200 0 0 0 0
1628276400 0 0 0 0
1628274600 0 0 0 0
1628272800 0 0 0 0
1628271000 0 0 0 0
1628269200 0 0 0 0
1628267400 0 0 0 0
1628265600 0 0 0 0
1628263800 0 0 0 0
1628262000 0 0 0 0
1628260200 0 0 0 0
1628258400 0 0 0 0
1628256600 0 0 0 0
1628254800 0 0 0 0
1628253000 0 0 0 0
1628251200 0 0 0 0
1628249400 0 0 0 0
1628247600 0 0 0 0
1628245800 0 0 0 0
1628244000 0 0 0 0
1628242200 0 0 0 0
1628240400 0 0 0 0
1628238600 0 0 0 0
1628236800 0 0 0 0
1628235000 0 0 0 0
1628233200 0 0 0 0
1628231400 0 0 0 0
1628229600 0 0 0 0
1628227800 0 0 0 0
1628226000 0 0 0 0
1628224200 0 0 0 0
1628222400 0 0 0 0
1628220600 0 0 0 0
1628218800 0 0 0 0
1628217000 0 0 0 0
1628215200 0 0 0 0
1628213400 0 0 0 0
1628211600 0 0 0 0
1628209800 0 0 0 0
1628208000 0 0 0 0
1628206200 0 0 0 0
1628204400 0 0 0 0
1628202600 0 0 0 0
1628200800 0 0 0 0
1628199000 0 0 0 0
1628197200 0 0 0 0
1628195400 0 0 0 0
1628193600 0 0 0 0
1628191800 0 0 0 0
1628190000 0 0 0 0
1628188200 0 0 0 0
1628186400 0 0 0 0
1628184600 0 0 0 0
1628182800 0 0 0 0
1628181000 0 0 0 0
1628179200 0 0 0 0
1628177400 0 0 0 0
1628175600 0 0 0 0
1628173800 0 0 0 0
1628172000 0 0 0 0
1628170200 0 0 0 0
1628168400 0 0 0 0
1628166600 0 0 0 0
1628164800 0 0 0 0
1628163000 0 0 0 0
1628161200 0 0 0 0
1628159400 0 0 0 0
1628157600 6 6 20 20
1628155800 0 0 0 0
1628154000 0 0 0 0
1628152200 0 0 0 0
1628150400 0 0 0 0
1628148600 0 0 0 0
1628146800 0 0 0 0
1628145000 0 0 0 0
1628143200 0 0 0 0
1628141400 0 0 0 0
1628139600 0 0 0 0
1628137800 0 0 0 0
1628136000 0 0 0 0
1628134200 0 0 0 0
1628132400 0 0 0 0
1628130600 0 0 0 0
1628128800 0 0 0 0
1628127000 0 0 0 0
1628125200 0 0 0 0
1628123400 0 0 0 0
1628121600 0 0 0 0
1628119800 0 0 0 0
1628118000 0 0 0 0
1628116200 0 0 0 0
1628114400 0 0 0 0
1628112600 0 0 0 0
1628110800 0 0 0 0
1628109000 0 0 0 0
1628107200 0 0 0 0
1628105400 0 0 0 0
1628103600 0 0 0 0
1628101800 0 0 0 0
1628100000 0 0 0 0
1628098200 0 0 0 0
1628096400 0 0 0 0
1628094600 0 0 0 0
1628092800 0 0 0 0
1628091000 0 0 0 0
1628089200 0 0 0 0
1628087400 0 0 0 0
1628085600 0 0 0 0
1628083800 0 0 0 0
1628082000 0 0 0 0
1628080200 0 0 0 0
1628078400 0 0 0 0
1628076600 0 0 0 0
1628074800 0 0 0 0
1628073000 0 0 0 0
1628071200 0 0 0 0
1628069400 0 0 0 0
1628067600 0 0 0 0
1628065800 0 0 0 0
1628064000 0 0 0 0
1628062200 0 0 0 0
1628060400 0 0 0 0
1628058600 0 0 0 0
1628056800 0 0 0 0
1628055000 0 0 0 0
1628053200 0 0 0 0
1628051400 0 0 0 0
1628049600 0 0 0 0
1628047800 0 0 0 0
1628046000 0 0 0 0
1628044200 0 0 0 0
1628042400 0 0 0 0
1628040600 0 0 0 0
1628038800 0 0 0 0
1628037000 0 0 0 0
1628035200 0 0 0 0
1628033400 0 0 0 0
1628031600 0 0 0 0
1628029800 0 0 0 0
1628028000 0 0 0 0
1628026200 0 0 0 0
1628024400 0 0 0 0
1628022600 0 0 0 0
1628020800 0 0 0 0
1628019000 0 0 0 0
1628017200 0 0 0 0
1628013600 0 0 0 0
1628006400 0 0 0 0
1627999200 0 0 0 0
1627992000 0 0 0 0
1627984800 0 0 0 0
1627977600 0 0 0 0
1627970400 0 0 0 0
1627963200 0 0 0 0
1627956000 0 0 0 0
1627948800 0 0 0 0
1627941600 0 0 0 0
1627934400 0 0 0 0
1627927200 0 0 0 0
1627920000 0 0 0 0
1627912800 0 0 0 0
1627905600 0 0 0 0
1627898400 0 0 0 0
1627891200 52 52 417 417
1627884000 0 0 0 0
1627876800 0 0 0 0
1627869600 0 0 0 0
1627862400 0 0 0 0
1627855200 0 0 0 0
1627848000 0 0 0 0
1627840800 0 0 0 0
1627833600 0 0 0 0
1627826400 0 0 0 0
1627819200 0 0 0 0
1627812000 0 0 0 0
1627804800 0 0 0 0
1627797600 0 0 0 0
1627790400 6 6 40 40
1627783200 8 8 29 29
1627776000 7 7 29 29
1627768800 0 0 0 0
1627761600 0 0 0 0
1627754400 0 0 0 0
1627747200 0 0 0 0
1627740000 0 0 0 0
1627732800 0 0 0 0
1627725600 0 0 0 0
1627718400 0 0 0 0
1627711200 0 0 0 0
1627704000 0 0 0 0
1627696800 0 0 0 0
1627689600 0 0 0 0
1627682400 0 0 0 0
1627675200 0 0 0 0
1627668000 0 0 0 0
1627660800 0 0 0 0
1627653600 0 0 0 0
1627646400 0 0 0 0
1627639200 0 0 0 0
1627632000 0 0 0 0
1627624800 0 0 0 0
1627617600 0 0 0 0
1627610400 0 0 0 0
1627603200 0 0 0 0
1627596000 0 0 0 0
1627588800 0 0 0 0
1627581600 0 0 0 0
1627574400 0 0 0 0
1627567200 0 0 0 0
1627560000 0 0 0 0
1627552800 0 0 0 0
1627545600 0 0 0 0
1627538400 0 0 0 0
1627531200 0 0 0 0
1627524000 0 0 0 0
1627516800 0 0 0 0
1627509600 0 0 0 0
1627502400 0 0 0 0
1627495200 0 0 0 0
1627488000 0 0 0 0
1627480800 0 0 0 0
1627473600 0 0 0 0
1627466400 0 0 0 0
1627459200 7 7 92 92
1627452000 0 0 0 0
1627444800 0 0 0 0
1627437600 0 0 0 0
1627430400 0 0 0 0
1627423200 0 0 0 0
1627416000 0 0 0 0
1627408800 0 0 0 0
1627401600 0 0 0 0
1627394400 0 0 0 0
1627387200 0 0 0 0
1627380000 0 0 0 0
1627372800 0 0 0 0
1627365600 0 0 0 0
1627358400 0 0 0 0
1627351200 0 0 0 0
1627344000 0 0 0 0
1627336800 0 0 0 0
1627329600 0 0 0 0
1627322400 0 0 0 0
1627315200 0 0 0 0
1627308000 0 0 0 0
1627300800 0 0 0 0
1627293600 0 0 0 0
1627286400 0 0 0 0
1627279200 0 0 0 0
1627272000 6 6 53 53
1627264800 0 0 0 0
1627257600 0 0 0 0
1627250400 0 0 0 0
1627243200 0 0 0 0
1627236000 0 0 0 0
1627228800 0 0 0 0
1627221600 0 0 0 0
1627214400 0 0 0 0
1627207200 0 0 0 0
1627200000 0 0 0 0
1627192800 0 0 0 0
1627185600 0 0 0 0
1627178400 0 0 0 0
1627171200 0 0 0 0
1627164000 0 0 0 0
1627156800 0 0 0 0
1627149600 0 0 0 0
1627142400 0 0 0 0
1627135200 0 0 0 0
1627128000 0 0 0 0
1627120800 0 0 0 0
1627113600 0 0 0 0
1627106400 0 0 0 0
1627099200 0 0 0 0
1627092000 0 0 0 0
1627084800 0 0 0 0
1627077600 0 0 0 0
1627070400 0 0 0 0
1627063200 0 0 0 0
1627056000 0 0 0 0
1627048800 0 0 0 0
1627041600 0 0 0 0
1627034400 0 0 0 0
1627027200 0 0 0 0
1627020000 0 0 0 0
1627012800 0 0 0 0
1627005600 0 0 0 0
1626998400 0 0 0 0
1626991200 0 0 0 0
1626984000 0 0 0 0
1626976800 0 0 0 0
1626969600 0 0 0 0
1626962400 0 0 0 0
1626955200 0 0 0 0
1626948000 0 0 0 0
1626940800 0 0 0 0
1626933600 0 0 0 0
1626926400 0 0 0 0
1626919200 0 0 0 0
1626912000 0 0 0 0
1626904800 0 0 0 0
1626897600 0 0 0 0
1626890400 0 0 0 0
1626883200 0 0 0 0
1626876000 0 0 0 0
1626868800 0 0 0 0
1626861600 0 0 0 0
1626854400 0 0 0 0
1626847200 0 0 0 0
1626840000 0 0 0 0
1626832800 0 0 0 0
1626825600 0 0 0 0
1626818400 0 0 0 0
1626811200 0 0 0 0
1626804000 0 0 0 0
1626796800 0 0 0 0
1626789600 0 0 0 0
1626782400 0 0 0 0
1626775200 0 0 0 0
1626768000 0 0 0 0
1626760800 0 0 0 0
1626753600 0 0 0 0
1626746400 0 0 0 0
1626739200 0 0 0 0
1626732000 0 0 0 0
1626724800 0 0 0 0
1626717600 0 0 0 0
1626710400 0 0 0 0
1626703200 0 0 0 0
1626696000 0 0 0 0
1626688800 0 0 0 0
1626681600 0 0 2 2
1626674400 0 0 0 0
1626667200 0 0 0 0
1626660000 0 0 0 0
1626652800 0 0 0 0
1626645600 0 0 0 0
1626638400 0 0 0 0
1626631200 0 0 0 0
1626624000 0 0 0 0
1626616800 0 0 0 0
1626609600 0 0 0 0
1626602400 0 0 0 0
1626595200 4 4 20 20
1626588000 0 0 5 5
1626580800 0 0 0 0
1626573600 0 0 0 0
1626566400 0 0 0 0
1626559200 0 0 0 0
1626552000 0 0 0 0
1626544800 0 0 0 0
1626537600 0 0 0 0
1626530400 0 0 0 0
1626523200 0 0 0 0
1626516000 0 0 0 0
1626508800 0 0 0 0
1626501600 0 0 0 0
1626494400 0 0 0 0
1626487200 0 0 0 0
1626480000 0 0 0 0
1626472800 0 0 0 0
1626465600 0 0 0 0
1626458400 0 0 0 0
1626451200 0 0 0 0
1626444000 0 0 0 0
1626436800 0 0 0 0
1626429600 0 0 0 0
1626422400 0 0 0 0
1626415200 0 0 0 0
1626408000 0 0 0 0
1626400800 0 0 0 0
1626393600 0 0 0 0
1626386400 0 0 0 0
1626379200 0 0 0 0
1626372000 0 0 0 0
1626364800 0 0 0 0
1626357600 0 0 0 0
1626350400 0 0 0 0
1626343200 0 0 0 0
1626336000 0 0 0 0
1626328800 0 0 0 0
1626321600 0 0 0 0
1626314400 0 0 0 0
1626307200 0 0 0 0
1626300000 0 0 0 0
1626292800 0 0 0 0
1626285600 0 0 0 0
1626278400 0 0 0 0
1626271200 0 0 0 0
1626264000 0 0 0 0
1626256800 0 0 0 0
1626249600 0 0 0 0
1626242400 0 0 0 0
1626235200 0 0 0 0
1626228000 0 0 0 0
1626220800 0 0 0 0
1626213600 0 0 0 0
1626206400 0 0 0 0
1626199200 0 0 0 0
1626192000 0 0 0 0
1626184800 0 0 0 0
1626177600 0 0 0 0
1626170400 0 0 0 0
1626163200 0 0 0 0
1626156000 0 0 0 0
1626148800 0 0 0 0
1626141600 0 0 0 0
1626134400 0 0 0 0
1626127200 0 0 0 0
1626120000 0 0 0 0
1626112800 0 0 0 0
1626105600 0 0 0 0
1626098400 0 0 0 0
1626091200 0 0 0 0
1626084000 0 0 0 0
1626076800 0 0 0 0
1626069600 0 0 0 0
1626062400 0 0 0 0
1626055200 0 0 0 0
1626048000 0 0 0 0
1626040800 0 0 0 0
1626033600 0 0 0 0
1626026400 0 0 0 0
1626019200 0 0 0 0
1626012000 0 0 0 0
1626004800 0 0 0 0
1625997600 0 0 0 0
1625990400 0 0 0 0
1625983200 0 0 0 0
1625976000 0 0 0 0
1625968800 0 0 0 0
1625961600 0 0 0 0
1625954400 0 0 0 0
1625947200 0 0 0 0
1625940000 0 0 0 0
1625932800 0 0 0 0
1625925600 0 0 0 0
1625918400 0 0 0 0
1625911200 0 0 0 0
1625904000 0 0 0 0
1625896800 0 0 0 0
1625889600 0 0 0 0
1625882400 0 0 0 0
1625875200 0 0 0 0
1625868000 0 0 0 0
1625860800 0 0 0 0
1625853600 0 0 0 0
1625846400 0 0 0 0
1625839200 0 0 0 0
1625832000 0 0 0 0
1625824800 0 0 0 0
1625817600 0 0 0 0
1625810400 0 0 0 0
1625803200 0 0 0 0
1625796000 0 0 0 0
1625788800 0 0 0 0
1625781600 0 0 0 0
1625774400 0 0 0 0
1625767200 0 0 0 0
1625760000 0 0 0 0
1625752800 0 0 0 0
1625745600 0 0 0 0
1625738400 0 0 0 0
1625731200 0 0 0 0
1625724000 0 0 0 0
1625716800 0 0 0 0
1625709600 0 0 0 0
1625702400 0 0 0 0
1625695200 0 0 0 0
1625688000 0 0 0 0
1625680800 0 0 0 0
1625673600 0 0 0 0
1625666400 0 0 0 0
1625659200 0 0 0 0
1625652000 0 0 0 0
1625644800 0 0 0 0
1625637600 0 0 0 0
1625630400 0 0 0 0
1625623200 0 0 0 0
1625616000 0 0 0 0
1625608800 0 0 0 0
1625601600 0 0 0 0
1625594400 0 0 0 0
1625587200 0 0 0 0
1625580000 0 0 0 0
1625572800 0 0 0 0
1625565600 0 0 0 0
1625558400 0 0 0 0
1625551200 0 0 0 0
1625544000 0 0 0 0
1625536800 0 0 0 0
1625529600 0 0 0 0
1625522400 0 0 0 0
1625515200 0 0 0 0
1625508000 0 0 0 0
1625500800 0 0 0 0
1625493600 0 0 0 0
1625486400 0 0 0 0
1625479200 0 0 0 0
1625472000 0 0 0 0
1625464800 0 0 0 0
1625457600 0 0 0 0
1625450400 0 0 0 0
1625443200 0 0 0 0
1625436000 0 0 0 0
1625428800 0 0 0 0
1625421600 0 0 0 0
1625414400 0 0 0 0
1625407200 0 0 0 0
1625400000 0 0 0 0
1625392800 0 0 0 0
1625385600 0 0 0 0
1625378400 0 0 0 0
1625371200 0 0 0 0
1625364000 0 0 0 0
1625356800 0 0 0 0
1625349600 0 0 0 0
1625342400 0 0 0 0
1625335200 0 0 0 0
1625328000 0 0 0 0
1625320800 0 0 0 0
1625313600 0 0 0 0
1625306400 0 0 0 0
1625299200 0 0 0 0
1625292000 0 0 0 0
1625284800 0 0 0 0
1625277600 0 0 0 0
1625270400 0 0 0 0
1625263200 0 0 0 0
1625256000 0 0 0 0
1625248800 0 0 0 0
1625241600 0 0 0 0
1625234400 0 0 0 0
1625227200 0 0 0 0
1625220000 0 0 0 0
1625212800 0 0 0 0
1625205600 0 0 0 0
1625198400 0 0 0 0
1625191200 0 0 0 0
1625184000 0 0 0 0
1625176800 0 0 0 0
1625169600 0 0 0 0
1625162400 0 0 0 0
1625155200 0 0 0 0
1625148000 0 0 0 0
1625140800 0 0 0 0
1625133600 0 0 0 0
1625126400 0 0 0 0
1625119200 0 0 0 0
1625112000 0 0 0 0
1625104800 0 0 0 0
1625097600 0 0 0 0
1625090400 0 0 0 0
1625083200 0 0 0 0
1625076000 0 0 0 0
1625068800 0 0 0 0
1625061600 0 0 0 0
1625054400 0 0 0 0
1625047200 0 0 0 0
1625040000 0 0 0 0
1625032800 0 0 0 0
1625025600 0 0 0 0
1625018400 0 0 0 0
1625011200 0 0 0 0
1625004000 0 0 0 0
1624996800 0 0 0 0
1624989600 0 0 0 0
1624982400 0 0 0 0
1624975200 0 0 0 0
1624968000 0 0 0 0
1624960800 0 0 0 0
1624953600 0 0 0 0
1624946400 0 0 0 0
1624939200 0 0 0 0
1624932000 0 0 0 0
1624924800 0 0 0 0
1624917600 0 0 0 0
1624910400 0 0 0 0
1624903200 0 0 0 0
1624896000 0 0 0 0
1624888800 0 0 0 0
1624881600 0 0 0 0
1624874400 0 0 0 0
1624867200 0 0 0 0
1624860000 0 0 0 0
1624852800 0 0 0 0
1624845600 0 0 0 0
1624838400 0 0 0 0
1624831200 0 0 0 0
1624824000 0 0 0 0
1624816800 0 0 0 0
1624809600 0 0 0 0
1624802400 0 0 0 0
1624795200 0 0 0 0
1624788000 0 0 0 0
1624780800 0 0 0 0
1624773600 0 0 0 0
1624766400 0 0 0 0
1624759200 0 0 0 0
1624752000 0 0 0 0
1624744800 0 0 0 0
1624737600 0 0 0 0
1624730400 0 0 0 0
1624723200 0 0 0 0
1624716000 0 0 0 0
1624708800 0 0 0 0
1624701600 0 0 0 0
1624694400 0 0 0 0
1624687200 0 0 0 0
1624680000 0 0 0 0
1624672800 0 0 0 0
1624665600 0 0 0 0
1624658400 0 0 0 0
1624651200 0 0 0 0
1624644000 0 0 0 0
1624636800 0 0 0 0
1624629600 0 0 0 0
1624622400 0 0 0 0
1624615200 0 0 0 0
1624608000 0 0 0 0
1624600800 0 0 0 0
1624593600 0 0 0 0
1624586400 0 0 0 0
1624579200 0 0 0 0
1624572000 0 0 0 0
1624564800 0 0 0 0
1624557600 0 0 0 0
1624550400 0 0 0 0
1624543200 0 0 0 0
1624536000 0 0 0 0
1624528800 0 0 0 0
1624521600 0 0 0 0
1624514400 0 0 0 0
1624507200 0 0 0 0
1624500000 0 0 0 0
1624492800 0 0 0 0
1624485600 0 0 0 0
1624478400 0 0 0 0
1624471200 0 0 0 0
1624464000 0 0 0 0
1624456800 0 0 0 0
1624449600 0 0 0 0
1624442400 0 0 0 0
1624435200 0 0 0 0
1624428000 0 0 0 0
1624420800 0 0 0 0
1624413600 0 0 0 0
1624406400 0 0 0 0
1624399200 0 0 0 0
1624392000 0 0 0 0
1624384800 0 0 0 0
1624377600 0 0 0 0
1624370400 0 0 0 0
1624363200 0 0 0 0
1624356000 0 0 0 0
1624348800 0 0 0 0
1624341600 0 0 0 0
1624334400 0 0 0 0
1624327200 0 0 0 0
1624320000 0 0 0 0
1624312800 0 0 0 0
1624305600 0 0 0 0
1624298400 0 0 0 0
1624291200 0 0 0 0
1624284000 0 0 0 0
1624276800 0 0 0 0
1624269600 0 0 0 0
1624262400 0 0 0 0
1624255200 0 0 0 0
1624248000 0 0 0 0
1624240800 0 0 0 0
1624233600 0 0 0 0
1624226400 0 0 0 0
1624219200 0 0 0 0
1624212000 0 0 0 0
1624204800 0 0 0 0
1624197600 0 0 0 0
1624190400 0 0 0 0
1624183200 0 0 0 0
1624176000 0 0 0 0
1624168800 0 0 0 0
1624161600 0 0 0 0
1624154400 0 0 0 0
1624147200 0 0 0 0
1624140000 0 0 0 0
1624132800 0 0 0 0
1624125600 0 0 0 0
1624118400 0 0 0 0
1624111200 0 0 0 0
1624104000 0 0 0 0
1624096800 0 0 0 0
1624089600 0 0 0 0
1624082400 0 0 0 0
1624075200 0 0 0 0
1624068000 0 0 0 0
1624060800 0 0 0 0
1624053600 0 0 0 0
1624046400 0 0 0 0
1624039200 0 0 0 0
1624032000 0 0 0 0
1624024800 0 0 0 0
1624017600 0 0 0 0
1624010400 0 0 0 0
1624003200 0 0 0 0
1623996000 0 0 0 0
1623988800 0 0 0 0
1623981600 0 0 0 0
1623974400 0 0 0 0
1623967200 0 0 0 0
1623960000 0 0 0 0
1623952800 0 0 0 0
1623945600 0 0 0 0
1623938400 0 0 0 0
1623931200 0 0 0 0
1623924000 0 0 0 0
1623916800 0 0 0 0
1623909600 0 0 0 0
1623902400 0 0 0 0
1623895200 0 0 0 0
1623888000 0 0 0 0
1623880800 0 0 0 0
1623873600 0 0 0 0
1623866400 0 0 0 0
1623859200 0 0 0 0
1623852000 0 0 0 0
1623844800 0 0 0 0
1623837600 0 0 0 0
1623830400 0 0 0 0
1623823200 0 0 0 0
1623816000 0 0 0 0
1623808800 0 0 0 0
1623801600 0 0 0 0
1623794400 0 0 0 0
1623787200 0 0 0 0
1623780000 0 0 0 0
1623772800 0 0 0 0
1623765600 0 0 0 0
1623758400 0 0 0 0
1623751200 0 0 0 0
1623744000 0 0 0 0
1623736800 0 0 0 0
1623729600 0 0 0 0
1623722400 0 0 0 0
1623715200 0 0 0 0
1623708000 0 0 0 0
1623700800 0 0 0 0
1623693600 0 0 0 0
1623628800 0 0 0 0
1623542400 0 0 0 0
1623456000 0 0 0 0
1623369600 0 0 0 0
1623283200 0 0 2 2
1623196800 0 0 0 0
1623110400 0 0 1 1
1623024000 0 0 0 0
1622937600 0 0 0 0
1622851200 0 0 1 1
1622764800 0 0 0 0
1622678400 0 0 0 0
1622592000 0 0 0 0
1622505600 0 0 0 0
1622419200 65 65 264 264
1622332800 74 74 390 390
1622246400 0 0 92 92
1622160000 0 0 0 0
1622073600 0 0 0 0
1621987200 0 0 0 0
1621900800 0 0 27 27
1621814400 0 0 0 0
1621728000 0 0 0 0
1621641600 0 0 0 0
1621555200 36 36 4033 4033
1621468800 1 1 524 524
1621382400 0 0 64 64
1621296000 0 0 7 7
1621209600 0 0 0 0
1621123200 0 0 0 0
1621036800 0 0 0 0
1620950400 0 0 0 0
1620864000 0 0 0 0
1620777600 0 0 0 0
1620691200 178 178 6731 6731
1620604800 286 286 650 650
1620518400 297 297 582 582
1620432000 276 276 606 606
1620345600 61 61 2847 2847
1620259200 0 0 0 0
1620172800 0 0 0 0
1620086400 1 1 86 86
1620000000 0 0 0 0
1619913600 0 0 0 0
1619827200 118 118 418 418
1619740800 93 93 358 358
1619654400 0 0 0 0
1619568000 88 88 417 417
1619481600 237 237 10503 10503
1619395200 54 54 297 297
1619308800 0 0 0 0
1619222400 0 0 144 144
1619136000 0 0 0 0
1619049600 0 0 2 2
1618963200 0 0 0 0
1618876800 0 0 0 0
1618790400 0 0 94 94
1618704000 0 0 2 2
1618617600 0 0 0 0
1618531200 0 0 0 0
1618444800 0 0 0 0
1618358400 0 0 0 0
1618272000 14 14 356 356
1618185600 70 70 219 219
1618099200 0 0 0 0
1618012800 0 0 0 0
1617926400 0 0 0 0
1617840000 0 0 0 0
1617753600 58 58 491 491
1617667200 87 87 468 468
1617580800 0 0 0 0
1617494400 0 0 0 0
1617408000 0 0 0 0
1617321600 0 0 0 0
1617235200 0 0 0 0
1617148800 0 0 0 0
1617062400 0 0 0 0
1616976000 0 0 0 0
1616889600 0 0 0 0
1616803200 0 0 0 0
1616716800 0 0 0 0
1616630400 98 98 264 264
1616544000 154 154 274 274
1616457600 0 0 9 9
1616371200 0 0 0 0
1616284800 0 0 0 0
1616198400 0 0 0 0
1616112000 0 0 0 0
1616025600 0 0 0 0
1615939200 0 0 0 0
1615852800 0 0 0 0
1615766400 0 0 0 0
1615680000 0 0 0 0
1615593600 0 0 0 0
1615507200 0 0 0 0
1615420800 0 0 0 0
1615334400 0 0 0 0
1615248000 0 0 0 0
1615161600 0 0 0 0
1615075200 0 0 0 0
1614988800 0 0 0 0
1614902400 0 0 0 0
1614816000 0 0 0 0
1614729600 0 0 0 0
1614643200 0 0 0 0
1614556800 0 0 0 0
1614470400 0 0 0 0
1614384000 0 0 0 0
1614297600 0 0 0 0
1614211200 0 0 0 0
1614124800 0 0 0 0
1614038400 0 0 0 0
1613952000 0 0 0 0
1613865600 0 0 0 0
1613779200 0 0 0 0
1613692800 0 0 0 0
1613606400 0 0 0 0
1613520000 0 0 0 0
1613433600 0 0 0 0
1613347200 0 0 0 0
1613260800 0 0 0 0
1613174400 0 0 0 0
1613088000 0 0 0 0
1613001600 0 0 0 0
1612915200 0 0 0 0
1612828800 0 0 0 0
1612742400 0 0 0 0
1612656000 0 0 0 0
1612569600 0 0 0 0
1612483200 0 0 0 0
1612396800 0 0 0 0
1612310400 0 0 0 0
1612224000 0 0 0 0
1612137600 0 0 0 0
1612051200 0 0 0 0
1611964800 0 0 0 0
1611878400 0 0 0 0
1611792000 0 0 0 0
1611705600 0 0 0 0
1611619200 0 0 0 0
1611532800 0 0 0 0
1611446400 0 0 0 0
1611360000 0 0 0 0
1611273600 0 0 0 0
1611187200 0 0 0 0
1611100800 0 0 0 0
1611014400 0 0 0 0
1610928000 0 0 0 0
1610841600 0 0 0 0
1610755200 0 0 0 0
1610668800 0 0 0 0
1610582400 0 0 0 0
1610496000 0 0 0 0
1610409600 0 0 0 0
1610323200 0 0 0 0
1610236800 0 0 0 0
1610150400 0 0 0 0
1610064000 0 0 0 0
1609977600 0 0 0 0
1609891200 0 0 0 0
1609804800 0 0 0 0
1609718400 0 0 0 0
1609632000 0 0 0 0
1609545600 0 0 0 0
1609459200 0 0 0 0
1609372800 0 0 0 0
1609286400 0 0 0 0
1609200000 0 0 0 0
1609113600 0 0 0 0
1609027200 0 0 0 0
1608940800 0 0 0 0
1608854400 0 0 0 0
1608768000 0 0 0 0
1608681600 0 0 0 0
1608595200 0 0 0 0
1608508800 0 0 0 0
1608422400 0 0 0 0
1608336000 0 0 0 0
1608249600 0 0 0 0
1608163200 0 0 0 0
1608076800 0 0 0 0
1607990400 0 0 0 0
1607904000 0 0 0 0
1607817600 0 0 0 0
1607731200 0 0 0 0
1607644800 0 0 0 0
1607558400 0 0 0 0
1607472000 0 0 0 0
1607385600 0 0 0 0
1607299200 0 0 0 0
1607212800 0 0 0 0
1607126400 0 0 0 0
1607040000 0 0 0 0
1606953600 0 0 0 0
1606867200 0 0 0 0
1606780800 0 0 0 0
1606694400 0 0 0 0
1606608000 0 0 0 0
1606521600 0 0 0 0
1606435200 0 0 0 0
1606348800 0 0 0 0
1606262400 0 0 0 0
1606176000 0 0 0 0
1606089600 0 0 0 0
1606003200 0 0 0 0
1605916800 0 0 0 0
1605830400 0 0 0 0
1605744000 0 0 0 0
1605657600 0 0 0 0
1605571200 0 0 0 0
1605484800 0 0 0 0
1605398400 0 0 0 0
1605312000 0 0 0 0
1605225600 0 0 0 0
1605139200 0 0 0 0
1605052800 0 0 0 0
1604966400 0 0 0 0
1604880000 0 0 0 0
1604793600 0 0 0 0
1604707200 0 0 0 0
1604620800 0 0 0 0
1604534400 0 0 0 0
1604448000 0 0 0 0
1604361600 0 0 0 0
1604275200 0 0 0 0
1604188800 0 0 0 0
1604102400 0 0 0 0
1604016000 0 0 0 0
1603929600 0 0 0 0
1603843200 0 0 0 0
1603756800 0 0 0 0
1603670400 0 0 0 0
1603584000 0 0 0 0
1603497600 0 0 0 0
1603411200 0 0 0 0
1603324800 0 0 0 0
1603238400 0 0 0 0
1603152000 0 0 0 0
1603065600 0 0 0 0
1602979200 0 0 0 0
1602892800 0 0 0 0
1602806400 0 0 0 0
1602720000 0 0 0 0
1602633600 0 0 0 0
1602547200 0 0 0 0
1602460800 0 0 0 0
1602374400 0 0 0 0
1602288000 0 0 0 0
1602201600 0 0 0 0
1602115200 0 0 0 0
1602028800 0 0 0 0
1601942400 0 0 0 0
1601856000 0 0 0 0
1601769600 0 0 0 0
1601683200 0 0 0 0
1601596800 0 0 0 0
1601510400 0 0 0 0
1601424000 0 0 0 0
1601337600 0 0 0 0
1601251200 0 0 0 0
1601164800 0 0 0 0
1601078400 0 0 0 0
1600992000 0 0 0 0
1600905600 0 0 0 0
1600819200 0 0 0 0
1600732800 0 0 0 0
1600646400 0 0 0 0
1600560000 0 0 0 0
1600473600 0 0 0 0
1600387200 0 0 0 0
1600300800 0 0 0 0
1600214400 0 0 0 0
1600128000 0 0 0 0
1600041600 0 0 0 0
1599955200 0 0 0 0
1599868800 0 0 0 0
1599782400 0 0 0 0
1599696000 0 0 0 0
1599609600 0 0 0 0
1599523200 0 0 0 0
1599436800 0 0 0 0
1599350400 0 0 0 0
1599264000 0 0 0 0
1599177600 0 0 0 0
1599091200 0 0 0 0
1599004800 0 0 0 0
1598918400 0 0 0 0
1598832000 0 0 0 0
1598745600 0 0 0 0
1598659200 0 0 0 0
1598572800 0 0 0 0
1598486400 0 0 0 0
1598400000 0 0 0 0
1598313600 0 0 0 0
1598227200 0 0 0 0
1598140800 0 0 0 0
1598054400 0 0 0 0
1597968000 0 0 0 0
1597881600 0 0 0 0
1597795200 0 0 0 0
1597708800 0 0 0 0
1597622400 0 0 0 0
1597536000 0 0 0 0
1597449600 0 0 0 0
1597363200 0 0 0 0
1597276800 0 0 0 0
1597190400 0 0 0 0
1597104000 0 0 0 0
1597017600 0 0 0 0
1596931200 0 0 0 0
1596844800 0 0 0 0
1596758400 0 0 0 0
1596672000 0 0 0 0
1596585600 0 0 0 0
1596499200 0 0 0 0
1596412800 0 0 0 0
1596326400 0 0 0 0
1596240000 0 0 0 0
1596153600 0 0 0 0
1596067200 0 0 0 0
1595980800 0 0 0 0
1595894400 0 0 0 0
1595808000 0 0 0 0
1595721600 0 0 0 0
1595635200 0 0 0 0
1595548800 0 0 0 0
1595462400 0 0 0 0
1595376000 0 0 0 0
1595289600 0 0 0 0
1595203200 0 0 0 0
1595116800 0 0 0 0
1595030400 0 0 0 0
1594944000 0 0 0 0
1594857600 0 0 0 0
1594771200 0 0 0 0
1594684800 0 0 0 0
1594598400 0 0 0 0
1594512000 0 0 0 0
1594425600 0 0 0 0
1594339200 0 0 0 0
1594252800 0 0 0 0
1594166400 0 0 0 0
1594080000 0 0 0 0
1593993600 0 0 0 0
1593907200 0 0 0 0
1593820800 0 0 0 0
1593734400 0 0 0 0
1593648000 0 0 0 0
1593561600 0 0 0 0
1593475200 0 0 0 0
1593388800 0 0 0 0
1593302400 0 0 0 0
1593216000 0 0 0 0
1593129600 0 0 0 0
1593043200 0 0 0 0
1592956800 0 0 0 0
1592870400 0 0 0 0
1592784000 0 0 0 0
1592697600 0 0 0 0
1592611200 0 0 0 0
1592524800 0 0 0 0
1592438400 0 0 0 0
1592352000 0 0 0 0
1592265600 0 0 0 0
1592179200 0 0 0 0
1592092800 0 0 0 0
1592006400 0 0 0 0
1591920000 0 0 0 0
1591833600 0 0 0 0
1591747200 0 0 0 0
1591660800 0 0 0 0
1591574400 0 0 0 0
1591488000 0 0 0 0
1591401600 0 0 0 0
1591315200 0 0 0 0
1591228800 0 0 0 0
1591142400 0 0 0 0
1591056000 0 0 0 0
1590969600 0 0 0 0
1590883200 0 0 0 0
1590796800 0 0 0 0
1590710400 0 0 0 0
1590624000 0 0 0 0
1590537600 0 0 0 0
1590451200 0 0 0 0
1590364800 0 0 0 0
1590278400 0 0 0 0
1590192000 0 0 0 0
1590105600 0 0 0 0
1590019200 0 0 0 0
1589932800 0 0 0 0
1589846400 0 0 0 0
1589760000 0 0 0 0
1589673600 0 0 0 0
1589587200 0 0 0 0
1589500800 0 0 0 0
1589414400 0 0 0 0
1589328000 0 0 0 0
1589241600 0 0 0 0
1589155200 0 0 0 0
1589068800 0 0 0 0
1588982400 0 0 0 0
1588896000 0 0 0 0
1588809600 0 0 0 0
1588723200 0 0 0 0
1588636800 0 0 0 0
1588550400 0 0 0 0
1588464000 0 0 0 0
1588377600 0 0 0 0
1588291200 0 0 0 0
1588204800 0 0 0 0
1588118400 0 0 0 0
1588032000 0 0 0 0
1587945600 0 0 0 0
1587859200 0 0 0 0
1587772800 0 0 0 0
1587686400 0 0 0 0
1587600000 0 0 0 0
1587513600 0 0 0 0
1587427200 0 0 0 0
1587340800 0 0 0 0
1587254400 0 0 0 0
1587168000 0 0 0 0
1587081600 0 0 0 0
1586995200 0 0 0 0
1586908800 0 0 0 0
1586822400 0 0 0 0
1586736000 0 0 0 0
1586649600 0 0 0 0
1586563200 0 0 0 0
1586476800 0 0 0 0
1586390400 0 0 0 0
1586304000 0 0 0 0
1586217600 0 0 0 0
1586131200 0 0 0 0
1586044800 0 0 0 0
1585958400 0 0 0 0
1585872000 0 0 0 0
1585785600 0 0 0 0
1585699200 0 0 0 0
1585612800 0 0 0 0
1585526400 0 0 0 0
1585440000 0 0 0 0
1585353600 0 0 0 0
1585267200 0 0 0 0
1585180800 0 0 0 0
1585094400 0 0 0 0
1585008000 0 0 0 0
1584921600 0 0 0 0
1584835200 0 0 0 0
1584748800 0 0 0 0
1584662400 0 0 0 0
1584576000 0 0 0 0
1584489600 0 0 0 0
1584403200 0 0 0 0
1584316800 0 0 0 0
1584230400 0 0 0 0
1584144000 0 0 0 0
1584057600 0 0 0 0
1583971200 0 0 0 0
1583884800 0 0 0 0
1583798400 0 0 0 0
1583712000 0 0 0 0
1583625600 0 0 0 0
1583539200 0 0 0 0
1583452800 0 0 0 0
1583366400 0 0 0 0
1583280000 0 0 0 0
1583193600 0 0 0 0
1583107200 0 0 0 0
1583020800 0 0 0 0
1582934400 0 0 0 0
1582848000 0 0 0 0
1582761600 0 0 0 0
1582675200 0 0 0 0
1582588800 0 0 0 0
1582502400 0 0 0 0
1582416000 0 0 0 0
1582329600 0 0 0 0
1582243200 0 0 0 0
1582156800 0 0 0 0
1582070400 0 0 0 0
1581984000 0 0 0 0
1581897600 0 0 0 0
1581811200 0 0 0 0
1581724800 0 0 0 0
1581638400 0 0 0 0
1581552000 0 0 0 0
1581465600 0 0 0 0
1581379200 0 0 0 0
1581292800 0 0 0 0
1581206400 0 0 0 0
1581120000 0 0 0 0
1581033600 0 0 0 0
1580947200 0 0 0 0
1580860800 0 0 0 0
1580774400 0 0 0 0
1580688000 0 0 0 0
1580601600 0 0 0 0
1580515200 0 0 0 0
1580428800 0 0 0 0
1580342400 0 0 0 0
1580256000 0 0 0 0
1580169600 0 0 0 0
1580083200 0 0 0 0
1579996800 0 0 0 0
1579910400 0 0 0 0
1579824000 0 0 0 0
1579737600 0 0 0 0
1579651200 0 0 0 0
1579564800 0 0 0 0
1579478400 0 0 0 0
1579392000 0 0 0 0
1579305600 0 0 0 0
1579219200 0 0 0 0
1579132800 0 0 0 0
1579046400 0 0 0 0
1578960000 0 0 0 0
1578873600 0 0 0 0
1578787200 0 0 0 0
1578700800 0 0 0 0
1578614400 0 0 0 0
1578528000 0 0 0 0
1578441600 0 0 0 0
1578355200 0 0 0 0
1578268800 0 0 0 0
1578182400 0 0 0 0
1578096000 0 0 0 0
1578009600 0 0 0 0
1577923200 0 0 0 0
1577836800 0 0 0 0
1577750400 0 0 0 0
1577664000 0 0 0 0
1577577600 0 0 0 0
1577491200 0 0 0 0
1577404800 0 0 0 0
1577318400 0 0 0 0
1577232000 0 0 0 0
1577145600 0 0 0 0
1577059200 0 0 0 0
1576972800 0 0 0 0
1576886400 0 0 0 0
1576800000 0 0 0 0
1576713600 0 0 0 0
1576627200 0 0 0 0
1576540800 0 0 0 0
1576454400 0 0 0 0
1576368000 0 0 0 0
1576281600 0 0 0 0
1576195200 0 0 0 0
1576108800 0 0 0 0
1576022400 0 0 0 0
1575936000 0 0 0 0
1575849600 0 0 0 0
1575763200 0 0 0 0
1575676800 0 0 0 0
1575590400 0 0 0 0
1575504000 0 0 0 0
1575417600 0 0 0 0
1575331200 0 0 0 0
1575244800 0 0 0 0
1575158400 0 0 0 0
1575072000 0 0 0 0
1574985600 0 0 0 0
1574899200 0 0 0 0
1574812800 0 0 0 0
1574726400 0 0 0 0
1574640000 0 0 0 0
1574553600 0 0 0 0
1574467200 0 0 0 0
1574380800 0 0 0 0
1574294400 0 0 0 0
1574208000 0 0 0 0
1574121600 0 0 0 0
1574035200 0 0 0 0
1573948800 0 0 0 0
1573862400 0 0 0 0
1573776000 0 0 0 0
1573689600 0 0 0 0
1573603200 0 0 0 0
1573516800 0 0 0 0
1573430400 0 0 0 0
1573344000 0 0 0 0
1573257600 0 0 0 0
1573171200 0 0 0 0
1573084800 0 0 0 0
1572998400 0 0 0 0
1572912000 0 0 0 0
1572825600 0 0 0 0
1572739200 0 0 0 0
1572652800 0 0 0 0
1572566400 0 0 0 0
1572480000 0 0 0 0
1572393600 0 0 0 0
1572307200 0 0 0 0
1572220800 0 0 0 0
1572134400 0 0 0 0
1572048000 0 0 0 0
1571961600 0 0 0 0
1571875200 0 0 0 0
1571788800 0 0 0 0
1571702400 0 0 0 0
1571616000 0 0 0 0
1571529600 0 0 0 0
1571443200 0 0 0 0
1571356800 0 0 0 0
1571270400 0 0 0 0
1571184000 0 0 0 0
1571097600 0 0 0 0
1571011200 0 0 0 0
1570924800 0 0 0 0
1570838400 0 0 0 0
1570752000 0 0 0 0
1570665600 0 0 0 0
1570579200 0 0 0 0
1570492800 0 0 0 0
1570406400 0 0 0 0
1570320000 0 0 0 0
1570233600 0 0 0 0
1570147200 0 0 0 0
1570060800 0 0 0 0
1569974400 0 0 0 0
1569888000 0 0 0 0
1569801600 0 0 0 0
1569715200 0 0 0 0
1569628800 0 0 0 0
1569542400 0 0 0 0
1569456000 0 0 0 0
1569369600 0 0 0 0
1569283200 0 0 0 0
1569196800 0 0 0 0
1569110400 0 0 0 0
1569024000 0 0 0 0
1568937600 0 0 0 0
1568851200 0 0 0 0
1568764800 0 0 0 0
1568678400 0 0 0 0
1568592000 0 0 0 0
1568505600 0 0 0 0
1568419200 0 0 0 0
1568332800 0 0 0 0
1568246400 0 0 0 0
1568160000 0 0 0 0
1568073600 0 0 0 0
1567987200 0 0 0 0
1567900800 0 0 0 0
1567814400 0 0 0 0
1567728000 0 0 0 0
1567641600 0 0 0 0
1567555200 0 0 0 0
1567468800 0 0 0 0
1567382400 0 0 0 0
1567296000 0 0 0 0
1567209600 0 0 0 0
1567123200 0 0 0 0
1567036800 0 0 0 0
1566950400 0 0 0 0
1566864000 0 0 0 0
1566777600 0 0 0 0
1566691200 0 0 0 0
1566604800 0 0 0 0
1566518400 0 0 0 0
1566432000 0 0 0 0
1566345600 0 0 0 0
1566259200 0 0 0 0
1566172800 0 0 0 0
1566086400 0 0 0 0
1566000000 0 0 0 0
1565913600 0 0 0 0
1565827200 0 0 0 0
1565740800 0 0 0 0
1565654400 0 0 0 0
1565568000 0 0 0 0
1565481600 0 0 0 0
1565395200 0 0 0 0
1565308800 0 0 0 0
1565222400 0 0 0 0
1565136000 0 0 0 0
1565049600 0 0 0 0
1564963200 0 0 0 0
1564876800 0 0 0 0
1564790400 0 0 0 0
1564704000 0 0 0 0
1564617600 0 0 0 0
1564531200 0 0 0 0
1564444800 0 0 0 0
1564358400 0 0 0 0
1564272000 0 0 0 0
1564185600 0 0 0 0
1564099200 0 0 0 0
1564012800 0 0 0 0
1563926400 0 0 0 0
1563840000 0 0 0 0
1563753600 0 0 0 0
1563667200 0 0 0 0
1563580800 0 0 0 0
1563494400 0 0 0 0
1563408000 0 0 0 0
1563321600 0 0 0 0
1563235200 0 0 0 0
1563148800 0 0 0 0
1563062400 0 0 0 0
1562976000 0 0 0 0
1562889600 0 0 0 0
1562803200 0 0 0 0
1562716800 0 0 0 0
1562630400 0 0 0 0
1562544000 0 0 0 0
1562457600 0 0 0 0
1562371200 0 0 0 0
1562284800 0 0 0 0
1562198400 0 0 0 0
1562112000 0 0 0 0
1562025600 0 0 0 0
1561939200 0 0 0 0
1561852800 0 0 0 0
1561766400 0 0 0 0
1561680000 0 0 0 0
1561593600 0 0 0 0
1561507200 0 0 0 0
1561420800 0 0 0 0
1561334400 0 0 0 0
1561248000 0 0 0 0
1561161600 0 0 0 0
1561075200 0 0 0 0
1560988800 0 0 0 0
1560902400 0 0 0 0
1560816000 0 0 0 0
1560729600 0 0 0 0
1560643200 0 0 0 0
1560556800 0 0 0 0
1560470400 0 0 0 0
