1629278701 582 582
1629278701 582 582 582 582
1629278401 582 582 582 582
1629278400 582 582 582 582
1629278100 582 582 582 582
1629277800 582 582 582 582
1629277500 582 582 582 582
1629277200 582 582 582 582
1629276900 582 582 582 582
1629276600 582 582 582 582
1629276300 582 582 582 582
1629276000 582 582 582 582
1629275700 582 582 582 582
1629275400 582 582 582 582
1629275100 582 582 582 582
1629274800 582 582 582 582
1629274500 582 582 582 582
1629274200 582 582 582 582
1629273900 582 582 582 582
1629273600 582 582 582 582
1629273300 582 582 582 582
1629273000 582 582 582 582
1629272700 582 582 582 582
1629272400 582 582 582 582
1629272100 582 582 582 582
1629271800 582 582 582 582
1629271500 582 582 582 582
1629271200 582 582 582 582
1629270900 582 582 582 582
1629270600 582 582 582 582
1629270300 582 582 582 582
1629270000 582 582 582 582
1629269700 582 582 582 582
1629269400 582 582 582 582
1629269100 582 582 582 582
1629268800 582 582 582 582
1629268500 582 582 582 582
1629268200 582 582 582 582
1629267900 582 582 582 582
1629267600 582 582 582 582
1629267300 582 582 582 582
1629267000 582 582 582 582
1629266700 582 582 582 582
1629266400 582 582 582 582
1629266100 582 582 582 582
1629265800 582 582 582 582
1629265500 582 582 582 582
1629265200 582 582 582 582
1629264900 582 582 582 582
1629264600 582 582 582 582
1629264300 582 582 582 582
1629264000 582 582 582 582
1629263700 582 582 582 582
1629263400 582 582 582 582
1629263100 582 582 582 582
1629262800 582 582 582 582
1629262500 582 582 582 582
1629262200 582 582 582 582
1629261900 582 582 582 582
1629261600 582 582 582 582
1629261300 582 582 582 582
1629261000 582 582 582 582
1629260700 582 582 582 582
1629260400 582 582 582 582
1629260100 582 582 582 582
1629259800 582 582 582 582
1629259500 582 582 582 582
1629259200 582 582 582 582
1629258900 582 582 582 582
1629258600 582 582 582 582
1629258300 582 582 582 582
1629258000 582 582 582 582
1629257700 582 582 582 582
1629257400 582 582 582 582
1629257100 582 582 582 582
1629256800 582 582 582 582
1629256500 582 582 582 582
1629256200 582 582 582 582
1629255900 582 582 582 582
1629255600 582 582 582 582
1629255300 582 582 582 582
1629255000 582 582 582 582
1629254700 582 582 582 582
1629254400 582 582 582 582
1629254100 582 582 582 582
1629253800 582 582 582 582
1629253500 582 582 582 582
1629253200 582 582 582 582
1629252900 582 582 582 582
1629252600 582 582 582 582
1629252300 582 582 582 582
1629252000 582 582 582 582
1629251700 582 582 582 582
1629251400 582 582 582 582
1629251100 582 582 582 582
1629250800 582 582 582 582
1629250500 582 582 582 582
1629250200 582 582 582 582
1629249900 582 582 582 582
1629249600 582 582 582 582
1629249300 582 582 582 582
1629249000 582 582 582 582
1629248700 582 582 582 582
1629248400 582 582 582 582
1629248100 582 582 582 582
1629247800 582 582 582 582
1629247500 582 582 582 582
1629247200 582 582 582 582
1629246900 582 582 582 582
1629246600 582 582 582 582
1629246300 582 582 582 582
1629246000 582 582 582 582
1629245700 582 582 582 582
1629245400 582 582 582 582
1629245100 582 582 582 582
1629244800 582 582 582 582
1629244500 582 582 582 582
1629244200 582 582 582 582
1629243900 582 582 582 582
1629243600 582 582 582 582
1629243300 582 582 582 582
1629243000 582 582 582 582
1629242700 582 582 582 582
1629242400 582 582 582 582
1629242100 582 582 582 582
1629241800 582 582 582 582
1629241500 582 582 582 582
1629241200 582 582 582 582
1629240900 582 582 582 582
1629240600 582 582 582 582
1629240300 582 582 582 582
1629240000 582 582 582 582
1629239700 582 582 582 582
1629239400 582 582 582 582
1629239100 582 582 582 582
1629238800 582 582 582 582
1629238500 582 582 582 582
1629238200 582 582 582 582
1629237900 582 582 582 582
1629237600 582 582 582 582
1629237300 582 582 582 582
1629237000 582 582 582 582
1629236700 582 582 582 582
1629236400 582 582 582 582
1629236100 582 582 582 582
1629235800 582 582 582 582
1629235500 582 582 582 582
1629235200 582 582 582 582
1629234900 582 582 582 582
1629234600 582 582 582 582
1629234300 582 582 582 582
1629234000 582 582 582 582
1629233700 582 582 582 582
1629233400 582 582 582 582
1629233100 582 582 582 582
1629232800 582 582 582 582
1629232500 582 582 582 582
1629232200 582 582 582 582
1629231900 582 582 582 582
1629231600 582 582 582 582
1629231300 582 582 582 582
1629231000 582 582 582 582
1629230700 582 582 582 582
1629230400 582 582 582 582
1629230100 582 582 582 582
1629229800 582 582 582 582
1629229500 582 582 582 582
1629229200 582 582 582 582
1629228900 582 582 582 582
1629228600 582 582 582 582
1629228300 582 582 582 582
1629228000 582 582 582 582
1629227700 582 582 582 582
1629227400 582 582 582 582
1629227100 582 582 582 582
1629226800 582 582 582 582
1629226500 582 582 582 582
1629226200 582 582 582 582
1629225900 582 582 582 582
1629225600 582 582 582 582
1629225300 582 582 582 582
1629225000 582 582 582 582
1629224700 582 582 582 582
1629224400 582 582 582 582
1629224100 582 582 582 582
1629223800 582 582 582 582
1629223500 582 582 582 582
1629223200 582 582 582 582
1629222900 582 582 582 582
1629222600 582 582 582 582
1629222300 582 582 582 582
1629222000 582 582 582 582
1629221700 582 582 582 582
1629221400 582 582 582 582
1629221100 582 582 582 582
1629220800 582 582 582 582
1629220500 582 582 582 582
1629220200 582 582 582 582
1629219900 582 582 582 582
1629219600 582 582 582 582
1629219300 582 582 582 582
1629219000 582 582 582 582
1629218700 582 582 582 582
1629218400 582 582 582 582
1629218100 582 582 582 582
1629217800 582 582 582 582
1629217500 582 582 582 582
1629217200 582 582 582 582
1629216900 582 582 582 582
1629216600 582 582 582 582
1629216300 582 582 582 582
1629216000 582 582 582 582
1629215700 582 582 582 582
1629215400 582 582 582 582
1629215100 582 582 582 582
1629214800 582 582 582 582
1629214500 582 582 582 582
1629214200 582 582 582 582
1629213900 582 582 582 582
1629213600 582 582 582 582
1629213300 582 582 582 582
1629213000 582 582 582 582
1629212700 582 582 582 582
1629212400 582 582 582 582
1629212100 582 582 582 582
1629211800 582 582 582 582
1629211500 582 582 582 582
1629211200 582 582 582 582
1629210900 582 582 582 582
1629210600 582 582 582 582
1629210300 582 582 582 582
1629210000 582 582 582 582
1629209700 582 582 582 582
1629209400 582 582 582 582
1629209100 582 582 582 582
1629208800 582 582 582 582
1629208500 582 582 582 582
1629208200 582 582 582 582
1629207900 582 582 582 582
1629207600 582 582 582 582
1629207300 582 582 582 582
1629207000 582 582 582 582
1629206700 582 582 582 582
1629206400 582 582 582 582
1629206100 582 582 582 582
1629205800 582 582 582 582
1629205500 582 582 582 582
1629205200 582 582 582 582
1629204900 582 582 582 582
1629204600 582 582 582 582
1629204300 582 582 582 582
1629204000 582 582 582 582
1629203700 582 582 582 582
1629203400 582 582 582 582
1629203100 582 582 582 582
1629202800 582 582 582 582
1629202500 582 582 582 582
1629202200 582 582 582 582
1629201900 582 582 582 582
1629201600 582 582 582 582
1629201300 582 582 582 582
1629201000 582 582 582 582
1629200700 582 582 582 582
1629200400 582 582 582 582
1629200100 582 582 582 582
1629199800 582 582 582 582
1629199500 582 582 582 582
1629199200 582 582 582 582
1629198900 582 582 582 582
1629198600 582 582 582 582
1629198300 582 582 582 582
1629198000 582 582 582 582
1629197700 582 582 582 582
1629197400 582 582 582 582
1629197100 582 582 582 582
1629196800 582 582 582 582
1629196500 582 582 582 582
1629196200 582 582 582 582
1629195900 582 582 582 582
1629195600 582 582 582 582
1629195300 582 582 582 582
1629195000 582 582 582 582
1629194700 582 582 582 582
1629194400 582 582 582 582
1629194100 582 582 582 582
1629193800 582 582 582 582
1629193500 582 582 582 582
1629193200 582 582 582 582
1629192900 582 582 582 582
1629192600 582 582 582 582
1629192300 582 582 582 582
1629192000 582 582 582 582
1629191700 582 582 582 582
1629191400 582 582 582 582
1629191100 582 582 582 582
1629190800 582 582 582 582
1629190500 582 582 582 582
1629190200 582 582 582 582
1629189900 582 582 582 582
1629189600 582 582 582 582
1629189300 582 582 582 582
1629189000 582 582 582 582
1629188700 582 582 582 582
1629188400 582 582 582 582
1629188100 582 582 582 582
1629187800 582 582 582 582
1629187500 582 582 582 582
1629187200 582 582 582 582
1629186900 582 582 582 582
1629186600 582 582 582 582
1629186300 582 582 582 582
1629186000 582 582 582 582
1629185700 582 582 582 582
1629185400 582 582 582 582
1629185100 582 582 582 582
1629184800 582 582 582 582
1629184500 582 582 582 582
1629184200 582 582 582 582
1629183900 582 582 582 582
1629183600 582 582 582 582
1629183300 582 582 582 582
1629183000 582 582 582 582
1629182700 582 582 582 582
1629182400 582 582 582 582
1629182100 582 582 582 582
1629181800 582 582 582 582
1629181500 582 582 582 582
1629181200 582 582 582 582
1629180900 582 582 582 582
1629180600 582 582 582 582
1629180300 582 582 582 582
1629180000 582 582 582 582
1629179700 582 582 582 582
1629179400 582 582 582 582
1629179100 582 582 582 582
1629178800 582 582 582 582
1629178500 582 582 582 582
1629178200 582 582 582 582
1629177900 582 582 582 582
1629177600 582 582 582 582
1629177300 582 582 582 582
1629177000 582 582 582 582
1629176700 582 582 582 582
1629176400 582 582 582 582
1629176100 582 582 582 582
1629175800 582 582 582 582
1629175500 582 582 582 582
1629175200 582 582 582 582
1629174900 582 582 582 582
1629174600 582 582 582 582
1629174300 582 582 582 582
1629174000 582 582 582 582
1629173700 582 582 582 582
1629173400 582 582 582 582
1629173100 582 582 582 582
1629172800 582 582 582 582
1629172500 582 582 582 582
1629172200 582 582 582 582
1629171900 582 582 582 582
1629171600 582 582 582 582
1629171300 582 582 582 582
1629171000 582 582 582 582
1629170700 582 582 582 582
1629170400 582 582 582 582
1629170100 582 582 582 582
1629169800 582 582 582 582
1629169500 582 582 582 582
1629169200 582 582 582 582
1629168900 582 582 582 582
1629168600 582 582 582 582
1629168300 582 582 582 582
1629168000 582 582 582 582
1629167700 582 582 582 582
1629167400 582 582 582 582
1629167100 582 582 582 582
1629166800 582 582 582 582
1629166500 582 582 582 582
1629166200 582 582 582 582
1629165900 582 582 582 582
1629165600 582 582 582 582
1629165300 582 582 582 582
1629165000 582 582 582 582
1629164700 582 582 582 582
1629164400 582 582 582 582
1629164100 582 582 582 582
1629163800 582 582 582 582
1629163500 582 582 582 582
1629163200 582 582 582 582
1629162900 582 582 582 582
1629162600 582 582 582 582
1629162300 582 582 582 582
1629162000 582 582 582 582
1629161700 582 582 582 582
1629161400 582 582 582 582
1629161100 582 582 582 582
1629160800 582 582 582 582
1629160500 582 582 582 582
1629160200 582 582 582 582
1629159900 582 582 582 582
1629159600 582 582 582 582
1629159300 582 582 582 582
1629159000 582 582 582 582
1629158700 582 582 582 582
1629158400 582 582 582 582
1629158100 582 582 582 582
1629157800 582 582 582 582
1629157500 582 582 582 582
1629157200 582 582 582 582
1629156900 582 582 582 582
1629156600 582 582 582 582
1629156300 582 582 582 582
1629156000 582 582 582 582
1629155700 582 582 582 582
1629155400 582 582 582 582
1629155100 582 582 582 582
1629154800 582 582 582 582
1629154500 582 582 582 582
1629154200 582 582 582 582
1629153900 582 582 582 582
1629153600 582 582 582 582
1629153300 582 582 582 582
1629153000 582 582 582 582
1629152700 582 582 582 582
1629152400 582 582 582 582
1629152100 582 582 582 582
1629151800 582 582 582 582
1629151500 582 582 582 582
1629151200 582 582 582 582
1629150900 582 582 582 582
1629150600 582 582 582 582
1629150300 582 582 582 582
1629150000 582 582 582 582
1629149700 582 582 582 582
1629149400 582 582 582 582
1629149100 582 582 582 582
1629148800 582 582 582 582
1629148500 582 582 582 582
1629148200 582 582 582 582
1629147900 582 582 582 582
1629147600 582 582 582 582
1629147300 582 582 582 582
1629147000 582 582 582 582
1629146700 582 582 582 582
1629146400 582 582 582 582
1629146100 582 582 582 582
1629145800 582 582 582 582
1629145500 582 582 582 582
1629145200 582 582 582 582
1629144900 582 582 582 582
1629144600 582 582 582 582
1629144300 582 582 582 582
1629144000 582 582 582 582
1629143700 582 582 582 582
1629143400 582 582 582 582
1629143100 582 582 582 582
1629142800 582 582 582 582
1629142500 582 582 582 582
1629142200 582 582 582 582
1629141900 582 582 582 582
1629141600 582 582 582 582
1629141300 582 582 582 582
1629141000 582 582 582 582
1629140700 582 582 582 582
1629140400 582 582 582 582
1629140100 582 582 582 582
1629139800 582 582 582 582
1629139500 582 582 582 582
1629139200 582 582 582 582
1629138900 582 582 582 582
1629138600 582 582 582 582
1629138300 582 582 582 582
1629138000 582 582 582 582
1629137700 582 582 582 582
1629137400 582 582 582 582
1629137100 582 582 582 582
1629136800 582 582 582 582
1629136500 582 582 582 582
1629136200 582 582 582 582
1629135900 582 582 582 582
1629135600 582 582 582 582
1629135300 582 582 582 582
1629135000 582 582 582 582
1629134700 582 582 582 582
1629134400 582 582 582 582
1629134100 582 582 582 582
1629133800 582 582 582 582
1629133500 582 582 582 582
1629133200 582 582 582 582
1629132900 582 582 582 582
1629132600 582 582 582 582
1629132300 582 582 582 582
1629132000 582 582 582 582
1629131700 582 582 582 582
1629131400 582 582 582 582
1629131100 582 582 582 582
1629130800 582 582 582 582
1629130500 582 582 582 582
1629130200 582 582 582 582
1629129900 582 582 582 582
1629129600 582 582 582 582
1629129300 582 582 582 582
1629129000 582 582 582 582
1629128700 582 582 582 582
1629128400 582 582 582 582
1629128100 582 582 582 582
1629127800 582 582 582 582
1629127500 582 582 582 582
1629127200 582 582 582 582
1629126900 582 582 582 582
1629126600 582 582 582 582
1629126300 582 582 582 582
1629126000 582 582 582 582
1629125700 582 582 582 582
1629125400 582 582 582 582
1629125100 582 582 582 582
1629124800 582 582 582 582
1629124500 582 582 582 582
1629124200 582 582 582 582
1629123900 582 582 582 582
1629123600 582 582 582 582
1629123300 582 582 582 582
1629123000 582 582 582 582
1629122700 582 582 582 582
1629122400 582 582 582 582
1629122100 582 582 582 582
1629121800 582 582 582 582
1629121500 582 582 582 582
1629121200 582 582 582 582
1629120900 582 582 582 582
1629120600 582 582 582 582
1629120300 582 582 582 582
1629120000 582 582 582 582
1629119700 582 582 582 582
1629119400 582 582 582 582
1629119100 582 582 582 582
1629118800 582 582 582 582
1629118500 582 582 582 582
1629118200 582 582 582 582
1629117900 582 582 582 582
1629117600 582 582 582 582
1629117300 582 582 582 582
1629117000 582 582 582 582
1629116700 582 582 582 582
1629116400 582 582 582 582
1629116100 582 582 582 582
1629115800 582 582 582 582
1629115500 582 582 582 582
1629115200 582 582 582 582
1629114900 582 582 582 582
1629114600 582 582 582 582
1629114300 582 582 582 582
1629114000 582 582 582 582
1629113700 582 582 582 582
1629113400 582 582 582 582
1629113100 582 582 582 582
1629112800 582 582 582 582
1629112500 582 582 582 582
1629112200 582 582 582 582
1629111900 582 582 582 582
1629111600 582 582 582 582
1629111300 582 582 582 582
1629111000 582 582 582 582
1629110700 582 582 582 582
1629110400 582 582 582 582
1629110100 582 582 582 582
1629109800 582 582 582 582
1629109500 582 582 582 582
1629109200 582 582 582 582
1629108900 582 582 582 582
1629108600 582 582 582 582
1629108300 582 582 582 582
1629108000 582 582 582 582
1629107700 582 582 582 582
1629107400 582 582 582 582
1629107100 582 582 582 582
1629106800 582 582 582 582
1629106500 582 582 582 582
1629106200 582 582 582 582
1629105900 582 582 582 582
1629105600 582 582 582 582
1629105300 582 582 582 582
1629105000 582 582 582 582
1629104700 582 582 582 582
1629104400 582 582 582 582
1629104100 582 582 582 582
1629103800 582 582 582 582
1629103500 582 582 582 582
1629103200 582 582 582 582
1629102900 582 582 582 582
1629102600 582 582 582 582
1629102300 582 582 582 582
1629102000 582 582 582 582
1629101700 582 582 582 582
1629101400 582 582 582 582
1629101100 582 582 582 582
1629100800 582 582 582 582
1629100500 582 582 582 582
1629100200 582 582 582 582
1629099900 582 582 582 582
1629099600 582 582 582 582
1629099300 582 582 582 582
1629099000 582 582 582 582
1629098700 582 582 582 582
1629097200 582 582 582 582
1629095400 582 582 582 582
1629093600 582 582 582 582
1629091800 582 582 582 582
1629090000 582 582 582 582
1629088200 582 582 582 582
1629086400 582 582 582 582
1629084600 582 582 582 582
1629082800 582 582 582 582
1629081000 582 582 582 582
1629079200 582 582 582 582
1629077400 582 582 582 582
1629075600 582 582 582 582
1629073800 582 582 582 582
1629072000 582 582 582 582
1629070200 582 582 582 582
1629068400 582 582 582 582
1629066600 582 582 582 582
1629064800 582 582 582 582
1629063000 582 582 582 582
1629061200 582 582 582 582
1629059400 582 582 582 582
1629057600 582 582 582 582
1629055800 582 582 582 582
1629054000 582 582 582 582
1629052200 582 582 582 582
1629050400 582 582 582 582
1629048600 582 582 582 582
1629046800 582 582 582 582
1629045000 582 582 582 582
1629043200 582 582 582 582
1629041400 582 582 582 582
1629039600 582 582 582 582
1629037800 582 582 582 582
1629036000 582 582 582 582
1629034200 582 582 582 582
1629032400 582 582 582 582
1629030600 582 582 582 582
1629028800 582 582 582 582
1629027000 582 582 582 582
1629025200 582 582 582 582
1629023400 582 582 582 582
1629021600 582 582 582 582
1629019800 582 582 582 582
1629018000 582 582 582 582
1629016200 582 582 582 582
1629014400 582 582 582 582
1629012600 582 582 582 582
1629010800 582 582 582 582
1629009000 582 582 582 582
1629007200 582 582 582 582
1629005400 582 582 582 582
1629003600 582 582 582 582
1629001800 582 582 582 582
1629000000 582 582 582 582
1628998200 582 582 582 582
1628996400 582 582 582 582
1628994600 582 582 582 582
1628992800 582 582 582 582
1628991000 582 582 582 582
1628989200 582 582 582 582
1628987400 582 582 582 582
1628985600 582 582 582 582
1628983800 582 582 582 582
1628982000 582 582 582 582
1628980200 582 582 582 582
1628978400 582 582 582 582
1628976600 582 582 582 582
1628974800 582 582 582 582
1628973000 582 582 582 582
1628971200 582 582 582 582
1628969400 582 582 582 582
1628967600 582 582 582 582
1628965800 582 582 582 582
1628964000 582 582 582 582
1628962200 582 582 582 582
1628960400 582 582 582 582
1628958600 582 582 582 582
1628956800 582 582 582 582
1628955000 582 582 582 582
1628953200 582 582 582 582
1628951400 582 582 582 582
1628949600 582 582 582 582
1628947800 582 582 582 582
1628946000 582 582 582 582
1628944200 582 582 582 582
1628942400 582 582 582 582
1628940600 582 582 582 582
1628938800 582 582 582 582
1628937000 582 582 582 582
1628935200 582 582 582 582
1628933400 582 582 582 582
1628931600 582 582 582 582
1628929800 582 582 582 582
1628928000 582 582 582 582
1628926200 582 582 582 582
1628924400 582 582 582 582
1628922600 582 582 582 582
1628920800 582 582 582 582
1628919000 582 582 582 582
1628917200 582 582 582 582
1628915400 582 582 582 582
1628913600 582 582 582 582
1628911800 582 582 582 582
1628910000 582 582 582 582
1628908200 582 582 582 582
1628906400 582 582 582 582
1628904600 582 582 582 582
1628902800 582 582 582 582
1628901000 582 582 582 582
1628899200 582 582 582 582
1628897400 582 582 582 582
1628895600 582 582 582 582
1628893800 582 582 582 582
1628892000 582 582 582 582
1628890200 582 582 582 582
1628888400 582 582 582 582
1628886600 582 582 582 582
1628884800 582 582 582 582
1628883000 582 582 582 582
1628881200 582 582 582 582
1628879400 582 582 582 582
1628877600 582 582 582 582
1628875800 582 582 582 582
1628874000 582 582 582 582
1628872200 582 582 582 582
1628870400 582 582 582 582
1628868600 582 582 582 582
1628866800 582 582 582 582
1628865000 582 582 582 582
1628863200 582 582 582 582
1628861400 582 582 582 582
1628859600 582 582 582 582
1628857800 582 582 582 582
1628856000 582 582 582 582
1628854200 582 582 582 582
1628852400 582 582 582 582
1628850600 582 582 582 582
1628848800 582 582 582 582
1628847000 582 582 582 582
1628845200 582 582 582 582
1628843400 582 582 582 582
1628841600 582 582 582 582
1628839800 582 582 582 582
1628838000 582 582 582 582
1628836200 582 582 582 582
1628834400 582 582 582 582
1628832600 582 582 582 582
1628830800 582 582 582 582
1628829000 582 582 582 582
1628827200 582 582 582 582
1628825400 582 582 582 582
1628823600 582 582 582 582
1628821800 582 582 582 582
1628820000 582 582 582 582
1628818200 582 582 582 582
1628816400 582 582 582 582
1628814600 582 582 582 582
1628812800 582 582 582 582
1628811000 582 582 582 582
1628809200 582 582 582 582
1628807400 582 582 582 582
1628805600 582 582 582 582
1628803800 582 582 582 582
1628802000 582 582 582 582
1628800200 582 582 582 582
1628798400 582 582 582 582
1628796600 582 582 582 582
1628794800 582 582 582 582
1628793000 582 582 582 582
1628791200 582 582 582 582
1628789400 582 582 582 582
1628787600 582 582 582 582
1628785800 582 582 582 582
1628784000 582 582 582 582
1628782200 582 582 582 582
1628780400 582 582 582 582
1628778600 582 582 582 582
1628776800 582 582 582 582
1628775000 582 582 582 582
1628773200 582 582 582 582
1628771400 582 582 582 582
1628769600 582 582 582 582
1628767800 582 582 582 582
1628766000 582 582 582 582
1628764200 582 582 582 582
1628762400 582 582 582 582
1628760600 582 582 582 582
1628758800 582 582 582 582
1628757000 582 582 582 582
1628755200 582 582 582 582
1628753400 582 582 582 582
1628751600 582 582 582 582
1628749800 582 582 582 582
1628748000 582 582 582 582
1628746200 582 582 582 582
1628744400 582 582 582 582
1628742600 582 582 582 582
1628740800 582 582 582 582
1628739000 582 582 582 582
1628737200 582 582 582 582
1628735400 582 582 582 582
1628733600 582 582 582 582
1628731800 582 582 582 582
1628730000 582 582 582 582
1628728200 582 582 582 582
1628726400 582 582 582 582
1628724600 582 582 582 582
1628722800 582 582 582 582
1628721000 582 582 582 582
1628719200 582 582 582 582
1628717400 582 582 582 582
1628715600 582 582 582 582
1628713800 582 582 582 582
1628712000 582 582 582 582
1628710200 582 582 582 582
1628708400 582 582 582 582
1628706600 582 582 582 582
1628704800 582 582 582 582
1628703000 582 582 582 582
1628701200 582 582 582 582
1628699400 582 582 582 582
1628697600 582 582 582 582
1628695800 582 582 582 582
1628694000 582 582 582 582
1628692200 582 582 582 582
1628690400 582 582 582 582
1628688600 582 582 582 582
1628686800 582 582 582 582
1628685000 582 582 582 582
1628683200 582 582 582 582
1628681400 582 582 582 582
1628679600 582 582 582 582
1628677800 582 582 582 582
1628676000 582 582 582 582
1628674200 582 582 582 582
1628672400 582 582 582 582
1628670600 582 582 582 582
1628668800 582 582 582 582
1628667000 582 582 582 582
1628665200 582 582 582 582
1628663400 582 582 582 582
1628661600 582 582 582 582
1628659800 582 582 582 582
1628658000 582 582 582 582
1628656200 582 582 582 582
1628654400 582 582 582 582
1628652600 582 582 582 582
1628650800 582 582 582 582
1628649000 582 582 582 582
1628647200 582 582 582 582
1628645400 582 582 582 582
1628643600 582 582 582 582
1628641800 582 582 582 582
1628640000 582 582 582 582
1628638200 582 582 582 582
1628636400 582 582 582 582
1628634600 582 582 582 582
1628632800 582 582 582 582
1628631000 582 582 582 582
1628629200 582 582 582 582
1628627400 582 582 582 582
1628625600 582 582 582 582
1628623800 582 582 582 582
1628622000 582 582 582 582
1628620200 582 582 582 582
1628618400 582 582 582 582
1628616600 582 582 582 582
1628614800 582 582 582 582
1628613000 582 582 582 582
1628611200 582 582 582 582
1628609400 582 582 582 582
1628607600 582 582 582 582
1628605800 582 582 582 582
1628604000 582 582 582 582
1628602200 582 582 582 582
1628600400 582 582 582 582
1628598600 582 582 582 582
1628596800 582 582 582 582
1628595000 582 582 582 582
1628593200 582 582 582 582
1628591400 582 582 582 582
1628589600 582 582 582 582
1628587800 582 582 582 582
1628586000 582 582 582 582
1628584200 582 582 582 582
1628582400 582 582 582 582
1628580600 582 582 582 582
1628578800 582 582 582 582
1628577000 582 582 582 582
1628575200 582 582 582 582
1628573400 582 582 582 582
1628571600 582 582 582 582
1628569800 582 582 582 582
1628568000 582 582 582 582
1628566200 582 582 582 582
1628564400 582 582 582 582
1628562600 582 582 582 582
1628560800 582 582 582 582
1628559000 582 582 582 582
1628557200 582 582 582 582
1628555400 582 582 582 582
1628553600 582 582 582 582
1628551800 582 582 582 582
1628550000 582 582 582 582
1628548200 582 582 582 582
1628546400 582 582 582 582
1628544600 582 582 582 582
1628542800 582 582 582 582
1628541000 582 582 582 582
1628539200 582 582 582 582
1628537400 582 582 582 582
1628535600 582 582 582 582
1628533800 582 582 582 582
1628532000 582 582 582 582
1628530200 582 582 582 582
1628528400 582 582 582 582
1628526600 582 582 582 582
1628524800 582 582 582 582
1628523000 582 582 582 582
1628521200 582 582 582 582
1628519400 582 582 582 582
1628517600 582 582 582 582
1628515800 582 582 582 582
1628514000 582 582 582 582
1628512200 582 582 582 582
1628510400 582 582 582 582
1628508600 582 582 582 582
1628506800 582 582 582 582
1628505000 582 582 582 582
1628503200 582 582 582 582
1628501400 582 582 582 582
1628499600 582 582 582 582
1628497800 582 582 582 582
1628496000 582 582 582 582
1628494200 582 582 582 582
1628492400 582 582 582 582
1628490600 582 582 582 582
1628488800 582 582 582 582
1628487000 582 582 582 582
1628485200 582 582 582 582
1628483400 582 582 582 582
1628481600 582 582 582 582
1628479800 582 582 582 582
1628478000 582 582 582 582
1628476200 582 582 582 582
1628474400 582 582 582 582
1628472600 582 582 582 582
1628470800 582 582 582 582
1628469000 582 582 582 582
1628467200 582 582 582 582
1628465400 582 582 582 582
1628463600 582 582 582 582
1628461800 582 582 582 582
1628460000 582 582 582 582
1628458200 582 582 582 582
1628456400 582 582 582 582
1628454600 582 582 582 582
1628452800 582 582 582 582
1628451000 582 582 582 582
1628449200 582 582 582 582
1628447400 582 582 582 582
1628445600 582 582 582 582
1628443800 582 582 582 582
1628442000 582 582 582 582
1628440200 582 582 582 582
1628438400 582 582 582 582
1628436600 582 582 582 582
1628434800 582 582 582 582
1628433000 582 582 582 582
1628431200 582 582 582 582
1628429400 582 582 582 582
1628427600 582 582 582 582
1628425800 582 582 582 582
1628424000 582 582 582 582
1628422200 582 582 582 582
1628420400 582 582 582 582
1628418600 582 582 582 582
1628416800 582 582 582 582
1628415000 582 582 582 582
1628413200 582 582 582 582
1628411400 582 582 582 582
1628409600 582 582 582 582
1628407800 582 582 582 582
1628406000 582 582 582 582
1628404200 582 582 582 582
1628402400 582 582 582 582
1628400600 582 582 582 582
1628398800 582 582 582 582
1628397000 582 582 582 582
1628395200 582 582 582 582
1628393400 582 582 582 582
1628391600 582 582 582 582
1628389800 582 582 582 582
1628388000 582 582 582 582
1628386200 582 582 582 582
1628384400 582 582 582 582
1628382600 582 582 582 582
1628380800 582 582 582 582
1628379000 582 582 582 582
1628377200 582 582 582 582
1628375400 582 582 582 582
1628373600 582 582 582 582
1628371800 582 582 582 582
1628370000 582 582 582 582
1628368200 582 582 582 582
1628366400 582 582 582 582
1628364600 582 582 582 582
1628362800 582 582 582 582
1628361000 582 582 582 582
1628359200 582 582 582 582
1628357400 582 582 582 582
1628355600 582 582 582 582
1628353800 582 582 582 582
1628352000 582 582 582 582
1628350200 582 582 582 582
1628348400 582 582 582 582
1628346600 582 582 582 582
1628344800 582 582 582 582
1628343000 582 582 582 582
1628341200 582 582 582 582
1628339400 582 582 582 582
1628337600 582 582 582 582
1628335800 582 582 582 582
1628334000 582 582 582 582
1628332200 582 582 582 582
1628330400 582 582 582 582
1628328600 582 582 582 582
1628326800 582 582 582 582
1628325000 582 582 582 582
1628323200 582 582 582 582
1628321400 582 582 582 582
1628319600 582 582 582 582
1628317800 582 582 582 582
1628316000 582 582 582 582
1628314200 582 582 582 582
1628312400 582 582 582 582
1628310600 582 582 582 582
1628308800 582 582 582 582
1628307000 582 582 582 582
1628305200 582 582 582 582
1628303400 582 582 582 582
1628301600 582 582 582 582
1628299800 582 582 582 582
1628298000 582 582 582 582
1628296200 582 582 582 582
1628294400 582 582 582 582
1628292600 582 582 582 582
1628290800 582 582 582 582
1628289000 582 582 582 582
1628287200 582 582 582 582
1628285400 582 582 582 582
1628283600 582 582 582 582
1628281800 582 582 582 582
1628280000 582 582 582 582
1628278200 582 582 582 582
1628276400 582 582 582 582
1628274600 582 582 582 582
1628272800 582 582 582 582
1628271000 582 582 582 582
1628269200 582 582 582 582
1628267400 582 582 582 582
1628265600 582 582 582 582
1628263800 582 582 582 582
1628262000 582 582 582 582
1628260200 582 582 582 582
1628258400 582 582 582 582
1628256600 582 582 582 582
1628254800 582 582 582 582
1628253000 582 582 582 582
1628251200 582 582 582 582
1628249400 582 582 582 582
1628247600 582 582 582 582
1628245800 582 582 582 582
1628244000 582 582 582 582
1628242200 582 582 582 582
1628240400 582 582 582 582
1628238600 582 582 582 582
1628236800 582 582 582 582
1628235000 582 582 582 582
1628233200 582 582 582 582
1628231400 582 582 582 582
1628229600 582 582 582 582
1628227800 582 582 582 582
1628226000 582 582 582 582
1628224200 582 582 582 582
1628222400 582 582 582 582
1628220600 582 582 582 582
1628218800 582 582 582 582
1628217000 582 582 582 582
1628215200 582 582 582 582
1628213400 582 582 582 582
1628211600 582 582 582 582
1628209800 582 582 582 582
1628208000 582 582 582 582
1628206200 582 582 582 582
1628204400 582 582 582 582
1628202600 582 582 582 582
1628200800 582 582 582 582
1628199000 582 582 582 582
1628197200 582 582 582 582
1628195400 582 582 582 582
1628193600 582 582 582 582
1628191800 582 582 582 582
1628190000 582 582 582 582
1628188200 582 582 582 582
1628186400 582 582 582 582
1628184600 582 582 582 582
1628182800 582 582 582 582
1628181000 582 582 582 582
1628179200 582 582 582 582
1628177400 582 582 582 582
1628175600 582 582 582 582
1628173800 582 582 582 582
1628172000 582 582 582 582
1628170200 582 582 582 582
1628168400 582 582 582 582
1628166600 582 582 582 582
1628164800 582 582 582 582
1628163000 582 582 582 582
1628161200 582 582 582 582
1628159400 582 582 582 582
1628157600 582 582 582 582
1628155800 582 582 582 582
1628154000 582 582 582 582
1628152200 582 582 582 582
1628150400 582 582 582 582
1628148600 582 582 582 582
1628146800 582 582 582 582
1628145000 582 582 582 582
1628143200 582 582 582 582
1628141400 582 582 582 582
1628139600 582 582 582 582
1628137800 582 582 582 582
1628136000 582 582 582 582
1628134200 582 582 582 582
1628132400 582 582 582 582
1628130600 582 582 582 582
1628128800 582 582 582 582
1628127000 582 582 582 582
1628125200 582 582 582 582
1628123400 582 582 582 582
1628121600 582 582 582 582
1628119800 582 582 582 582
1628118000 582 582 582 582
1628116200 582 582 582 582
1628114400 582 582 582 582
1628112600 582 582 582 582
1628110800 582 582 582 582
1628109000 582 582 582 582
1628107200 582 582 582 582
1628105400 582 582 582 582
1628103600 582 582 582 582
1628101800 582 582 582 582
1628100000 582 582 582 582
1628098200 582 582 582 582
1628096400 582 582 582 582
1628094600 582 582 582 582
1628092800 582 582 582 582
1628091000 582 582 582 582
1628089200 582 582 582 582
1628087400 582 582 582 582
1628085600 582 582 582 582
1628083800 582 582 582 582
1628082000 582 582 582 582
1628080200 582 582 582 582
1628078400 582 582 582 582
1628076600 582 582 582 582
1628074800 582 582 582 582
1628073000 582 582 582 582
1628071200 582 582 582 582
1628069400 582 582 582 582
1628067600 582 582 582 582
1628065800 582 582 582 582
1628064000 582 582 582 582
1628062200 582 582 582 582
1628060400 582 582 582 582
1628058600 582 582 582 582
1628056800 582 582 582 582
1628055000 582 582 582 582
1628053200 582 582 582 582
1628051400 582 582 582 582
1628049600 582 582 582 582
1628047800 582 582 582 582
1628046000 582 582 582 582
1628044200 582 582 582 582
1628042400 582 582 582 582
1628040600 582 582 582 582
1628038800 582 582 582 582
1628037000 582 582 582 582
1628035200 582 582 582 582
1628033400 582 582 582 582
1628031600 582 582 582 582
1628029800 582 582 582 582
1628028000 582 582 582 582
1628026200 582 582 582 582
1628024400 582 582 582 582
1628022600 582 582 582 582
1628020800 582 582 582 582
1628019000 582 582 582 582
1628017200 582 582 582 582
1628013600 582 582 582 582
1628006400 582 582 582 582
1627999200 582 582 582 582
1627992000 582 582 582 582
1627984800 582 582 582 582
1627977600 582 582 582 582
1627970400 582 582 582 582
1627963200 582 582 582 582
1627956000 582 582 582 582
1627948800 582 582 582 582
1627941600 582 582 582 582
1627934400 582 582 582 582
1627927200 582 582 582 582
1627920000 582 582 582 582
1627912800 582 582 582 582
1627905600 582 582 582 582
1627898400 582 582 582 582
1627891200 582 582 582 582
1627884000 582 582 582 582
1627876800 582 582 582 582
1627869600 582 582 582 582
1627862400 582 582 582 582
1627855200 582 582 582 582
1627848000 582 582 582 582
1627840800 582 582 582 582
1627833600 582 582 582 582
1627826400 582 582 582 582
1627819200 582 582 582 582
1627812000 582 582 582 582
1627804800 582 582 582 582
1627797600 582 582 582 582
1627790400 582 582 582 582
1627783200 582 582 582 582
1627776000 582 582 582 582
1627768800 582 582 582 582
1627761600 582 582 582 582
1627754400 582 582 582 582
1627747200 582 582 582 582
1627740000 582 582 582 582
1627732800 582 582 582 582
1627725600 582 582 582 582
1627718400 582 582 582 582
1627711200 582 582 582 582
1627704000 582 582 582 582
1627696800 582 582 582 582
1627689600 582 582 582 582
1627682400 582 582 582 582
1627675200 582 582 582 582
1627668000 582 582 582 582
1627660800 582 582 582 582
1627653600 582 582 582 582
1627646400 582 582 582 582
1627639200 582 582 582 582
1627632000 582 582 582 582
1627624800 582 582 582 582
1627617600 582 582 582 582
1627610400 582 582 582 582
1627603200 582 582 582 582
1627596000 582 582 582 582
1627588800 582 582 582 582
1627581600 582 582 582 582
1627574400 582 582 582 582
1627567200 582 582 582 582
1627560000 582 582 582 582
1627552800 582 582 582 582
1627545600 582 582 582 582
1627538400 582 582 582 582
1627531200 582 582 582 582
1627524000 582 582 582 582
1627516800 582 582 582 582
1627509600 582 582 582 582
1627502400 582 582 582 582
1627495200 582 582 582 582
1627488000 582 582 582 582
1627480800 582 582 582 582
1627473600 582 582 582 582
1627466400 582 582 582 582
1627459200 582 582 582 582
1627452000 582 582 582 582
1627444800 582 582 582 582
1627437600 582 582 582 582
1627430400 582 582 582 582
1627423200 582 582 582 582
1627416000 582 582 582 582
1627408800 582 582 582 582
1627401600 582 582 582 582
1627394400 582 582 582 582
1627387200 582 582 582 582
1627380000 582 582 582 582
1627372800 582 582 582 582
1627365600 582 582 582 582
1627358400 582 582 582 582
1627351200 582 582 582 582
1627344000 582 582 582 582
1627336800 582 582 582 582
1627329600 582 582 582 582
1627322400 582 582 582 582
1627315200 582 582 582 582
1627308000 582 582 582 582
1627300800 582 582 582 582
1627293600 582 582 582 582
1627286400 582 582 582 582
1627279200 582 582 582 582
1627272000 582 582 582 582
1627264800 582 582 582 582
1627257600 582 582 582 582
1627250400 582 582 582 582
1627243200 582 582 582 582
1627236000 582 582 582 582
1627228800 582 582 582 582
1627221600 582 582 582 582
1627214400 582 582 582 582
1627207200 582 582 582 582
1627200000 582 582 582 582
1627192800 582 582 582 582
1627185600 582 582 582 582
1627178400 582 582 582 582
1627171200 582 582 582 582
1627164000 582 582 582 582
1627156800 582 582 582 582
1627149600 582 582 582 582
1627142400 582 582 582 582
1627135200 582 582 582 582
1627128000 582 582 582 582
1627120800 582 582 582 582
1627113600 582 582 582 582
1627106400 582 582 582 582
1627099200 582 582 582 582
1627092000 582 582 582 582
1627084800 582 582 582 582
1627077600 582 582 582 582
1627070400 582 582 582 582
1627063200 582 582 582 582
1627056000 582 582 582 582
1627048800 582 582 582 582
1627041600 582 582 582 582
1627034400 582 582 582 582
1627027200 582 582 582 582
1627020000 582 582 582 582
1627012800 582 582 582 582
1627005600 582 582 582 582
1626998400 582 582 582 582
1626991200 582 582 582 582
1626984000 582 582 582 582
1626976800 582 582 582 582
1626969600 582 582 582 582
1626962400 582 582 582 582
1626955200 582 582 582 582
1626948000 582 582 582 582
1626940800 582 582 582 582
1626933600 582 582 582 582
1626926400 582 582 582 582
1626919200 582 582 582 582
1626912000 582 582 582 582
1626904800 582 582 582 582
1626897600 582 582 582 582
1626890400 582 582 582 582
1626883200 582 582 582 582
1626876000 582 582 582 582
1626868800 582 582 582 582
1626861600 582 582 582 582
1626854400 582 582 582 582
1626847200 582 582 582 582
1626840000 582 582 582 582
1626832800 582 582 582 582
1626825600 582 582 582 582
1626818400 582 582 582 582
1626811200 582 582 582 582
1626804000 582 582 582 582
1626796800 582 582 582 582
1626789600 582 582 582 582
1626782400 582 582 582 582
1626775200 582 582 582 582
1626768000 582 582 582 582
1626760800 582 582 582 582
1626753600 582 582 582 582
1626746400 582 582 582 582
1626739200 582 582 582 582
1626732000 582 582 582 582
1626724800 582 582 582 582
1626717600 582 582 582 582
1626710400 582 582 582 582
1626703200 582 582 582 582
1626696000 582 582 582 582
1626688800 582 582 582 582
1626681600 582 582 582 582
1626674400 582 582 582 582
1626667200 582 582 582 582
1626660000 582 582 582 582
1626652800 582 582 582 582
1626645600 582 582 582 582
1626638400 582 582 582 582
1626631200 582 582 582 582
1626624000 582 582 582 582
1626616800 582 582 582 582
1626609600 582 582 582 582
1626602400 582 582 582 582
1626595200 582 582 582 582
1626588000 582 582 582 582
1626580800 582 582 582 582
1626573600 582 582 582 582
1626566400 582 582 582 582
1626559200 582 582 582 582
1626552000 582 582 582 582
1626544800 582 582 582 582
1626537600 582 582 582 582
1626530400 582 582 582 582
1626523200 582 582 582 582
1626516000 582 582 582 582
1626508800 582 582 582 582
1626501600 582 582 582 582
1626494400 582 582 582 582
1626487200 582 582 582 582
1626480000 582 582 582 582
1626472800 582 582 582 582
1626465600 582 582 582 582
1626458400 582 582 582 582
1626451200 582 582 582 582
1626444000 582 582 582 582
1626436800 582 582 582 582
1626429600 582 582 582 582
1626422400 582 582 582 582
1626415200 582 582 582 582
1626408000 582 582 582 582
1626400800 582 582 582 582
1626393600 582 582 582 582
1626386400 582 582 582 582
1626379200 582 582 582 582
1626372000 582 582 582 582
1626364800 582 582 582 582
1626357600 582 582 582 582
1626350400 582 582 582 582
1626343200 582 582 582 582
1626336000 582 582 582 582
1626328800 582 582 582 582
1626321600 582 582 582 582
1626314400 582 582 582 582
1626307200 582 582 582 582
1626300000 582 582 582 582
1626292800 582 582 582 582
1626285600 582 582 582 582
1626278400 582 582 582 582
1626271200 582 582 582 582
1626264000 582 582 582 582
1626256800 582 582 582 582
1626249600 582 582 582 582
1626242400 582 582 582 582
1626235200 582 582 582 582
1626228000 582 582 582 582
1626220800 582 582 582 582
1626213600 582 582 582 582
1626206400 582 582 582 582
1626199200 582 582 582 582
1626192000 582 582 582 582
1626184800 582 582 582 582
1626177600 582 582 582 582
1626170400 582 582 582 582
1626163200 582 582 582 582
1626156000 582 582 582 582
1626148800 582 582 582 582
1626141600 582 582 582 582
1626134400 582 582 582 582
1626127200 582 582 582 582
1626120000 582 582 582 582
1626112800 582 582 582 582
1626105600 582 582 582 582
1626098400 582 582 582 582
1626091200 582 582 582 582
1626084000 582 582 582 582
1626076800 582 582 582 582
1626069600 582 582 582 582
1626062400 582 582 582 582
1626055200 582 582 582 582
1626048000 582 582 582 582
1626040800 582 582 582 582
1626033600 582 582 582 582
1626026400 582 582 582 582
1626019200 582 582 582 582
1626012000 582 582 582 582
1626004800 582 582 582 582
1625997600 582 582 582 582
1625990400 582 582 582 582
1625983200 582 582 582 582
1625976000 582 582 582 582
1625968800 582 582 582 582
1625961600 582 582 582 582
1625954400 582 582 582 582
1625947200 582 582 582 582
1625940000 582 582 582 582
1625932800 582 582 582 582
1625925600 582 582 582 582
1625918400 582 582 582 582
1625911200 582 582 582 582
1625904000 582 582 582 582
1625896800 582 582 582 582
1625889600 582 582 582 582
1625882400 582 582 582 582
1625875200 582 582 582 582
1625868000 582 582 582 582
1625860800 582 582 582 582
1625853600 582 582 582 582
1625846400 582 582 582 582
1625839200 582 582 582 582
1625832000 582 582 582 582
1625824800 582 582 582 582
1625817600 582 582 582 582
1625810400 582 582 582 582
1625803200 582 582 582 582
1625796000 582 582 582 582
1625788800 582 582 582 582
1625781600 582 582 582 582
1625774400 582 582 582 582
1625767200 582 582 582 582
1625760000 582 582 582 582
1625752800 582 582 582 582
1625745600 582 582 582 582
1625738400 582 582 582 582
1625731200 582 582 582 582
1625724000 582 582 582 582
1625716800 582 582 582 582
1625709600 582 582 582 582
1625702400 582 582 582 582
1625695200 582 582 582 582
1625688000 582 582 582 582
1625680800 582 582 582 582
1625673600 582 582 582 582
1625666400 582 582 582 582
1625659200 582 582 582 582
1625652000 582 582 582 582
1625644800 582 582 582 582
1625637600 582 582 582 582
1625630400 582 582 582 582
1625623200 582 582 582 582
1625616000 582 582 582 582
1625608800 582 582 582 582
1625601600 582 582 582 582
1625594400 582 582 582 582
1625587200 582 582 582 582
1625580000 582 582 582 582
1625572800 582 582 582 582
1625565600 582 582 582 582
1625558400 582 582 582 582
1625551200 582 582 582 582
1625544000 582 582 582 582
1625536800 582 582 582 582
1625529600 582 582 582 582
1625522400 582 582 582 582
1625515200 582 582 582 582
1625508000 582 582 582 582
1625500800 582 582 582 582
1625493600 582 582 582 582
1625486400 582 582 582 582
1625479200 582 582 582 582
1625472000 582 582 582 582
1625464800 582 582 582 582
1625457600 582 582 582 582
1625450400 582 582 582 582
1625443200 582 582 582 582
1625436000 582 582 582 582
1625428800 582 582 582 582
1625421600 582 582 582 582
1625414400 582 582 582 582
1625407200 582 582 582 582
1625400000 582 582 582 582
1625392800 582 582 582 582
1625385600 582 582 582 582
1625378400 582 582 582 582
1625371200 582 582 582 582
1625364000 582 582 582 582
1625356800 582 582 582 582
1625349600 582 582 582 582
1625342400 582 582 582 582
1625335200 582 582 582 582
1625328000 582 582 582 582
1625320800 582 582 582 582
1625313600 582 582 582 582
1625306400 582 582 582 582
1625299200 582 582 582 582
1625292000 582 582 582 582
1625284800 582 582 582 582
1625277600 582 582 582 582
1625270400 582 582 582 582
1625263200 582 582 582 582
1625256000 582 582 582 582
1625248800 582 582 582 582
1625241600 582 582 582 582
1625234400 582 582 582 582
1625227200 582 582 582 582
1625220000 582 582 582 582
1625212800 582 582 582 582
1625205600 582 582 582 582
1625198400 582 582 582 582
1625191200 582 582 582 582
1625184000 582 582 582 582
1625176800 582 582 582 582
1625169600 582 582 582 582
1625162400 582 582 582 582
1625155200 582 582 582 582
1625148000 582 582 582 582
1625140800 582 582 582 582
1625133600 582 582 582 582
1625126400 582 582 582 582
1625119200 582 582 582 582
1625112000 582 582 582 582
1625104800 582 582 582 582
1625097600 582 582 582 582
1625090400 582 582 582 582
1625083200 582 582 582 582
1625076000 582 582 582 582
1625068800 582 582 582 582
1625061600 582 582 582 582
1625054400 582 582 582 582
1625047200 582 582 582 582
1625040000 582 582 582 582
1625032800 582 582 582 582
1625025600 582 582 582 582
1625018400 582 582 582 582
1625011200 582 582 582 582
1625004000 582 582 582 582
1624996800 582 582 582 582
1624989600 582 582 582 582
1624982400 582 582 582 582
1624975200 582 582 582 582
1624968000 582 582 582 582
1624960800 582 582 582 582
1624953600 582 582 582 582
1624946400 582 582 582 582
1624939200 582 582 582 582
1624932000 582 582 582 582
1624924800 582 582 582 582
1624917600 582 582 582 582
1624910400 582 582 582 582
1624903200 582 582 582 582
1624896000 582 582 582 582
1624888800 582 582 582 582
1624881600 582 582 582 582
1624874400 582 582 582 582
1624867200 582 582 582 582
1624860000 582 582 582 582
1624852800 582 582 582 582
1624845600 582 582 582 582
1624838400 582 582 582 582
1624831200 582 582 582 582
1624824000 582 582 582 582
1624816800 582 582 582 582
1624809600 582 582 582 582
1624802400 582 582 582 582
1624795200 582 582 582 582
1624788000 582 582 582 582
1624780800 582 582 582 582
1624773600 582 582 582 582
1624766400 582 582 582 582
1624759200 582 582 582 582
1624752000 582 582 582 582
1624744800 582 582 582 582
1624737600 582 582 582 582
1624730400 582 582 582 582
1624723200 582 582 582 582
1624716000 582 582 582 582
1624708800 582 582 582 582
1624701600 582 582 582 582
1624694400 582 582 582 582
1624687200 582 582 582 582
1624680000 582 582 582 582
1624672800 582 582 582 582
1624665600 582 582 582 582
1624658400 582 582 582 582
1624651200 582 582 582 582
1624644000 582 582 582 582
1624636800 582 582 582 582
1624629600 582 582 582 582
1624622400 582 582 582 582
1624615200 582 582 582 582
1624608000 582 582 582 582
1624600800 582 582 582 582
1624593600 582 582 582 582
1624586400 582 582 582 582
1624579200 582 582 582 582
1624572000 582 582 582 582
1624564800 582 582 582 582
1624557600 582 582 582 582
1624550400 582 582 582 582
1624543200 582 582 582 582
1624536000 582 582 582 582
1624528800 582 582 582 582
1624521600 582 582 582 582
1624514400 582 582 582 582
1624507200 582 582 582 582
1624500000 582 582 582 582
1624492800 582 582 582 582
1624485600 582 582 582 582
1624478400 582 582 582 582
1624471200 582 582 582 582
1624464000 582 582 582 582
1624456800 582 582 582 582
1624449600 582 582 582 582
1624442400 582 582 582 582
1624435200 582 582 582 582
1624428000 582 582 582 582
1624420800 582 582 582 582
1624413600 582 582 582 582
1624406400 582 582 582 582
1624399200 582 582 582 582
1624392000 582 582 582 582
1624384800 582 582 582 582
1624377600 582 582 582 582
1624370400 582 582 582 582
1624363200 582 582 582 582
1624356000 582 582 582 582
1624348800 582 582 582 582
1624341600 582 582 582 582
1624334400 582 582 582 582
1624327200 582 582 582 582
1624320000 582 582 582 582
1624312800 582 582 582 582
1624305600 582 582 582 582
1624298400 582 582 582 582
1624291200 582 582 582 582
1624284000 582 582 582 582
1624276800 582 582 582 582
1624269600 582 582 582 582
1624262400 582 582 582 582
1624255200 582 582 582 582
1624248000 582 582 582 582
1624240800 582 582 582 582
1624233600 582 582 582 582
1624226400 582 582 582 582
1624219200 582 582 582 582
1624212000 582 582 582 582
1624204800 582 582 582 582
1624197600 582 582 582 582
1624190400 582 582 582 582
1624183200 582 582 582 582
1624176000 582 582 582 582
1624168800 582 582 582 582
1624161600 582 582 582 582
1624154400 582 582 582 582
1624147200 582 582 582 582
1624140000 582 582 582 582
1624132800 582 582 582 582
1624125600 582 582 582 582
1624118400 582 582 582 582
1624111200 582 582 582 582
1624104000 582 582 582 582
1624096800 582 582 582 582
1624089600 582 582 582 582
1624082400 582 582 582 582
1624075200 582 582 582 582
1624068000 582 582 582 582
1624060800 582 582 582 582
1624053600 582 582 582 582
1624046400 582 582 582 582
1624039200 582 582 582 582
1624032000 582 582 582 582
1624024800 582 582 582 582
1624017600 582 582 582 582
1624010400 582 582 582 582
1624003200 582 582 582 582
1623996000 582 582 582 582
1623988800 582 582 582 582
1623981600 582 582 582 582
1623974400 582 582 582 582
1623967200 582 582 582 582
1623960000 582 582 582 582
1623952800 582 582 582 582
1623945600 582 582 582 582
1623938400 582 582 582 582
1623931200 582 582 582 582
1623924000 582 582 582 582
1623916800 582 582 582 582
1623909600 582 582 582 582
1623902400 582 582 582 582
1623895200 582 582 582 582
1623888000 582 582 582 582
1623880800 582 582 582 582
1623873600 582 582 582 582
1623866400 582 582 582 582
1623859200 582 582 582 582
1623852000 582 582 582 582
1623844800 582 582 582 582
1623837600 582 582 582 582
1623830400 582 582 582 582
1623823200 582 582 582 582
1623816000 582 582 582 582
1623808800 582 582 582 582
1623801600 582 582 582 582
1623794400 582 582 582 582
1623787200 582 582 582 582
1623780000 582 582 582 582
1623772800 582 582 582 582
1623765600 582 582 582 582
1623758400 582 582 582 582
1623751200 582 582 582 582
1623744000 582 582 582 582
1623736800 582 582 582 582
1623729600 582 582 582 582
1623722400 582 582 582 582
1623715200 582 582 582 582
1623708000 582 582 582 582
1623700800 582 582 582 582
1623693600 582 582 582 582
1623628800 582 582 582 582
1623542400 582 582 582 582
1623456000 582 582 582 582
1623369600 582 582 582 582
1623283200 582 582 582 582
1623196800 582 582 582 582
1623110400 582 582 582 582
1623024000 582 582 582 582
1622937600 582 582 582 582
1622851200 582 582 582 582
1622764800 582 582 582 582
1622678400 582 582 582 582
1622592000 582 582 582 582
1622505600 582 582 582 582
1622419200 582 582 582 582
1622332800 582 582 582 582
1622246400 582 582 582 582
1622160000 582 582 582 582
1622073600 582 582 582 582
1621987200 582 582 582 582
1621900800 582 582 582 582
1621814400 582 582 582 582
1621728000 582 582 582 582
1621641600 582 582 582 582
1621555200 582 582 582 582
1621468800 582 582 582 582
1621382400 582 582 582 582
1621296000 582 582 582 582
1621209600 582 582 582 582
1621123200 582 582 582 582
1621036800 582 582 582 582
1620950400 582 582 582 582
1620864000 582 582 582 582
1620777600 582 582 582 582
1620691200 582 582 582 582
1620604800 582 582 582 582
1620518400 582 582 582 582
1620432000 582 582 582 582
1620345600 582 582 582 582
1620259200 582 582 582 582
1620172800 582 582 582 582
1620086400 582 582 582 582
1620000000 582 582 582 582
1619913600 582 582 582 582
1619827200 582 582 582 582
1619740800 582 582 582 582
1619654400 582 582 582 582
1619568000 582 582 582 582
1619481600 582 582 582 582
1619395200 582 582 582 582
1619308800 582 582 582 582
1619222400 582 582 582 582
1619136000 582 582 582 582
1619049600 582 582 582 582
1618963200 582 582 582 582
1618876800 582 582 582 582
1618790400 582 582 582 582
1618704000 582 582 582 582
1618617600 582 582 582 582
1618531200 582 582 582 582
1618444800 582 582 582 582
1618358400 582 582 582 582
1618272000 582 582 582 582
1618185600 582 582 582 582
1618099200 582 582 582 582
1618012800 582 582 582 582
1617926400 582 582 582 582
1617840000 582 582 582 582
1617753600 582 582 582 582
1617667200 582 582 582 582
1617580800 582 582 582 582
1617494400 582 582 582 582
1617408000 582 582 582 582
1617321600 582 582 582 582
1617235200 582 582 582 582
1617148800 582 582 582 582
1617062400 582 582 582 582
1616976000 582 582 582 582
1616889600 582 582 582 582
1616803200 582 582 582 582
1616716800 582 582 582 582
1616630400 582 582 582 582
1616544000 582 582 582 582
1616457600 234 234 582 582
1616371200 0 0 0 0
1616284800 0 0 0 0
1616198400 0 0 0 0
1616112000 0 0 0 0
1616025600 0 0 0 0
1615939200 0 0 0 0
1615852800 0 0 0 0
1615766400 0 0 0 0
1615680000 0 0 0 0
1615593600 0 0 0 0
1615507200 0 0 0 0
1615420800 0 0 0 0
1615334400 0 0 0 0
1615248000 0 0 0 0
1615161600 0 0 0 0
1615075200 0 0 0 0
1614988800 0 0 0 0
1614902400 0 0 0 0
1614816000 0 0 0 0
1614729600 0 0 0 0
1614643200 0 0 0 0
1614556800 0 0 0 0
1614470400 0 0 0 0
1614384000 0 0 0 0
1614297600 0 0 0 0
1614211200 0 0 0 0
1614124800 0 0 0 0
1614038400 0 0 0 0
1613952000 0 0 0 0
1613865600 0 0 0 0
1613779200 0 0 0 0
1613692800 0 0 0 0
1613606400 0 0 0 0
1613520000 0 0 0 0
1613433600 0 0 0 0
1613347200 0 0 0 0
1613260800 0 0 0 0
1613174400 0 0 0 0
1613088000 0 0 0 0
1613001600 0 0 0 0
1612915200 0 0 0 0
1612828800 0 0 0 0
1612742400 0 0 0 0
1612656000 0 0 0 0
1612569600 0 0 0 0
1612483200 0 0 0 0
1612396800 0 0 0 0
1612310400 0 0 0 0
1612224000 0 0 0 0
1612137600 0 0 0 0
1612051200 0 0 0 0
1611964800 0 0 0 0
1611878400 0 0 0 0
1611792000 0 0 0 0
1611705600 0 0 0 0
1611619200 0 0 0 0
1611532800 0 0 0 0
1611446400 0 0 0 0
1611360000 0 0 0 0
1611273600 0 0 0 0
1611187200 0 0 0 0
1611100800 0 0 0 0
1611014400 0 0 0 0
1610928000 0 0 0 0
1610841600 0 0 0 0
1610755200 0 0 0 0
1610668800 0 0 0 0
1610582400 0 0 0 0
1610496000 0 0 0 0
1610409600 0 0 0 0
1610323200 0 0 0 0
1610236800 0 0 0 0
1610150400 0 0 0 0
1610064000 0 0 0 0
1609977600 0 0 0 0
1609891200 0 0 0 0
1609804800 0 0 0 0
1609718400 0 0 0 0
1609632000 0 0 0 0
1609545600 0 0 0 0
1609459200 0 0 0 0
1609372800 0 0 0 0
1609286400 0 0 0 0
1609200000 0 0 0 0
1609113600 0 0 0 0
1609027200 0 0 0 0
1608940800 0 0 0 0
1608854400 0 0 0 0
1608768000 0 0 0 0
1608681600 0 0 0 0
1608595200 0 0 0 0
1608508800 0 0 0 0
1608422400 0 0 0 0
1608336000 0 0 0 0
1608249600 0 0 0 0
1608163200 0 0 0 0
1608076800 0 0 0 0
1607990400 0 0 0 0
1607904000 0 0 0 0
1607817600 0 0 0 0
1607731200 0 0 0 0
1607644800 0 0 0 0
1607558400 0 0 0 0
1607472000 0 0 0 0
1607385600 0 0 0 0
1607299200 0 0 0 0
1607212800 0 0 0 0
1607126400 0 0 0 0
1607040000 0 0 0 0
1606953600 0 0 0 0
1606867200 0 0 0 0
1606780800 0 0 0 0
1606694400 0 0 0 0
1606608000 0 0 0 0
1606521600 0 0 0 0
1606435200 0 0 0 0
1606348800 0 0 0 0
1606262400 0 0 0 0
1606176000 0 0 0 0
1606089600 0 0 0 0
1606003200 0 0 0 0
1605916800 0 0 0 0
1605830400 0 0 0 0
1605744000 0 0 0 0
1605657600 0 0 0 0
1605571200 0 0 0 0
1605484800 0 0 0 0
1605398400 0 0 0 0
1605312000 0 0 0 0
1605225600 0 0 0 0
1605139200 0 0 0 0
1605052800 0 0 0 0
1604966400 0 0 0 0
1604880000 0 0 0 0
1604793600 0 0 0 0
1604707200 0 0 0 0
1604620800 0 0 0 0
1604534400 0 0 0 0
1604448000 0 0 0 0
1604361600 0 0 0 0
1604275200 0 0 0 0
1604188800 0 0 0 0
1604102400 0 0 0 0
1604016000 0 0 0 0
1603929600 0 0 0 0
1603843200 0 0 0 0
1603756800 0 0 0 0
1603670400 0 0 0 0
1603584000 0 0 0 0
1603497600 0 0 0 0
1603411200 0 0 0 0
1603324800 0 0 0 0
1603238400 0 0 0 0
1603152000 0 0 0 0
1603065600 0 0 0 0
1602979200 0 0 0 0
1602892800 0 0 0 0
1602806400 0 0 0 0
1602720000 0 0 0 0
1602633600 0 0 0 0
1602547200 0 0 0 0
1602460800 0 0 0 0
1602374400 0 0 0 0
1602288000 0 0 0 0
1602201600 0 0 0 0
1602115200 0 0 0 0
1602028800 0 0 0 0
1601942400 0 0 0 0
1601856000 0 0 0 0
1601769600 0 0 0 0
1601683200 0 0 0 0
1601596800 0 0 0 0
1601510400 0 0 0 0
1601424000 0 0 0 0
1601337600 0 0 0 0
1601251200 0 0 0 0
1601164800 0 0 0 0
1601078400 0 0 0 0
1600992000 0 0 0 0
1600905600 0 0 0 0
1600819200 0 0 0 0
1600732800 0 0 0 0
1600646400 0 0 0 0
1600560000 0 0 0 0
1600473600 0 0 0 0
1600387200 0 0 0 0
1600300800 0 0 0 0
1600214400 0 0 0 0
1600128000 0 0 0 0
1600041600 0 0 0 0
1599955200 0 0 0 0
1599868800 0 0 0 0
1599782400 0 0 0 0
1599696000 0 0 0 0
1599609600 0 0 0 0
1599523200 0 0 0 0
1599436800 0 0 0 0
1599350400 0 0 0 0
1599264000 0 0 0 0
1599177600 0 0 0 0
1599091200 0 0 0 0
1599004800 0 0 0 0
1598918400 0 0 0 0
1598832000 0 0 0 0
1598745600 0 0 0 0
1598659200 0 0 0 0
1598572800 0 0 0 0
1598486400 0 0 0 0
1598400000 0 0 0 0
1598313600 0 0 0 0
1598227200 0 0 0 0
1598140800 0 0 0 0
1598054400 0 0 0 0
1597968000 0 0 0 0
1597881600 0 0 0 0
1597795200 0 0 0 0
1597708800 0 0 0 0
1597622400 0 0 0 0
1597536000 0 0 0 0
1597449600 0 0 0 0
1597363200 0 0 0 0
1597276800 0 0 0 0
1597190400 0 0 0 0
1597104000 0 0 0 0
1597017600 0 0 0 0
1596931200 0 0 0 0
1596844800 0 0 0 0
1596758400 0 0 0 0
1596672000 0 0 0 0
1596585600 0 0 0 0
1596499200 0 0 0 0
1596412800 0 0 0 0
1596326400 0 0 0 0
1596240000 0 0 0 0
1596153600 0 0 0 0
1596067200 0 0 0 0
1595980800 0 0 0 0
1595894400 0 0 0 0
1595808000 0 0 0 0
1595721600 0 0 0 0
1595635200 0 0 0 0
1595548800 0 0 0 0
1595462400 0 0 0 0
1595376000 0 0 0 0
1595289600 0 0 0 0
1595203200 0 0 0 0
1595116800 0 0 0 0
1595030400 0 0 0 0
1594944000 0 0 0 0
1594857600 0 0 0 0
1594771200 0 0 0 0
1594684800 0 0 0 0
1594598400 0 0 0 0
1594512000 0 0 0 0
1594425600 0 0 0 0
1594339200 0 0 0 0
1594252800 0 0 0 0
1594166400 0 0 0 0
1594080000 0 0 0 0
1593993600 0 0 0 0
1593907200 0 0 0 0
1593820800 0 0 0 0
1593734400 0 0 0 0
1593648000 0 0 0 0
1593561600 0 0 0 0
1593475200 0 0 0 0
1593388800 0 0 0 0
1593302400 0 0 0 0
1593216000 0 0 0 0
1593129600 0 0 0 0
1593043200 0 0 0 0
1592956800 0 0 0 0
1592870400 0 0 0 0
1592784000 0 0 0 0
1592697600 0 0 0 0
1592611200 0 0 0 0
1592524800 0 0 0 0
1592438400 0 0 0 0
1592352000 0 0 0 0
1592265600 0 0 0 0
1592179200 0 0 0 0
1592092800 0 0 0 0
1592006400 0 0 0 0
1591920000 0 0 0 0
1591833600 0 0 0 0
1591747200 0 0 0 0
1591660800 0 0 0 0
1591574400 0 0 0 0
1591488000 0 0 0 0
1591401600 0 0 0 0
1591315200 0 0 0 0
1591228800 0 0 0 0
1591142400 0 0 0 0
1591056000 0 0 0 0
1590969600 0 0 0 0
1590883200 0 0 0 0
1590796800 0 0 0 0
1590710400 0 0 0 0
1590624000 0 0 0 0
1590537600 0 0 0 0
1590451200 0 0 0 0
1590364800 0 0 0 0
1590278400 0 0 0 0
1590192000 0 0 0 0
1590105600 0 0 0 0
1590019200 0 0 0 0
1589932800 0 0 0 0
1589846400 0 0 0 0
1589760000 0 0 0 0
1589673600 0 0 0 0
1589587200 0 0 0 0
1589500800 0 0 0 0
1589414400 0 0 0 0
1589328000 0 0 0 0
1589241600 0 0 0 0
1589155200 0 0 0 0
1589068800 0 0 0 0
1588982400 0 0 0 0
1588896000 0 0 0 0
1588809600 0 0 0 0
1588723200 0 0 0 0
1588636800 0 0 0 0
1588550400 0 0 0 0
1588464000 0 0 0 0
1588377600 0 0 0 0
1588291200 0 0 0 0
1588204800 0 0 0 0
1588118400 0 0 0 0
1588032000 0 0 0 0
1587945600 0 0 0 0
1587859200 0 0 0 0
1587772800 0 0 0 0
1587686400 0 0 0 0
1587600000 0 0 0 0
1587513600 0 0 0 0
1587427200 0 0 0 0
1587340800 0 0 0 0
1587254400 0 0 0 0
1587168000 0 0 0 0
1587081600 0 0 0 0
1586995200 0 0 0 0
1586908800 0 0 0 0
1586822400 0 0 0 0
1586736000 0 0 0 0
1586649600 0 0 0 0
1586563200 0 0 0 0
1586476800 0 0 0 0
1586390400 0 0 0 0
1586304000 0 0 0 0
1586217600 0 0 0 0
1586131200 0 0 0 0
1586044800 0 0 0 0
1585958400 0 0 0 0
1585872000 0 0 0 0
1585785600 0 0 0 0
1585699200 0 0 0 0
1585612800 0 0 0 0
1585526400 0 0 0 0
1585440000 0 0 0 0
1585353600 0 0 0 0
1585267200 0 0 0 0
1585180800 0 0 0 0
1585094400 0 0 0 0
1585008000 0 0 0 0
1584921600 0 0 0 0
1584835200 0 0 0 0
1584748800 0 0 0 0
1584662400 0 0 0 0
1584576000 0 0 0 0
1584489600 0 0 0 0
1584403200 0 0 0 0
1584316800 0 0 0 0
1584230400 0 0 0 0
1584144000 0 0 0 0
1584057600 0 0 0 0
1583971200 0 0 0 0
1583884800 0 0 0 0
1583798400 0 0 0 0
1583712000 0 0 0 0
1583625600 0 0 0 0
1583539200 0 0 0 0
1583452800 0 0 0 0
1583366400 0 0 0 0
1583280000 0 0 0 0
1583193600 0 0 0 0
1583107200 0 0 0 0
1583020800 0 0 0 0
1582934400 0 0 0 0
1582848000 0 0 0 0
1582761600 0 0 0 0
1582675200 0 0 0 0
1582588800 0 0 0 0
1582502400 0 0 0 0
1582416000 0 0 0 0
1582329600 0 0 0 0
1582243200 0 0 0 0
1582156800 0 0 0 0
1582070400 0 0 0 0
1581984000 0 0 0 0
1581897600 0 0 0 0
1581811200 0 0 0 0
1581724800 0 0 0 0
1581638400 0 0 0 0
1581552000 0 0 0 0
1581465600 0 0 0 0
1581379200 0 0 0 0
1581292800 0 0 0 0
1581206400 0 0 0 0
1581120000 0 0 0 0
1581033600 0 0 0 0
1580947200 0 0 0 0
1580860800 0 0 0 0
1580774400 0 0 0 0
1580688000 0 0 0 0
1580601600 0 0 0 0
1580515200 0 0 0 0
1580428800 0 0 0 0
1580342400 0 0 0 0
1580256000 0 0 0 0
1580169600 0 0 0 0
1580083200 0 0 0 0
1579996800 0 0 0 0
1579910400 0 0 0 0
1579824000 0 0 0 0
1579737600 0 0 0 0
1579651200 0 0 0 0
1579564800 0 0 0 0
1579478400 0 0 0 0
1579392000 0 0 0 0
1579305600 0 0 0 0
1579219200 0 0 0 0
1579132800 0 0 0 0
1579046400 0 0 0 0
1578960000 0 0 0 0
1578873600 0 0 0 0
1578787200 0 0 0 0
1578700800 0 0 0 0
1578614400 0 0 0 0
1578528000 0 0 0 0
1578441600 0 0 0 0
1578355200 0 0 0 0
1578268800 0 0 0 0
1578182400 0 0 0 0
1578096000 0 0 0 0
1578009600 0 0 0 0
1577923200 0 0 0 0
1577836800 0 0 0 0
1577750400 0 0 0 0
1577664000 0 0 0 0
1577577600 0 0 0 0
1577491200 0 0 0 0
1577404800 0 0 0 0
1577318400 0 0 0 0
1577232000 0 0 0 0
1577145600 0 0 0 0
1577059200 0 0 0 0
1576972800 0 0 0 0
1576886400 0 0 0 0
1576800000 0 0 0 0
1576713600 0 0 0 0
1576627200 0 0 0 0
1576540800 0 0 0 0
1576454400 0 0 0 0
1576368000 0 0 0 0
1576281600 0 0 0 0
1576195200 0 0 0 0
1576108800 0 0 0 0
1576022400 0 0 0 0
1575936000 0 0 0 0
1575849600 0 0 0 0
1575763200 0 0 0 0
1575676800 0 0 0 0
1575590400 0 0 0 0
1575504000 0 0 0 0
1575417600 0 0 0 0
1575331200 0 0 0 0
1575244800 0 0 0 0
1575158400 0 0 0 0
1575072000 0 0 0 0
1574985600 0 0 0 0
1574899200 0 0 0 0
1574812800 0 0 0 0
1574726400 0 0 0 0
1574640000 0 0 0 0
1574553600 0 0 0 0
1574467200 0 0 0 0
1574380800 0 0 0 0
1574294400 0 0 0 0
1574208000 0 0 0 0
1574121600 0 0 0 0
1574035200 0 0 0 0
1573948800 0 0 0 0
1573862400 0 0 0 0
1573776000 0 0 0 0
1573689600 0 0 0 0
1573603200 0 0 0 0
1573516800 0 0 0 0
1573430400 0 0 0 0
1573344000 0 0 0 0
1573257600 0 0 0 0
1573171200 0 0 0 0
1573084800 0 0 0 0
1572998400 0 0 0 0
1572912000 0 0 0 0
1572825600 0 0 0 0
1572739200 0 0 0 0
1572652800 0 0 0 0
1572566400 0 0 0 0
1572480000 0 0 0 0
1572393600 0 0 0 0
1572307200 0 0 0 0
1572220800 0 0 0 0
1572134400 0 0 0 0
1572048000 0 0 0 0
1571961600 0 0 0 0
1571875200 0 0 0 0
1571788800 0 0 0 0
1571702400 0 0 0 0
1571616000 0 0 0 0
1571529600 0 0 0 0
1571443200 0 0 0 0
1571356800 0 0 0 0
1571270400 0 0 0 0
1571184000 0 0 0 0
1571097600 0 0 0 0
1571011200 0 0 0 0
1570924800 0 0 0 0
1570838400 0 0 0 0
1570752000 0 0 0 0
1570665600 0 0 0 0
1570579200 0 0 0 0
1570492800 0 0 0 0
1570406400 0 0 0 0
1570320000 0 0 0 0
1570233600 0 0 0 0
1570147200 0 0 0 0
1570060800 0 0 0 0
1569974400 0 0 0 0
1569888000 0 0 0 0
1569801600 0 0 0 0
1569715200 0 0 0 0
1569628800 0 0 0 0
1569542400 0 0 0 0
1569456000 0 0 0 0
1569369600 0 0 0 0
1569283200 0 0 0 0
1569196800 0 0 0 0
1569110400 0 0 0 0
1569024000 0 0 0 0
1568937600 0 0 0 0
1568851200 0 0 0 0
1568764800 0 0 0 0
1568678400 0 0 0 0
1568592000 0 0 0 0
1568505600 0 0 0 0
1568419200 0 0 0 0
1568332800 0 0 0 0
1568246400 0 0 0 0
1568160000 0 0 0 0
1568073600 0 0 0 0
1567987200 0 0 0 0
1567900800 0 0 0 0
1567814400 0 0 0 0
1567728000 0 0 0 0
1567641600 0 0 0 0
1567555200 0 0 0 0
1567468800 0 0 0 0
1567382400 0 0 0 0
1567296000 0 0 0 0
1567209600 0 0 0 0
1567123200 0 0 0 0
1567036800 0 0 0 0
1566950400 0 0 0 0
1566864000 0 0 0 0
1566777600 0 0 0 0
1566691200 0 0 0 0
1566604800 0 0 0 0
1566518400 0 0 0 0
1566432000 0 0 0 0
1566345600 0 0 0 0
1566259200 0 0 0 0
1566172800 0 0 0 0
1566086400 0 0 0 0
1566000000 0 0 0 0
1565913600 0 0 0 0
1565827200 0 0 0 0
1565740800 0 0 0 0
1565654400 0 0 0 0
1565568000 0 0 0 0
1565481600 0 0 0 0
1565395200 0 0 0 0
1565308800 0 0 0 0
1565222400 0 0 0 0
1565136000 0 0 0 0
1565049600 0 0 0 0
1564963200 0 0 0 0
1564876800 0 0 0 0
1564790400 0 0 0 0
1564704000 0 0 0 0
1564617600 0 0 0 0
1564531200 0 0 0 0
1564444800 0 0 0 0
1564358400 0 0 0 0
1564272000 0 0 0 0
1564185600 0 0 0 0
1564099200 0 0 0 0
1564012800 0 0 0 0
1563926400 0 0 0 0
1563840000 0 0 0 0
1563753600 0 0 0 0
1563667200 0 0 0 0
1563580800 0 0 0 0
1563494400 0 0 0 0
1563408000 0 0 0 0
1563321600 0 0 0 0
1563235200 0 0 0 0
1563148800 0 0 0 0
1563062400 0 0 0 0
1562976000 0 0 0 0
1562889600 0 0 0 0
1562803200 0 0 0 0
1562716800 0 0 0 0
1562630400 0 0 0 0
1562544000 0 0 0 0
1562457600 0 0 0 0
1562371200 0 0 0 0
1562284800 0 0 0 0
1562198400 0 0 0 0
1562112000 0 0 0 0
1562025600 0 0 0 0
1561939200 0 0 0 0
1561852800 0 0 0 0
1561766400 0 0 0 0
1561680000 0 0 0 0
1561593600 0 0 0 0
1561507200 0 0 0 0
1561420800 0 0 0 0
1561334400 0 0 0 0
1561248000 0 0 0 0
1561161600 0 0 0 0
1561075200 0 0 0 0
1560988800 0 0 0 0
1560902400 0 0 0 0
1560816000 0 0 0 0
1560729600 0 0 0 0
1560643200 0 0 0 0
1560556800 0 0 0 0
1560470400 0 0 0 0
