1629278701 32 32
1629278701 32 32 32 32
1629278401 32 32 32 32
1629278400 32 32 32 32
1629278100 32 32 32 32
1629277800 32 32 32 32
1629277500 32 32 32 32
1629277200 31 31 32 32
1629276900 31 31 31 31
1629276600 30 30 31 31
1629276300 30 30 30 30
1629276000 30 30 30 30
1629275700 30 30 30 30
1629275400 30 30 30 30
1629275100 30 30 30 30
1629274800 30 30 30 30
1629274500 30 30 30 30
1629274200 30 30 30 30
1629273900 30 30 30 30
1629273600 30 30 30 30
1629273300 30 30 30 30
1629273000 30 30 30 30
1629272700 30 30 30 30
1629272400 30 30 30 30
1629272100 30 30 30 30
1629271800 30 30 30 30
1629271500 30 30 30 30
1629271200 30 30 30 30
1629270900 30 30 30 30
1629270600 30 30 30 30
1629270300 30 30 30 30
1629270000 30 30 30 30
1629269700 30 30 30 30
1629269400 30 30 30 30
1629269100 30 30 30 30
1629268800 30 30 30 30
1629268500 30 30 30 30
1629268200 30 30 30 30
1629267900 30 30 30 30
1629267600 30 30 30 30
1629267300 30 30 30 30
1629267000 30 30 30 30
1629266700 30 30 30 30
1629266400 30 30 30 30
1629266100 30 30 30 30
1629265800 30 30 30 30
1629265500 30 30 30 30
1629265200 30 30 30 30
1629264900 30 30 30 30
1629264600 30 30 30 30
1629264300 30 30 30 30
1629264000 30 30 30 30
1629263700 30 30 31 31
1629263400 31 31 31 31
1629263100 31 31 31 31
1629262800 31 31 31 31
1629262500 31 31 31 31
1629262200 31 31 31 31
1629261900 31 31 31 31
1629261600 31 31 31 31
1629261300 31 31 31 31
1629261000 31 31 31 31
1629260700 31 31 31 31
1629260400 31 31 31 31
1629260100 31 31 31 31
1629259800 31 31 31 31
1629259500 31 31 31 31
1629259200 31 31 31 31
1629258900 31 31 31 31
1629258600 31 31 31 31
1629258300 31 31 31 31
1629258000 31 31 31 31
1629257700 31 31 31 31
1629257400 31 31 31 31
1629257100 31 31 31 31
1629256800 31 31 31 31
1629256500 31 31 31 31
1629256200 31 31 31 31
1629255900 31 31 31 31
1629255600 31 31 32 32
1629255300 32 32 32 32
1629255000 32 32 32 32
1629254700 32 32 32 32
1629254400 32 32 32 32
1629254100 32 32 32 32
1629253800 32 32 32 32
1629253500 32 32 32 32
1629253200 32 32 32 32
1629252900 32 32 33 33
1629252600 33 33 33 33
1629252300 33 33 33 33
1629252000 33 33 33 33
1629251700 33 33 33 33
1629251400 33 33 33 33
1629251100 33 33 34 34
1629250800 34 34 34 34
1629250500 34 34 35 35
1629250200 35 35 35 35
1629249900 35 35 36 36
1629249600 36 36 36 36
1629249300 36 36 37 37
1629249000 37 37 37 37
1629248700 37 37 37 37
1629248400 37 37 38 38
1629248100 38 38 38 38
1629247800 38 38 38 38
1629247500 38 38 38 38
1629247200 38 38 38 38
1629246900 38 38 38 38
1629246600 37 37 38 38
1629246300 37 37 37 37
1629246000 37 37 37 37
1629245700 37 37 37 37
1629245400 37 37 37 37
1629245100 37 37 37 37
1629244800 37 37 37 37
1629244500 37 37 37 37
1629244200 37 37 37 37
1629243900 37 37 37 37
1629243600 37 37 37 37
1629243300 37 37 37 37
1629243000 37 37 37 37
1629242700 37 37 37 37
1629242400 37 37 37 37
1629242100 37 37 37 37
1629241800 37 37 37 37
1629241500 37 37 37 37
1629241200 37 37 37 37
1629240900 37 37 37 37
1629240600 37 37 37 37
1629240300 37 37 37 37
1629240000 37 37 37 37
1629239700 37 37 37 37
1629239400 37 37 37 37
1629239100 37 37 37 37
1629238800 37 37 37 37
1629238500 37 37 37 37
1629238200 37 37 37 37
1629237900 37 37 37 37
1629237600 37 37 37 37
1629237300 37 37 37 37
1629237000 37 37 37 37
1629236700 37 37 37 37
1629236400 37 37 37 37
1629236100 37 37 37 37
1629235800 37 37 37 37
1629235500 37 37 37 37
1629235200 37 37 37 37
1629234900 37 37 37 37
1629234600 37 37 37 37
1629234300 37 37 37 37
1629234000 37 37 37 37
1629233700 37 37 37 37
1629233400 37 37 37 37
1629233100 37 37 37 37
1629232800 37 37 37 37
1629232500 37 37 37 37
1629232200 37 37 37 37
1629231900 37 37 37 37
1629231600 37 37 37 37
1629231300 37 37 37 37
1629231000 37 37 37 37
1629230700 37 37 37 37
1629230400 37 37 37 37
1629230100 37 37 37 37
1629229800 37 37 37 37
1629229500 37 37 37 37
1629229200 37 37 37 37
1629228900 37 37 37 37
1629228600 37 37 37 37
1629228300 37 37 37 37
1629228000 37 37 37 37
1629227700 37 37 37 37
1629227400 37 37 37 37
1629227100 37 37 37 37
1629226800 36 36 37 37
1629226500 36 36 36 36
1629226200 36 36 36 36
1629225900 36 36 36 36
1629225600 36 36 36 36
1629225300 36 36 36 36
1629225000 36 36 37 37
1629224700 37 37 37 37
1629224400 37 37 37 37
1629224100 37 37 37 37
1629223800 37 37 37 37
1629223500 37 37 37 37
1629223200 37 37 37 37
1629222900 36 36 37 37
1629222600 36 36 36 36
1629222300 36 36 36 36
1629222000 36 36 36 36
1629221700 36 36 36 36
1629221400 36 36 36 36
1629221100 36 36 36 36
1629220800 36 36 36 36
1629220500 36 36 36 36
1629220200 36 36 36 36
1629219900 36 36 36 36
1629219600 36 36 36 36
1629219300 36 36 36 36
1629219000 36 36 36 36
1629218700 36 36 36 36
1629218400 36 36 36 36
1629218100 36 36 36 36
1629217800 36 36 37 37
1629217500 37 37 37 37
1629217200 36 36 37 37
1629216900 36 36 36 36
1629216600 36 36 37 37
1629216300 37 37 37 37
1629216000 37 37 37 37
1629215700 37 37 37 37
1629215400 37 37 37 37
1629215100 37 37 37 37
1629214800 37 37 37 37
1629214500 37 37 37 37
1629214200 37 37 37 37
1629213900 36 36 37 37
1629213600 36 36 36 36
1629213300 36 36 37 37
1629213000 37 37 37 37
1629212700 37 37 37 37
1629212400 37 37 37 37
1629212100 37 37 37 37
1629211800 37 37 37 37
1629211500 37 37 37 37
1629211200 37 37 37 37
1629210900 36 36 37 37
1629210600 36 36 36 36
1629210300 36 36 36 36
1629210000 36 36 36 36
1629209700 36 36 36 36
1629209400 36 36 36 36
1629209100 36 36 36 36
1629208800 36 36 36 36
1629208500 36 36 36 36
1629208200 36 36 36 36
1629207900 36 36 36 36
1629207600 36 36 36 36
1629207300 36 36 36 36
1629207000 36 36 36 36
1629206700 36 36 36 36
1629206400 36 36 36 36
1629206100 36 36 36 36
1629205800 36 36 36 36
1629205500 36 36 36 36
1629205200 36 36 36 36
1629204900 36 36 36 36
1629204600 36 36 36 36
1629204300 36 36 36 36
1629204000 36 36 36 36
1629203700 36 36 36 36
1629203400 36 36 36 36
1629203100 36 36 36 36
1629202800 36 36 36 36
1629202500 36 36 36 36
1629202200 36 36 36 36
1629201900 36 36 36 36
1629201600 36 36 36 36
1629201300 36 36 36 36
1629201000 36 36 36 36
1629200700 36 36 36 36
1629200400 36 36 36 36
1629200100 36 36 36 36
1629199800 36 36 36 36
1629199500 36 36 36 36
1629199200 35 35 36 36
1629198900 35 35 35 35
1629198600 35 35 35 35
1629198300 35 35 35 35
1629198000 35 35 35 35
1629197700 35 35 35 35
1629197400 35 35 35 35
1629197100 35 35 35 35
1629196800 35 35 35 35
1629196500 35 35 35 35
1629196200 35 35 35 35
1629195900 35 35 35 35
1629195600 35 35 35 35
1629195300 35 35 35 35
1629195000 34 34 35 35
1629194700 34 34 34 34
1629194400 34 34 34 34
1629194100 34 34 34 34
1629193800 34 34 34 34
1629193500 34 34 34 34
1629193200 34 34 34 34
1629192900 34 34 34 34
1629192600 34 34 34 34
1629192300 34 34 34 34
1629192000 34 34 34 34
1629191700 33 33 34 34
1629191400 33 33 33 33
1629191100 32 32 33 33
1629190800 32 32 32 32
1629190500 31 31 32 32
1629190200 31 31 31 31
1629189900 30 30 31 31
1629189600 30 30 30 30
1629189300 30 30 30 30
1629189000 30 30 30 30
1629188700 30 30 30 30
1629188400 30 30 31 31
1629188100 31 31 31 31
1629187800 31 31 31 31
1629187500 31 31 31 31
1629187200 31 31 31 31
1629186900 31 31 31 31
1629186600 31 31 31 31
1629186300 31 31 31 31
1629186000 31 31 31 31
1629185700 31 31 31 31
1629185400 31 31 31 31
1629185100 31 31 31 31
1629184800 31 31 31 31
1629184500 31 31 31 31
1629184200 31 31 31 31
1629183900 31 31 31 31
1629183600 31 31 31 31
1629183300 31 31 31 31
1629183000 31 31 31 31
1629182700 31 31 31 31
1629182400 31 31 31 31
1629182100 31 31 31 31
1629181800 31 31 31 31
1629181500 31 31 31 31
1629181200 31 31 31 31
1629180900 31 31 31 31
1629180600 31 31 31 31
1629180300 31 31 31 31
1629180000 31 31 31 31
1629179700 31 31 31 31
1629179400 31 31 31 31
1629179100 31 31 31 31
1629178800 31 31 31 31
1629178500 31 31 31 31
1629178200 31 31 31 31
1629177900 31 31 31 31
1629177600 31 31 31 31
1629177300 31 31 31 31
1629177000 31 31 31 31
1629176700 31 31 31 31
1629176400 31 31 31 31
1629176100 31 31 31 31
1629175800 31 31 31 31
1629175500 31 31 31 31
1629175200 31 31 31 31
1629174900 31 31 31 31
1629174600 31 31 31 31
1629174300 31 31 31 31
1629174000 31 31 31 31
1629173700 31 31 31 31
1629173400 31 31 31 31
1629173100 31 31 31 31
1629172800 31 31 31 31
1629172500 31 31 31 31
1629172200 31 31 31 31
1629171900 31 31 32 32
1629171600 32 32 32 32
1629171300 32 32 32 32
1629171000 32 32 32 32
1629170700 32 32 32 32
1629170400 32 32 32 32
1629170100 32 32 32 32
1629169800 32 32 32 32
1629169500 32 32 32 32
1629169200 32 32 32 32
1629168900 32 32 32 32
1629168600 32 32 32 32
1629168300 32 32 32 32
1629168000 32 32 33 33
1629167700 33 33 33 33
1629167400 33 33 33 33
1629167100 33 33 33 33
1629166800 33 33 33 33
1629166500 33 33 33 33
1629166200 33 33 33 33
1629165900 33 33 33 33
1629165600 33 33 34 34
1629165300 34 34 34 34
1629165000 34 34 34 34
1629164700 34 34 34 34
1629164400 34 34 34 34
1629164100 34 34 35 35
1629163800 35 35 35 35
1629163500 35 35 36 36
1629163200 36 36 36 36
1629162900 36 36 37 37
1629162600 37 37 37 37
1629162300 37 37 38 38
1629162000 38 38 38 38
1629161700 38 38 38 38
1629161400 38 38 38 38
1629161100 38 38 38 38
1629160800 38 38 38 38
1629160500 38 38 38 38
1629160200 38 38 38 38
1629159900 38 38 38 38
1629159600 38 38 38 38
1629159300 38 38 38 38
1629159000 38 38 38 38
1629158700 38 38 38 38
1629158400 38 38 38 38
1629158100 38 38 38 38
1629157800 37 37 38 38
1629157500 37 37 37 37
1629157200 37 37 37 37
1629156900 37 37 37 37
1629156600 37 37 37 37
1629156300 37 37 37 37
1629156000 37 37 37 37
1629155700 37 37 37 37
1629155400 37 37 37 37
1629155100 37 37 38 38
1629154800 38 38 38 38
1629154500 38 38 38 38
1629154200 38 38 38 38
1629153900 38 38 38 38
1629153600 38 38 38 38
1629153300 38 38 38 38
1629153000 38 38 38 38
1629152700 38 38 38 38
1629152400 38 38 38 38
1629152100 38 38 38 38
1629151800 38 38 38 38
1629151500 38 38 38 38
1629151200 38 38 38 38
1629150900 38 38 38 38
1629150600 38 38 38 38
1629150300 38 38 38 38
1629150000 37 37 38 38
1629149700 37 37 37 37
1629149400 37 37 37 37
1629149100 37 37 37 37
1629148800 37 37 37 37
1629148500 37 37 37 37
1629148200 37 37 38 38
1629147900 38 38 38 38
1629147600 38 38 38 38
1629147300 38 38 38 38
1629147000 38 38 38 38
1629146700 38 38 38 38
1629146400 38 38 38 38
1629146100 37 37 38 38
1629145800 37 37 37 37
1629145500 37 37 38 38
1629145200 38 38 38 38
1629144900 38 38 38 38
1629144600 38 38 38 38
1629144300 37 37 38 38
1629144000 37 37 37 37
1629143700 37 37 37 37
1629143400 37 37 37 37
1629143100 37 37 37 37
1629142800 37 37 37 37
1629142500 37 37 38 38
1629142200 38 38 38 38
1629141900 38 38 38 38
1629141600 38 38 38 38
1629141300 38 38 38 38
1629141000 37 37 38 38
1629140700 37 37 37 37
1629140400 37 37 38 38
1629140100 38 38 38 38
1629139800 38 38 38 38
1629139500 38 38 38 38
1629139200 38 38 38 38
1629138900 38 38 38 38
1629138600 37 37 38 38
1629138300 37 37 37 37
1629138000 37 37 37 37
1629137700 37 37 37 37
1629137400 37 37 37 37
1629137100 37 37 37 37
1629136800 37 37 37 37
1629136500 37 37 37 37
1629136200 37 37 37 37
1629135900 37 37 37 37
1629135600 37 37 37 37
1629135300 37 37 37 37
1629135000 37 37 37 37
1629134700 37 37 37 37
1629134400 37 37 37 37
1629134100 37 37 37 37
1629133800 37 37 37 37
1629133500 37 37 37 37
1629133200 37 37 37 37
1629132900 37 37 37 37
1629132600 37 37 37 37
1629132300 37 37 37 37
1629132000 37 37 37 37
1629131700 37 37 37 37
1629131400 37 37 37 37
1629131100 37 37 37 37
1629130800 37 37 37 37
1629130500 37 37 37 37
1629130200 37 37 37 37
1629129900 37 37 37 37
1629129600 37 37 37 37
1629129300 37 37 37 37
1629129000 37 37 37 37
1629128700 37 37 37 37
1629128400 37 37 37 37
1629128100 37 37 37 37
1629127800 37 37 37 37
1629127500 37 37 37 37
1629127200 37 37 37 37
1629126900 37 37 37 37
1629126600 37 37 37 37
1629126300 37 37 37 37
1629126000 37 37 37 37
1629125700 37 37 37 37
1629125400 37 37 37 37
1629125100 37 37 37 37
1629124800 37 37 37 37
1629124500 37 37 37 37
1629124200 37 37 37 37
1629123900 37 37 37 37
1629123600 37 37 37 37
1629123300 37 37 37 37
1629123000 37 37 37 37
1629122700 37 37 37 37
1629122400 37 37 37 37
1629122100 37 37 37 37
1629121800 37 37 37 37
1629121500 37 37 37 37
1629121200 37 37 37 37
1629120900 37 37 37 37
1629120600 37 37 37 37
1629120300 37 37 37 37
1629120000 37 37 37 37
1629119700 37 37 37 37
1629119400 37 37 37 37
1629119100 37 37 37 37
1629118800 37 37 37 37
1629118500 37 37 37 37
1629118200 37 37 37 37
1629117900 37 37 37 37
1629117600 37 37 37 37
1629117300 37 37 37 37
1629117000 37 37 37 37
1629116700 37 37 37 37
1629116400 37 37 37 37
1629116100 36 36 37 37
1629115800 36 36 36 36
1629115500 36 36 37 37
1629115200 37 37 37 37
1629114900 36 36 37 37
1629114600 36 36 36 36
1629114300 36 36 36 36
1629114000 36 36 36 36
1629113700 36 36 36 36
1629113400 36 36 36 36
1629113100 36 36 36 36
1629112800 36 36 36 36
1629112500 36 36 36 36
1629112200 36 36 36 36
1629111900 36 36 36 36
1629111600 36 36 36 36
1629111300 36 36 36 36
1629111000 36 36 36 36
1629110700 36 36 36 36
1629110400 36 36 36 36
1629110100 36 36 36 36
1629109800 36 36 36 36
1629109500 36 36 36 36
1629109200 36 36 36 36
1629108900 36 36 36 36
1629108600 36 36 36 36
1629108300 36 36 36 36
1629108000 35 35 36 36
1629107700 35 35 35 35
1629107400 35 35 35 35
1629107100 35 35 35 35
1629106800 35 35 35 35
1629106500 35 35 35 35
1629106200 35 35 35 35
1629105900 35 35 35 35
1629105600 34 34 35 35
1629105300 34 34 34 34
1629105000 33 33 34 34
1629104700 33 33 33 33
1629104400 33 33 33 33
1629104100 32 32 33 33
1629103800 31 31 31 31
1629103500 31 31 31 31
1629103200 31 31 31 31
1629102900 31 31 31 31
1629102600 31 31 31 31
1629102300 31 31 31 31
1629102000 31 31 31 31
1629101700 31 31 31 31
1629101400 31 31 31 31
1629101100 31 31 31 31
1629100800 31 31 31 31
1629100500 31 31 31 31
1629100200 31 31 31 31
1629099900 31 31 32 32
1629099600 32 32 32 32
1629099300 32 32 32 32
1629099000 32 32 32 32
1629098700 32 32 32 32
1629097200 32 32 32 32
1629095400 32 32 32 32
1629093600 32 32 32 32
1629091800 32 32 32 32
1629090000 32 32 32 32
1629088200 32 32 33 33
1629086400 33 33 33 33
1629084600 33 33 33 33
1629082800 33 33 34 34
1629081000 34 34 35 35
1629079200 35 35 38 38
1629077400 38 38 39 39
1629075600 39 39 39 39
1629073800 39 39 39 39
1629072000 38 38 39 39
1629070200 38 38 39 39
1629068400 39 39 39 39
1629066600 39 39 39 39
1629064800 39 39 39 39
1629063000 39 39 39 39
1629061200 39 39 39 39
1629059400 39 39 39 39
1629057600 39 39 39 39
1629055800 39 39 39 39
1629054000 39 39 39 39
1629052200 38 38 39 39
1629050400 38 38 38 38
1629048600 38 38 39 39
1629046800 39 39 39 39
1629045000 38 38 39 39
1629043200 38 38 38 38
1629041400 38 38 39 39
1629039600 38 38 39 39
1629037800 38 38 38 38
1629036000 38 38 38 38
1629034200 38 38 38 38
1629032400 38 38 38 38
1629030600 38 38 38 38
1629028800 38 38 38 38
1629027000 38 38 38 38
1629025200 38 38 38 38
1629023400 38 38 38 38
1629021600 38 38 38 38
1629019800 38 38 38 38
1629018000 38 38 38 38
1629016200 38 38 38 38
1629014400 38 38 38 38
1629012600 37 37 38 38
1629010800 37 37 38 38
1629009000 37 37 37 37
1629007200 37 37 37 37
1629005400 37 37 37 37
1629003600 37 37 37 37
1629001800 37 37 37 37
1629000000 37 37 37 37
1628998200 37 37 37 37
1628996400 37 37 37 37
1628994600 37 37 37 37
1628992800 37 37 38 38
1628991000 38 38 38 38
1628989200 38 38 38 38
1628987400 37 37 38 38
1628985600 37 37 37 37
1628983800 37 37 37 37
1628982000 37 37 37 37
1628980200 37 37 37 37
1628978400 37 37 37 37
1628976600 37 37 37 37
1628974800 37 37 37 37
1628973000 37 37 37 37
1628971200 37 37 37 37
1628969400 37 37 37 37
1628967600 37 37 37 37
1628965800 37 37 37 37
1628964000 37 37 37 37
1628962200 37 37 37 37
1628960400 37 37 37 37
1628958600 37 37 37 37
1628956800 37 37 37 37
1628955000 37 37 37 37
1628953200 37 37 37 37
1628951400 37 37 37 37
1628949600 37 37 37 37
1628947800 37 37 37 37
1628946000 37 37 37 37
1628944200 37 37 37 37
1628942400 37 37 37 37
1628940600 37 37 37 37
1628938800 37 37 37 37
1628937000 37 37 37 37
1628935200 37 37 37 37
1628933400 37 37 37 37
1628931600 37 37 37 37
1628929800 37 37 37 37
1628928000 37 37 37 37
1628926200 37 37 37 37
1628924400 37 37 37 37
1628922600 36 36 37 37
1628920800 36 36 37 37
1628919000 36 36 37 37
1628917200 36 36 36 36
1628915400 36 36 36 36
1628913600 36 36 36 36
1628911800 36 36 36 36
1628910000 36 36 36 36
1628908200 36 36 36 36
1628906400 36 36 36 36
1628904600 36 36 36 36
1628902800 36 36 36 36
1628901000 36 36 36 36
1628899200 36 36 36 36
1628897400 36 36 36 36
1628895600 36 36 36 36
1628893800 36 36 36 36
1628892000 36 36 36 36
1628890200 36 36 36 36
1628888400 36 36 36 36
1628886600 36 36 36 36
1628884800 36 36 36 36
1628883000 36 36 36 36
1628881200 36 36 36 36
1628879400 36 36 36 36
1628877600 36 36 36 36
1628875800 36 36 36 36
1628874000 36 36 36 36
1628872200 36 36 36 36
1628870400 36 36 36 36
1628868600 36 36 36 36
1628866800 36 36 36 36
1628865000 36 36 36 36
1628863200 36 36 36 36
1628861400 36 36 36 36
1628859600 35 35 36 36
1628857800 35 35 35 35
1628856000 35 35 35 35
1628854200 35 35 35 35
1628852400 35 35 35 35
1628850600 35 35 35 35
1628848800 35 35 35 35
1628847000 34 34 35 35
1628845200 31 31 34 34
1628843400 31 31 33 33
1628841600 33 33 33 33
1628839800 33 33 33 33
1628838000 33 33 33 33
1628836200 33 33 33 33
1628834400 33 33 34 34
1628832600 34 34 34 34
1628830800 34 34 34 34
1628829000 34 34 34 34
1628827200 34 34 34 34
1628825400 34 34 35 35
1628823600 35 35 35 35
1628821800 35 35 35 35
1628820000 35 35 36 36
1628818200 36 36 36 36
1628816400 36 36 37 37
1628814600 36 36 36 36
1628812800 36 36 36 36
1628811000 36 36 36 36
1628809200 36 36 36 36
1628807400 36 36 36 36
1628805600 36 36 36 36
1628803800 36 36 36 36
1628802000 36 36 36 36
1628800200 36 36 36 36
1628798400 36 36 36 36
1628796600 36 36 36 36
1628794800 36 36 36 36
1628793000 36 36 36 36
1628791200 36 36 36 36
1628789400 36 36 36 36
1628787600 36 36 36 36
1628785800 36 36 36 36
1628784000 36 36 36 36
1628782200 36 36 36 36
1628780400 36 36 36 36
1628778600 36 36 37 37
1628776800 36 36 37 37
1628775000 36 36 36 36
1628773200 36 36 36 36
1628771400 36 36 36 36
1628769600 36 36 36 36
1628767800 36 36 36 36
1628766000 36 36 36 36
1628764200 36 36 36 36
1628762400 36 36 36 36
1628760600 35 35 36 36
1628758800 33 33 35 35
1628757000 33 33 34 34
1628755200 34 34 34 34
1628753400 34 34 34 34
1628751600 34 34 34 34
1628749800 34 34 34 34
1628748000 33 33 34 34
1628746200 33 33 33 33
1628744400 33 33 33 33
1628742600 33 33 34 34
1628740800 34 34 34 34
1628739000 34 34 34 34
1628737200 34 34 35 35
1628735400 35 35 35 35
1628733600 35 35 35 35
1628731800 35 35 36 36
1628730000 36 36 36 36
1628728200 36 36 36 36
1628726400 36 36 36 36
1628724600 35 35 36 36
1628722800 35 35 36 36
1628721000 36 36 36 36
1628719200 35 35 36 36
1628717400 35 35 36 36
1628715600 36 36 36 36
1628713800 36 36 36 36
1628712000 36 36 36 36
1628710200 36 36 36 36
1628708400 36 36 36 36
1628706600 36 36 36 36
1628704800 36 36 36 36
1628703000 36 36 36 36
1628701200 36 36 36 36
1628699400 36 36 36 36
1628697600 36 36 36 36
1628695800 36 36 36 36
1628694000 36 36 36 36
1628692200 36 36 36 36
1628690400 36 36 36 36
1628688600 36 36 36 36
1628686800 36 36 36 36
1628685000 36 36 36 36
1628683200 36 36 36 36
1628681400 36 36 36 36
1628679600 36 36 36 36
1628677800 36 36 36 36
1628676000 35 35 36 36
1628674200 35 35 35 35
1628672400 33 33 35 35
1628670600 33 33 33 33
1628668800 33 33 34 34
1628667000 33 33 34 34
1628665200 33 33 34 34
1628663400 33 33 34 34
1628661600 34 34 34 34
1628659800 34 34 35 35
1628658000 35 35 35 35
1628656200 35 35 35 35
1628654400 35 35 35 35
1628652600 35 35 35 35
1628650800 35 35 35 35
1628649000 35 35 36 36
1628647200 36 36 36 36
1628645400 36 36 37 37
1628643600 36 36 37 37
1628641800 36 36 36 36
1628640000 36 36 36 36
1628638200 36 36 36 36
1628636400 36 36 36 36
1628634600 36 36 36 36
1628632800 36 36 36 36
1628631000 36 36 36 36
1628629200 36 36 36 36
1628627400 36 36 36 36
1628625600 36 36 36 36
1628623800 36 36 36 36
1628622000 36 36 36 36
1628620200 36 36 36 36
1628618400 36 36 36 36
1628616600 36 36 36 36
1628614800 36 36 36 36
1628613000 36 36 36 36
1628611200 36 36 36 36
1628609400 36 36 36 36
1628607600 36 36 36 36
1628605800 36 36 36 36
1628604000 36 36 36 36
1628602200 36 36 36 36
1628600400 35 35 36 36
1628598600 35 35 35 35
1628596800 35 35 35 35
1628595000 35 35 35 35
1628593200 35 35 35 35
1628591400 35 35 35 35
1628589600 34 34 35 35
1628587800 32 32 34 34
1628586000 31 31 32 32
1628584200 31 31 31 31
1628582400 31 31 32 32
1628580600 32 32 32 32
1628578800 32 32 32 32
1628577000 32 32 33 33
1628575200 33 33 34 34
1628573400 166 166 435 435
1628571600 34 34 34 34
1628569800 34 34 35 35
1628568000 35 35 35 35
1628566200 35 35 35 35
1628564400 35 35 35 35
1628562600 35 35 36 36
1628560800 36 36 36 36
1628559000 36 36 36 36
1628557200 36 36 36 36
1628555400 36 36 36 36
1628553600 35 35 36 36
1628551800 35 35 36 36
1628550000 36 36 36 36
1628548200 36 36 36 36
1628546400 36 36 36 36
1628544600 36 36 36 36
1628542800 35 35 36 36
1628541000 35 35 36 36
1628539200 36 36 36 36
1628537400 36 36 36 36
1628535600 35 35 36 36
1628533800 35 35 35 35
1628532000 35 35 35 35
1628530200 35 35 35 35
1628528400 35 35 35 35
1628526600 35 35 35 35
1628524800 35 35 35 35
1628523000 35 35 35 35
1628521200 35 35 35 35
1628519400 35 35 35 35
1628517600 35 35 35 35
1628515800 35 35 35 35
1628514000 35 35 35 35
1628512200 35 35 35 35
1628510400 35 35 35 35
1628508600 35 35 35 35
1628506800 34 34 35 35
1628505000 34 34 34 34
1628503200 34 34 34 34
1628501400 32 32 34 34
1628499600 31 31 32 32
1628497800 31 31 31 31
1628496000 31 31 31 31
1628494200 31 31 31 31
1628492400 31 31 31 31
1628490600 31 31 31 31
1628488800 31 31 31 31
1628487000 31 31 31 31
1628485200 31 31 32 32
1628483400 31 31 32 32
1628481600 31 31 32 32
1628479800 32 32 32 32
1628478000 32 32 32 32
1628476200 32 32 34 34
1628474400 34 34 35 35
1628472600 35 35 37 37
1628470800 37 37 37 37
1628469000 37 37 37 37
1628467200 37 37 37 37
1628465400 37 37 37 37
1628463600 37 37 37 37
1628461800 37 37 37 37
1628460000 37 37 37 37
1628458200 37 37 37 37
1628456400 37 37 37 37
1628454600 37 37 37 37
1628452800 37 37 37 37
1628451000 37 37 37 37
1628449200 37 37 37 37
1628447400 37 37 37 37
1628445600 37 37 37 37
1628443800 37 37 37 37
1628442000 37 37 37 37
1628440200 37 37 37 37
1628438400 37 37 37 37
1628436600 37 37 37 37
1628434800 37 37 37 37
1628433000 37 37 37 37
1628431200 37 37 37 37
1628429400 36 36 37 37
1628427600 36 36 36 36
1628425800 36 36 37 37
1628424000 36 36 37 37
1628422200 36 36 36 36
1628420400 36 36 36 36
1628418600 36 36 36 36
1628416800 36 36 36 36
1628415000 36 36 36 36
1628413200 36 36 36 36
1628411400 36 36 37 37
1628409600 36 36 37 37
1628407800 36 36 37 37
1628406000 36 36 36 36
1628404200 36 36 36 36
1628402400 36 36 36 36
1628400600 36 36 36 36
1628398800 36 36 36 36
1628397000 36 36 36 36
1628395200 36 36 36 36
1628393400 36 36 36 36
1628391600 36 36 36 36
1628389800 36 36 36 36
1628388000 36 36 36 36
1628386200 36 36 36 36
1628384400 36 36 36 36
1628382600 36 36 36 36
1628380800 36 36 36 36
1628379000 36 36 36 36
1628377200 36 36 36 36
1628375400 36 36 36 36
1628373600 36 36 36 36
1628371800 36 36 36 36
1628370000 36 36 36 36
1628368200 36 36 36 36
1628366400 36 36 36 36
1628364600 36 36 36 36
1628362800 36 36 36 36
1628361000 36 36 36 36
1628359200 36 36 36 36
1628357400 36 36 36 36
1628355600 36 36 36 36
1628353800 36 36 36 36
1628352000 36 36 36 36
1628350200 36 36 36 36
1628348400 36 36 36 36
1628346600 36 36 36 36
1628344800 36 36 36 36
1628343000 36 36 36 36
1628341200 36 36 36 36
1628339400 36 36 36 36
1628337600 36 36 36 36
1628335800 36 36 36 36
1628334000 36 36 36 36
1628332200 36 36 36 36
1628330400 36 36 36 36
1628328600 35 35 36 36
1628326800 35 35 36 36
1628325000 35 35 35 35
1628323200 35 35 36 36
1628321400 35 35 35 35
1628319600 35 35 35 35
1628317800 35 35 35 35
1628316000 35 35 35 35
1628314200 35 35 35 35
1628312400 35 35 35 35
1628310600 35 35 35 35
1628308800 35 35 35 35
1628307000 35 35 35 35
1628305200 35 35 35 35
1628303400 35 35 35 35
1628301600 35 35 35 35
1628299800 35 35 35 35
1628298000 35 35 35 35
1628296200 35 35 35 35
1628294400 35 35 35 35
1628292600 35 35 35 35
1628290800 35 35 35 35
1628289000 35 35 35 35
1628287200 35 35 35 35
1628285400 35 35 35 35
1628283600 35 35 35 35
1628281800 35 35 35 35
1628280000 35 35 35 35
1628278200 35 35 35 35
1628276400 35 35 35 35
1628274600 35 35 35 35
1628272800 35 35 35 35
1628271000 35 35 35 35
1628269200 35 35 35 35
1628267400 35 35 35 35
1628265600 35 35 35 35
1628263800 35 35 35 35
1628262000 35 35 35 35
1628260200 34 34 35 35
1628258400 34 34 34 34
1628256600 34 34 34 34
1628254800 34 34 34 34
1628253000 34 34 34 34
1628251200 34 34 34 34
1628249400 34 34 34 34
1628247600 34 34 34 34
1628245800 33 33 34 34
1628244000 33 33 33 33
1628242200 31 31 33 33
1628240400 30 30 31 31
1628238600 30 30 30 30
1628236800 30 30 30 30
1628235000 30 30 30 30
1628233200 30 30 31 31
1628231400 31 31 31 31
1628229600 31 31 31 31
1628227800 31 31 31 31
1628226000 31 31 31 31
1628224200 31 31 32 32
1628222400 32 32 32 32
1628220600 32 32 33 33
1628218800 33 33 33 33
1628217000 33 33 33 33
1628215200 33 33 34 34
1628213400 34 34 35 35
1628211600 35 35 35 35
1628209800 35 35 35 35
1628208000 35 35 35 35
1628206200 35 35 35 35
1628204400 35 35 35 35
1628202600 35 35 35 35
1628200800 35 35 35 35
1628199000 35 35 35 35
1628197200 35 35 35 35
1628195400 35 35 35 35
1628193600 35 35 35 35
1628191800 35 35 35 35
1628190000 35 35 35 35
1628188200 35 35 35 35
1628186400 35 35 35 35
1628184600 35 35 35 35
1628182800 35 35 35 35
1628181000 35 35 35 35
1628179200 35 35 35 35
1628177400 35 35 35 35
1628175600 34 34 35 35
1628173800 34 34 35 35
1628172000 34 34 34 34
1628170200 34 34 34 34
1628168400 34 34 34 34
1628166600 34 34 34 34
1628164800 34 34 34 34
1628163000 33 33 34 34
1628161200 33 33 33 33
1628159400 33 33 33 33
1628157600 32 32 33 33
1628155800 31 31 32 32
1628154000 30 30 31 31
1628152200 30 30 31 31
1628150400 30 30 31 31
1628148600 30 30 31 31
1628146800 31 31 31 31
1628145000 31 31 31 31
1628143200 31 31 31 31
1628141400 31 31 31 31
1628139600 31 31 31 31
1628137800 31 31 32 32
1628136000 32 32 32 32
1628134200 32 32 32 32
1628132400 32 32 33 33
1628130600 33 33 33 33
1628128800 33 33 34 34
1628127000 34 34 35 35
1628125200 35 35 35 35
1628123400 35 35 35 35
1628121600 35 35 35 35
1628119800 35 35 35 35
1628118000 35 35 36 36
1628116200 35 35 36 36
1628114400 35 35 35 35
1628112600 35 35 35 35
1628110800 35 35 35 35
1628109000 35 35 35 35
1628107200 35 35 35 35
1628105400 35 35 35 35
1628103600 35 35 35 35
1628101800 35 35 35 35
1628100000 35 35 35 35
1628098200 35 35 35 35
1628096400 35 35 35 35
1628094600 35 35 35 35
1628092800 35 35 35 35
1628091000 35 35 35 35
1628089200 35 35 35 35
1628087400 35 35 35 35
1628085600 35 35 35 35
1628083800 35 35 35 35
1628082000 35 35 35 35
1628080200 35 35 35 35
1628078400 35 35 35 35
1628076600 35 35 35 35
1628074800 34 34 35 35
1628073000 34 34 34 34
1628071200 34 34 34 34
1628069400 33 33 34 34
1628067600 31 31 33 33
1628065800 31 31 32 32
1628064000 31 31 32 32
1628062200 32 32 32 32
1628060400 32 32 32 32
1628058600 32 32 32 32
1628056800 32 32 33 33
1628055000 33 33 34 34
1628053200 34 34 34 34
1628051400 34 34 34 34
1628049600 34 34 34 34
1628047800 34 34 35 35
1628046000 35 35 35 35
1628044200 35 35 35 35
1628042400 35 35 35 35
1628040600 35 35 35 35
1628038800 35 35 35 35
1628037000 35 35 35 35
1628035200 34 34 35 35
1628033400 35 35 35 35
1628031600 35 35 35 35
1628029800 35 35 35 35
1628028000 35 35 35 35
1628026200 35 35 35 35
1628024400 35 35 35 35
1628022600 35 35 35 35
1628020800 35 35 35 35
1628019000 35 35 35 35
1628017200 35 35 35 35
1628013600 35 35 35 35
1628006400 35 35 35 35
1627999200 35 35 35 35
1627992000 34 34 35 35
1627984800 31 31 34 34
1627977600 31 31 32 32
1627970400 32 32 33 33
1627963200 33 33 33 33
1627956000 33 33 35 35
1627948800 35 35 35 35
1627941600 35 35 35 35
1627934400 35 35 35 35
1627927200 35 35 35 35
1627920000 35 35 35 35
1627912800 35 35 35 35
1627905600 33 33 35 35
1627898400 30 30 33 33
1627891200 29 29 30 30
1627884000 30 30 31 31
1627876800 31 31 33 33
1627869600 36 36 39 39
1627862400 38 38 39 39
1627855200 38 38 39 39
1627848000 38 38 39 39
1627840800 38 38 39 39
1627833600 38 38 39 39
1627826400 38 38 39 39
1627819200 38 38 38 38
1627812000 38 38 39 39
1627804800 38 38 38 38
1627797600 38 38 38 38
1627790400 38 38 38 38
1627783200 38 38 38 38
1627776000 38 38 38 38
1627768800 38 38 38 38
1627761600 38 38 38 38
1627754400 37 37 38 38
1627747200 37 37 38 38
1627740000 37 37 38 38
1627732800 37 37 38 38
1627725600 38 38 38 38
1627718400 38 38 38 38
1627711200 38 38 38 38
1627704000 37 37 38 38
1627696800 37 37 38 38
1627689600 37 37 38 38
1627682400 37 37 37 37
1627675200 37 37 37 37
1627668000 37 37 37 37
1627660800 37 37 37 37
1627653600 37 37 37 37
1627646400 37 37 37 37
1627639200 37 37 37 37
1627632000 36 36 37 37
1627624800 35 35 36 36
1627617600 31 31 35 35
1627610400 35 35 37 37
1627603200 37 37 37 37
1627596000 37 37 37 37
1627588800 37 37 37 37
1627581600 37 37 37 37
1627574400 36 36 37 37
1627567200 36 36 36 36
1627560000 34 34 36 36
1627552800 32 32 32 32
1627545600 32 32 32 32
1627538400 32 32 32 32
1627531200 32 32 32 32
1627524000 32 32 32 32
1627516800 32 32 32 32
1627509600 32 32 32 32
1627502400 32 32 32 32
1627495200 32 32 32 32
1627488000 32 32 32 32
1627480800 32 32 32 32
1627473600 32 32 32 32
1627466400 32 32 32 32
1627459200 32 32 32 32
1627452000 32 32 32 32
1627444800 32 32 32 32
1627437600 32 32 32 32
1627430400 32 32 32 32
1627423200 32 32 32 32
1627416000 32 32 32 32
1627408800 32 32 32 32
1627401600 32 32 32 32
1627394400 32 32 32 32
1627387200 32 32 32 32
1627380000 32 32 32 32
1627372800 32 32 32 32
1627365600 32 32 32 32
1627358400 32 32 32 32
1627351200 32 32 32 32
1627344000 32 32 32 32
1627336800 32 32 32 32
1627329600 32 32 32 32
1627322400 32 32 32 32
1627315200 32 32 32 32
1627308000 32 32 32 32
1627300800 32 32 32 32
1627293600 32 32 32 32
1627286400 32 32 32 32
1627279200 32 32 32 32
1627272000 32 32 32 32
1627264800 32 32 32 32
1627257600 32 32 32 32
1627250400 32 32 32 32
1627243200 32 32 32 32
1627236000 32 32 32 32
1627228800 32 32 32 32
1627221600 32 32 32 32
1627214400 32 32 32 32
1627207200 32 32 32 32
1627200000 32 32 32 32
1627192800 32 32 32 32
1627185600 32 32 32 32
1627178400 32 32 32 32
1627171200 32 32 32 32
1627164000 32 32 32 32
1627156800 32 32 32 32
1627149600 32 32 32 32
1627142400 32 32 32 32
1627135200 32 32 32 32
1627128000 32 32 32 32
1627120800 32 32 32 32
1627113600 32 32 32 32
1627106400 32 32 32 32
1627099200 32 32 32 32
1627092000 32 32 32 32
1627084800 32 32 32 32
1627077600 32 32 32 32
1627070400 32 32 32 32
1627063200 32 32 32 32
1627056000 32 32 32 32
1627048800 32 32 32 32
1627041600 32 32 32 32
1627034400 32 32 32 32
1627027200 32 32 32 32
1627020000 32 32 32 32
1627012800 32 32 32 32
1627005600 32 32 32 32
1626998400 32 32 32 32
1626991200 32 32 32 32
1626984000 32 32 32 32
1626976800 32 32 32 32
1626969600 32 32 32 32
1626962400 32 32 32 32
1626955200 32 32 32 32
1626948000 32 32 32 32
1626940800 32 32 32 32
1626933600 32 32 32 32
1626926400 32 32 32 32
1626919200 32 32 32 32
1626912000 32 32 32 32
1626904800 32 32 32 32
1626897600 32 32 32 32
1626890400 32 32 32 32
1626883200 32 32 32 32
1626876000 32 32 32 32
1626868800 32 32 32 32
1626861600 32 32 32 32
1626854400 32 32 32 32
1626847200 32 32 33 33
1626840000 33 33 36 36
1626832800 36 36 38 38
1626825600 37 37 37 37
1626818400 37 37 37 37
1626811200 37 37 37 37
1626804000 37 37 37 37
1626796800 37 37 37 37
1626789600 37 37 37 37
1626782400 35 35 37 37
1626775200 32 32 35 35
1626768000 31 31 33 33
1626760800 33 33 35 35
1626753600 35 35 36 36
1626746400 36 36 38 38
1626739200 38 38 38 38
1626732000 38 38 38 38
1626724800 38 38 38 38
1626717600 38 38 38 38
1626710400 38 38 38 38
1626703200 37 37 38 38
1626696000 36 36 37 37
1626688800 33 33 36 36
1626681600 32 32 33 33
1626674400 33 33 33 33
1626667200 33 33 37 37
1626660000 37 37 40 40
1626652800 39 39 39 39
1626645600 38 38 39 39
1626638400 38 38 39 39
1626631200 38 38 39 39
1626624000 38 38 38 38
1626616800 38 38 38 38
1626609600 38 38 39 39
1626602400 39 39 39 39
1626595200 39 39 39 39
1626588000 38 38 39 39
1626580800 38 38 39 39
1626573600 38 38 39 39
1626566400 38 38 38 38
1626559200 38 38 38 38
1626552000 38 38 38 38
1626544800 38 38 38 38
1626537600 38 38 38 38
1626530400 37 37 38 38
1626523200 37 37 38 38
1626516000 38 38 38 38
1626508800 38 38 38 38
1626501600 38 38 38 38
1626494400 38 38 38 38
1626487200 37 37 38 38
1626480000 36 36 37 37
1626472800 37 37 37 37
1626465600 37 37 37 37
1626458400 37 37 37 37
1626451200 37 37 37 37
1626444000 36 36 37 37
1626436800 36 36 37 37
1626429600 35 35 36 36
1626422400 31 31 35 35
1626415200 32 32 33 33
1626408000 33 33 38 38
1626400800 37 37 38 38
1626393600 37 37 37 37
1626386400 37 37 37 37
1626379200 37 37 37 37
1626372000 37 37 37 37
1626364800 37 37 37 37
1626357600 37 37 37 37
1626350400 36 36 37 37
1626343200 34 34 36 36
1626336000 34 34 35 35
1626328800 34 34 35 35
1626321600 34 34 35 35
1626314400 36 36 39 39
1626307200 37 37 38 38
1626300000 37 37 38 38
1626292800 37 37 38 38
1626285600 37 37 38 38
1626278400 37 37 38 38
1626271200 37 37 38 38
1626264000 37 37 37 37
1626256800 35 35 37 37
1626249600 35 35 35 35
1626242400 34 34 35 35
1626235200 34 34 35 35
1626228000 36 36 38 38
1626220800 37 37 38 38
1626213600 37 37 37 37
1626206400 37 37 37 37
1626199200 37 37 37 37
1626192000 37 37 37 37
1626184800 37 37 37 37
1626177600 37 37 37 37
1626170400 35 35 37 37
1626163200 36 36 36 36
1626156000 36 36 36 36
1626148800 36 36 37 37
1626141600 37 37 40 40
1626134400 39 39 39 39
1626127200 39 39 39 39
1626120000 39 39 39 39
1626112800 39 39 39 39
1626105600 39 39 39 39
1626098400 39 39 40 40
1626091200 38 38 39 39
1626084000 34 34 38 38
1626076800 33 33 34 34
1626069600 34 34 35 35
1626062400 35 35 35 35
1626055200 38 38 41 41
1626048000 40 40 41 41
1626040800 40 40 41 41
1626033600 40 40 41 41
1626026400 40 40 40 40
1626019200 40 40 41 41
1626012000 41 41 41 41
1626004800 41 41 41 41
1625997600 41 41 41 41
1625990400 41 41 41 41
1625983200 40 40 41 41
1625976000 40 40 40 40
1625968800 40 40 40 40
1625961600 39 39 40 40
1625954400 39 39 39 39
1625947200 39 39 39 39
1625940000 39 39 39 39
1625932800 39 39 40 40
1625925600 40 40 40 40
1625918400 40 40 41 41
1625911200 40 40 41 41
1625904000 40 40 41 41
1625896800 39 39 40 40
1625889600 39 39 39 39
1625882400 39 39 39 39
1625875200 38 38 39 39
1625868000 38 38 38 38
1625860800 38 38 38 38
1625853600 38 38 39 39
1625846400 38 38 39 39
1625839200 39 39 39 39
1625832000 39 39 39 39
1625824800 39 39 39 39
1625817600 38 38 39 39
1625810400 38 38 38 38
1625803200 38 38 38 38
1625796000 38 38 38 38
1625788800 36 36 38 38
1625781600 37 37 37 37
1625774400 37 37 37 37
1625767200 37 37 37 37
1625760000 37 37 37 37
1625752800 36 36 37 37
1625745600 36 36 36 36
1625738400 32 32 36 36
1625731200 33 33 34 34
1625724000 32 32 34 34
1625716800 33 33 35 35
1625709600 36 36 38 38
1625702400 37 37 38 38
1625695200 37 37 37 37
1625688000 37 37 37 37
1625680800 37 37 37 37
1625673600 37 37 37 37
1625666400 37 37 37 37
1625659200 36 36 37 37
1625652000 33 33 36 36
1625644800 32 32 33 33
1625637600 32 32 33 33
1625630400 33 33 35 35
1625623200 35 35 38 38
1625616000 37 37 38 38
1625608800 37 37 37 37
1625601600 37 37 37 37
1625594400 37 37 37 37
1625587200 37 37 37 37
1625580000 37 37 37 37
1625572800 36 36 37 37
1625565600 33 33 36 36
1625558400 32 32 33 33
1625551200 32 32 33 33
1625544000 32 32 35 35
1625536800 36 36 38 38
1625529600 38 38 38 38
1625522400 38 38 38 38
1625515200 38 38 38 38
1625508000 38 38 38 38
1625500800 38 38 38 38
1625493600 38 38 38 38
1625486400 37 37 38 38
1625479200 33 33 37 37
1625472000 33 33 34 34
1625464800 33 33 34 34
1625457600 34 34 37 37
1625450400 37 37 37 37
1625443200 37 37 37 37
1625436000 37 37 37 37
1625428800 37 37 37 37
1625421600 37 37 37 37
1625414400 37 37 37 37
1625407200 37 37 37 37
1625400000 37 37 37 37
1625392800 37 37 37 37
1625385600 37 37 37 37
1625378400 37 37 37 37
1625371200 37 37 37 37
1625364000 37 37 37 37
1625356800 37 37 37 37
1625349600 37 37 37 37
1625342400 37 37 37 37
1625335200 37 37 37 37
1625328000 37 37 38 38
1625320800 37 37 38 38
1625313600 37 37 37 37
1625306400 37 37 38 38
1625299200 37 37 37 37
1625292000 36 36 37 37
1625284800 37 37 37 37
1625277600 36 36 37 37
1625270400 36 36 36 36
1625263200 36 36 36 36
1625256000 36 36 36 36
1625248800 36 36 36 36
1625241600 36 36 36 36
1625234400 35 35 36 36
1625227200 35 35 35 35
1625220000 31 31 35 35
1625212800 31 31 32 32
1625205600 31 31 32 32
1625198400 31 31 33 33
1625191200 34 34 36 36
1625184000 35 35 36 36
1625176800 35 35 35 35
1625169600 35 35 35 35
1625162400 35 35 35 35
1625155200 35 35 35 35
1625148000 35 35 35 35
1625140800 34 34 35 35
1625133600 32 32 34 34
1625126400 32 32 32 32
1625119200 30 30 32 32
1625112000 31 31 33 33
1625104800 33 33 36 36
1625097600 34 34 35 35
1625090400 35 35 35 35
1625083200 35 35 35 35
1625076000 35 35 35 35
1625068800 34 34 35 35
1625061600 34 34 34 34
1625054400 34 34 34 34
1625047200 30 30 34 34
1625040000 30 30 31 31
1625032800 31 31 31 31
1625025600 31 31 32 32
1625018400 33 33 35 35
1625011200 34 34 35 35
1625004000 34 34 34 34
1624996800 34 34 34 34
1624989600 34 34 34 34
1624982400 33 33 34 34
1624975200 33 33 33 33
1624968000 32 32 33 33
1624960800 28 28 32 32
1624953600 29 29 30 30
1624946400 30 30 31 31
1624939200 31 31 32 32
1624932000 33 33 35 35
1624924800 34 34 35 35
1624917600 34 34 35 35
1624910400 34 34 34 34
1624903200 34 34 34 34
1624896000 34 34 34 34
1624888800 34 34 34 34
1624881600 33 33 34 34
1624874400 30 30 33 33
1624867200 30 30 31 31
1624860000 30 30 31 31
1624852800 31 31 34 34
1624845600 34 34 36 36
1624838400 35 35 36 36
1624831200 36 36 36 36
1624824000 36 36 36 36
1624816800 35 35 36 36
1624809600 35 35 36 36
1624802400 36 36 36 36
1624795200 35 35 36 36
1624788000 36 36 36 36
1624780800 36 36 36 36
1624773600 36 36 36 36
1624766400 35 35 36 36
1624759200 35 35 35 35
1624752000 35 35 35 35
1624744800 35 35 35 35
1624737600 35 35 35 35
1624730400 35 35 35 35
1624723200 35 35 35 35
1624716000 35 35 35 35
1624708800 35 35 35 35
1624701600 35 35 35 35
1624694400 35 35 35 35
1624687200 34 34 35 35
1624680000 34 34 34 34
1624672800 34 34 34 34
1624665600 34 34 34 34
1624658400 33 33 34 34
1624651200 33 33 34 34
1624644000 33 33 33 33
1624636800 33 33 33 33
1624629600 33 33 33 33
1624622400 33 33 33 33
1624615200 28 28 33 33
1624608000 28 28 28 28
1624600800 28 28 29 29
1624593600 29 29 31 31
1624586400 32 32 34 34
1624579200 33 33 34 34
1624572000 33 33 34 34
1624564800 33 33 34 34
1624557600 34 34 34 34
1624550400 33 33 34 34
1624543200 33 33 34 34
1624536000 32 32 33 33
1624528800 29 29 32 32
1624521600 28 28 29 29
1624514400 29 29 30 30
1624507200 30 30 32 32
1624500000 32 32 34 34
1624492800 34 34 34 34
1624485600 34 34 34 34
1624478400 34 34 34 34
1624471200 34 34 34 34
1624464000 33 33 34 34
1624456800 33 33 34 34
1624449600 32 32 33 33
1624442400 28 28 32 32
1624435200 28 28 29 29
1624428000 29 29 30 30
1624420800 30 30 32 32
1624413600 32 32 35 35
1624406400 34 34 35 35
1624399200 35 35 35 35
1624392000 35 35 35 35
1624384800 34 34 35 35
1624377600 34 34 34 34
1624370400 34 34 34 34
1624363200 34 34 34 34
1624356000 31 31 34 34
1624348800 63 63 432 432
1624341600 31 31 31 31
1624334400 31 31 33 33
1624327200 34 34 36 36
1624320000 35 35 36 36
1624312800 36 36 36 36
1624305600 36 36 36 36
1624298400 35 35 36 36
1624291200 35 35 35 35
1624284000 35 35 35 35
1624276800 35 35 35 35
1624269600 32 32 35 35
1624262400 31 31 32 32
1624255200 32 32 32 32
1624248000 32 32 33 33
1624240800 35 35 37 37
1624233600 37 37 38 38
1624226400 38 38 38 38
1624219200 38 38 38 38
1624212000 37 37 38 38
1624204800 37 37 37 37
1624197600 37 37 37 37
1624190400 37 37 37 37
1624183200 37 37 37 37
1624176000 36 36 37 37
1624168800 36 36 37 37
1624161600 36 36 37 37
1624154400 36 36 37 37
1624147200 36 36 37 37
1624140000 37 37 37 37
1624132800 37 37 37 37
1624125600 37 37 37 37
1624118400 37 37 37 37
1624111200 37 37 37 37
1624104000 37 37 37 37
1624096800 37 37 37 37
1624089600 37 37 37 37
1624082400 37 37 37 37
1624075200 36 36 37 37
1624068000 36 36 36 36
1624060800 36 36 36 36
1624053600 36 36 36 36
1624046400 36 36 36 36
1624039200 36 36 36 36
1624032000 36 36 36 36
1624024800 35 35 36 36
1624017600 35 35 35 35
1624010400 32 32 35 35
1624003200 31 31 32 32
1623996000 32 32 33 33
1623988800 32 32 34 34
1623981600 34 34 37 37
1623974400 36 36 36 36
1623967200 36 36 36 36
1623960000 36 36 36 36
1623952800 36 36 36 36
1623945600 36 36 36 36
1623938400 35 35 36 36
1623931200 35 35 35 35
1623924000 32 32 35 35
1623916800 31 31 31 31
1623909600 31 31 32 32
1623902400 32 32 34 34
1623895200 34 34 37 37
1623888000 36 36 37 37
1623880800 36 36 36 36
1623873600 36 36 36 36
1623866400 36 36 36 36
1623859200 36 36 36 36
1623852000 36 36 36 36
1623844800 36 36 36 36
1623837600 33 33 36 36
1623830400 32 32 32 32
1623823200 32 32 33 33
1623816000 33 33 35 35
1623808800 36 36 38 38
1623801600 38 38 38 38
1623794400 38 38 38 38
1623787200 38 38 38 38
1623780000 38 38 38 38
1623772800 38 38 38 38
1623765600 38 38 38 38
1623758400 37 37 38 38
1623751200 33 33 37 37
1623744000 32 32 33 33
1623736800 32 32 34 34
1623729600 34 34 35 35
1623722400 37 37 40 40
1623715200 39 39 40 40
1623708000 39 39 39 39
1623700800 39 39 40 40
1623693600 38 38 39 39
1623628800 37 37 39 39
1623542400 36 36 38 38
1623456000 31 31 36 36
1623369600 31 31 35 35
1623283200 31 31 35 35
1623196800 31 31 35 35
1623110400 30 30 36 36
1623024000 35 35 37 37
1622937600 36 36 37 37
1622851200 32 32 37 37
1622764800 32 32 38 38
1622678400 32 32 37 37
1622592000 32 32 38 38
1622505600 32 32 38 38
1622419200 38 38 38 38
1622332800 38 38 39 39
1622246400 33 33 38 38
1622160000 36 36 39 39
1622073600 39 39 39 39
1621987200 39 39 39 39
1621900800 39 39 39 39
1621814400 38 38 39 39
1621728000 36 36 38 38
1621641600 32 32 38 38
1621555200 33 33 37 37
1621468800 33 33 37 37
1621382400 33 33 38 38
1621296000 33 33 38 38
1621209600 36 36 39 39
1621123200 34 34 37 37
1621036800 29 29 35 35
1620950400 31 31 35 35
1620864000 197 197 18494 18494
1620777600 28 28 34 34
1620691200 30 30 34 34
1620604800 27 27 33 33
1620518400 27 27 33 33
1620432000 28 28 33 33
1620345600 28 28 32 32
1620259200 28 28 33 33
1620172800 26 26 32 32
1620086400 26 26 30 30
1620000000 25 25 30 30
1619913600 24 24 29 29
1619827200 24 24 29 29
1619740800 24 24 29 29
1619654400 28 28 429 429
1619568000 27 27 30 30
1619481600 29 29 30 30
1619395200 29 29 31 31
1619308800 35 35 832 832
1619222400 26 26 30 30
1619136000 26 26 31 31
1619049600 27 27 31 31
1618963200 26 26 30 30
1618876800 29 29 399 399
1618790400 26 26 31 31
1618704000 25 25 30 30
1618617600 26 26 30 30
1618531200 27 27 27 27
1618444800 27 27 31 31
1618358400 27 27 31 31
1618272000 26 26 30 30
1618185600 27 27 30 30
1618099200 29 29 29 29
1618012800 29 29 29 29
1617926400 29 29 29 29
1617840000 29 29 29 29
1617753600 29 29 29 29
1617667200 31 31 433 433
1617580800 29 29 33 33
1617494400 26 26 33 33
1617408000 31 31 33 33
1617321600 29 29 31 31
1617235200 31 31 31 31
1617148800 26 26 31 31
1617062400 29 29 31 31
1616976000 28 28 30 30
1616889600 24 24 28 28
1616803200 24 24 27 27
1616716800 22 22 26 26
1616630400 25 25 426 426
1616544000 23 23 27 27
1616457600 22 22 26 26
1616371200 24 24 29 29
1616284800 25 25 30 30
1616198400 25 25 30 30
1616112000 26 26 29 29
1616025600 28 28 429 429
1615939200 24 24 29 29
1615852800 24 24 29 29
1615766400 24 24 27 27
1615680000 24 24 27 27
1615593600 24 24 27 27
1615507200 24 24 27 27
1615420800 35 35 1230 1230
1615334400 24 24 26 26
1615248000 24 24 27 27
1615161600 24 24 27 27
1615075200 25 25 28 28
1614988800 24 24 28 28
1614902400 14 14 27 27
1614816000 0 0 0 0
1614729600 0 0 0 0
1614643200 0 0 0 0
1614556800 0 0 0 0
1614470400 0 0 0 0
1614384000 0 0 0 0
1614297600 0 0 0 0
1614211200 0 0 0 0
1614124800 0 0 0 0
1614038400 0 0 0 0
1613952000 0 0 0 0
1613865600 0 0 0 0
1613779200 0 0 0 0
1613692800 0 0 0 0
1613606400 0 0 0 0
1613520000 0 0 0 0
1613433600 0 0 0 0
1613347200 0 0 0 0
1613260800 0 0 0 0
1613174400 0 0 0 0
1613088000 0 0 0 0
1613001600 0 0 0 0
1612915200 0 0 0 0
1612828800 0 0 0 0
1612742400 0 0 0 0
1612656000 0 0 0 0
1612569600 0 0 0 0
1612483200 0 0 0 0
1612396800 0 0 0 0
1612310400 0 0 0 0
1612224000 0 0 0 0
1612137600 0 0 0 0
1612051200 0 0 0 0
1611964800 0 0 0 0
1611878400 0 0 0 0
1611792000 0 0 0 0
1611705600 0 0 0 0
1611619200 0 0 0 0
1611532800 0 0 0 0
1611446400 0 0 0 0
1611360000 0 0 0 0
1611273600 0 0 0 0
1611187200 0 0 0 0
1611100800 0 0 0 0
1611014400 0 0 0 0
1610928000 0 0 0 0
1610841600 0 0 0 0
1610755200 0 0 0 0
1610668800 0 0 0 0
1610582400 0 0 0 0
1610496000 0 0 0 0
1610409600 0 0 0 0
1610323200 0 0 0 0
1610236800 0 0 0 0
1610150400 0 0 0 0
1610064000 0 0 0 0
1609977600 0 0 0 0
1609891200 0 0 0 0
1609804800 0 0 0 0
1609718400 0 0 0 0
1609632000 0 0 0 0
1609545600 0 0 0 0
1609459200 0 0 0 0
1609372800 0 0 0 0
1609286400 0 0 0 0
1609200000 0 0 0 0
1609113600 0 0 0 0
1609027200 0 0 0 0
1608940800 0 0 0 0
1608854400 0 0 0 0
1608768000 0 0 0 0
1608681600 0 0 0 0
1608595200 0 0 0 0
1608508800 0 0 0 0
1608422400 0 0 0 0
1608336000 0 0 0 0
1608249600 0 0 0 0
1608163200 0 0 0 0
1608076800 0 0 0 0
1607990400 0 0 0 0
1607904000 0 0 0 0
1607817600 0 0 0 0
1607731200 0 0 0 0
1607644800 0 0 0 0
1607558400 0 0 0 0
1607472000 0 0 0 0
1607385600 0 0 0 0
1607299200 0 0 0 0
1607212800 0 0 0 0
1607126400 0 0 0 0
1607040000 0 0 0 0
1606953600 0 0 0 0
1606867200 0 0 0 0
1606780800 0 0 0 0
1606694400 0 0 0 0
1606608000 0 0 0 0
1606521600 0 0 0 0
1606435200 0 0 0 0
1606348800 0 0 0 0
1606262400 0 0 0 0
1606176000 0 0 0 0
1606089600 0 0 0 0
1606003200 0 0 0 0
1605916800 0 0 0 0
1605830400 0 0 0 0
1605744000 0 0 0 0
1605657600 0 0 0 0
1605571200 0 0 0 0
1605484800 0 0 0 0
1605398400 0 0 0 0
1605312000 0 0 0 0
1605225600 0 0 0 0
1605139200 0 0 0 0
1605052800 0 0 0 0
1604966400 0 0 0 0
1604880000 0 0 0 0
1604793600 0 0 0 0
1604707200 0 0 0 0
1604620800 0 0 0 0
1604534400 0 0 0 0
1604448000 0 0 0 0
1604361600 0 0 0 0
1604275200 0 0 0 0
1604188800 0 0 0 0
1604102400 0 0 0 0
1604016000 0 0 0 0
1603929600 0 0 0 0
1603843200 0 0 0 0
1603756800 0 0 0 0
1603670400 0 0 0 0
1603584000 0 0 0 0
1603497600 0 0 0 0
1603411200 0 0 0 0
1603324800 0 0 0 0
1603238400 0 0 0 0
1603152000 0 0 0 0
1603065600 0 0 0 0
1602979200 0 0 0 0
1602892800 0 0 0 0
1602806400 0 0 0 0
1602720000 0 0 0 0
1602633600 0 0 0 0
1602547200 0 0 0 0
1602460800 0 0 0 0
1602374400 0 0 0 0
1602288000 0 0 0 0
1602201600 0 0 0 0
1602115200 0 0 0 0
1602028800 0 0 0 0
1601942400 0 0 0 0
1601856000 0 0 0 0
1601769600 0 0 0 0
1601683200 0 0 0 0
1601596800 0 0 0 0
1601510400 0 0 0 0
1601424000 0 0 0 0
1601337600 0 0 0 0
1601251200 0 0 0 0
1601164800 0 0 0 0
1601078400 0 0 0 0
1600992000 0 0 0 0
1600905600 0 0 0 0
1600819200 0 0 0 0
1600732800 0 0 0 0
1600646400 0 0 0 0
1600560000 0 0 0 0
1600473600 0 0 0 0
1600387200 0 0 0 0
1600300800 0 0 0 0
1600214400 0 0 0 0
1600128000 0 0 0 0
1600041600 0 0 0 0
1599955200 0 0 0 0
1599868800 0 0 0 0
1599782400 0 0 0 0
1599696000 0 0 0 0
1599609600 0 0 0 0
1599523200 0 0 0 0
1599436800 0 0 0 0
1599350400 0 0 0 0
1599264000 0 0 0 0
1599177600 0 0 0 0
1599091200 0 0 0 0
1599004800 0 0 0 0
1598918400 0 0 0 0
1598832000 0 0 0 0
1598745600 0 0 0 0
1598659200 0 0 0 0
1598572800 0 0 0 0
1598486400 0 0 0 0
1598400000 0 0 0 0
1598313600 0 0 0 0
1598227200 0 0 0 0
1598140800 0 0 0 0
1598054400 0 0 0 0
1597968000 0 0 0 0
1597881600 0 0 0 0
1597795200 0 0 0 0
1597708800 0 0 0 0
1597622400 0 0 0 0
1597536000 0 0 0 0
1597449600 0 0 0 0
1597363200 0 0 0 0
1597276800 0 0 0 0
1597190400 0 0 0 0
1597104000 0 0 0 0
1597017600 0 0 0 0
1596931200 0 0 0 0
1596844800 0 0 0 0
1596758400 0 0 0 0
1596672000 0 0 0 0
1596585600 0 0 0 0
1596499200 0 0 0 0
1596412800 0 0 0 0
1596326400 0 0 0 0
1596240000 0 0 0 0
1596153600 0 0 0 0
1596067200 0 0 0 0
1595980800 0 0 0 0
1595894400 0 0 0 0
1595808000 0 0 0 0
1595721600 0 0 0 0
1595635200 0 0 0 0
1595548800 0 0 0 0
1595462400 0 0 0 0
1595376000 0 0 0 0
1595289600 0 0 0 0
1595203200 0 0 0 0
1595116800 0 0 0 0
1595030400 0 0 0 0
1594944000 0 0 0 0
1594857600 0 0 0 0
1594771200 0 0 0 0
1594684800 0 0 0 0
1594598400 0 0 0 0
1594512000 0 0 0 0
1594425600 0 0 0 0
1594339200 0 0 0 0
1594252800 0 0 0 0
1594166400 0 0 0 0
1594080000 0 0 0 0
1593993600 0 0 0 0
1593907200 0 0 0 0
1593820800 0 0 0 0
1593734400 0 0 0 0
1593648000 0 0 0 0
1593561600 0 0 0 0
1593475200 0 0 0 0
1593388800 0 0 0 0
1593302400 0 0 0 0
1593216000 0 0 0 0
1593129600 0 0 0 0
1593043200 0 0 0 0
1592956800 0 0 0 0
1592870400 0 0 0 0
1592784000 0 0 0 0
1592697600 0 0 0 0
1592611200 0 0 0 0
1592524800 0 0 0 0
1592438400 0 0 0 0
1592352000 0 0 0 0
1592265600 0 0 0 0
1592179200 0 0 0 0
1592092800 0 0 0 0
1592006400 0 0 0 0
1591920000 0 0 0 0
1591833600 0 0 0 0
1591747200 0 0 0 0
1591660800 0 0 0 0
1591574400 0 0 0 0
1591488000 0 0 0 0
1591401600 0 0 0 0
1591315200 0 0 0 0
1591228800 0 0 0 0
1591142400 0 0 0 0
1591056000 0 0 0 0
1590969600 0 0 0 0
1590883200 0 0 0 0
1590796800 0 0 0 0
1590710400 0 0 0 0
1590624000 0 0 0 0
1590537600 0 0 0 0
1590451200 0 0 0 0
1590364800 0 0 0 0
1590278400 0 0 0 0
1590192000 0 0 0 0
1590105600 0 0 0 0
1590019200 0 0 0 0
1589932800 0 0 0 0
1589846400 0 0 0 0
1589760000 0 0 0 0
1589673600 0 0 0 0
1589587200 0 0 0 0
1589500800 0 0 0 0
1589414400 0 0 0 0
1589328000 0 0 0 0
1589241600 0 0 0 0
1589155200 0 0 0 0
1589068800 0 0 0 0
1588982400 0 0 0 0
1588896000 0 0 0 0
1588809600 0 0 0 0
1588723200 0 0 0 0
1588636800 0 0 0 0
1588550400 0 0 0 0
1588464000 0 0 0 0
1588377600 0 0 0 0
1588291200 0 0 0 0
1588204800 0 0 0 0
1588118400 0 0 0 0
1588032000 0 0 0 0
1587945600 0 0 0 0
1587859200 0 0 0 0
1587772800 0 0 0 0
1587686400 0 0 0 0
1587600000 0 0 0 0
1587513600 0 0 0 0
1587427200 0 0 0 0
1587340800 0 0 0 0
1587254400 0 0 0 0
1587168000 0 0 0 0
1587081600 0 0 0 0
1586995200 0 0 0 0
1586908800 0 0 0 0
1586822400 0 0 0 0
1586736000 0 0 0 0
1586649600 0 0 0 0
1586563200 0 0 0 0
1586476800 0 0 0 0
1586390400 0 0 0 0
1586304000 0 0 0 0
1586217600 0 0 0 0
1586131200 0 0 0 0
1586044800 0 0 0 0
1585958400 0 0 0 0
1585872000 0 0 0 0
1585785600 0 0 0 0
1585699200 0 0 0 0
1585612800 0 0 0 0
1585526400 0 0 0 0
1585440000 0 0 0 0
1585353600 0 0 0 0
1585267200 0 0 0 0
1585180800 0 0 0 0
1585094400 0 0 0 0
1585008000 0 0 0 0
1584921600 0 0 0 0
1584835200 0 0 0 0
1584748800 0 0 0 0
1584662400 0 0 0 0
1584576000 0 0 0 0
1584489600 0 0 0 0
1584403200 0 0 0 0
1584316800 0 0 0 0
1584230400 0 0 0 0
1584144000 0 0 0 0
1584057600 0 0 0 0
1583971200 0 0 0 0
1583884800 0 0 0 0
1583798400 0 0 0 0
1583712000 0 0 0 0
1583625600 0 0 0 0
1583539200 0 0 0 0
1583452800 0 0 0 0
1583366400 0 0 0 0
1583280000 0 0 0 0
1583193600 0 0 0 0
1583107200 0 0 0 0
1583020800 0 0 0 0
1582934400 0 0 0 0
1582848000 0 0 0 0
1582761600 0 0 0 0
1582675200 0 0 0 0
1582588800 0 0 0 0
1582502400 0 0 0 0
1582416000 0 0 0 0
1582329600 0 0 0 0
1582243200 0 0 0 0
1582156800 0 0 0 0
1582070400 0 0 0 0
1581984000 0 0 0 0
1581897600 0 0 0 0
1581811200 0 0 0 0
1581724800 0 0 0 0
1581638400 0 0 0 0
1581552000 0 0 0 0
1581465600 0 0 0 0
1581379200 0 0 0 0
1581292800 0 0 0 0
1581206400 0 0 0 0
1581120000 0 0 0 0
1581033600 0 0 0 0
1580947200 0 0 0 0
1580860800 0 0 0 0
1580774400 0 0 0 0
1580688000 0 0 0 0
1580601600 0 0 0 0
1580515200 0 0 0 0
1580428800 0 0 0 0
1580342400 0 0 0 0
1580256000 0 0 0 0
1580169600 0 0 0 0
1580083200 0 0 0 0
1579996800 0 0 0 0
1579910400 0 0 0 0
1579824000 0 0 0 0
1579737600 0 0 0 0
1579651200 0 0 0 0
1579564800 0 0 0 0
1579478400 0 0 0 0
1579392000 0 0 0 0
1579305600 0 0 0 0
1579219200 0 0 0 0
1579132800 0 0 0 0
1579046400 0 0 0 0
1578960000 0 0 0 0
1578873600 0 0 0 0
1578787200 0 0 0 0
1578700800 0 0 0 0
1578614400 0 0 0 0
1578528000 0 0 0 0
1578441600 0 0 0 0
1578355200 0 0 0 0
1578268800 0 0 0 0
1578182400 0 0 0 0
1578096000 0 0 0 0
1578009600 0 0 0 0
1577923200 0 0 0 0
1577836800 0 0 0 0
1577750400 0 0 0 0
1577664000 0 0 0 0
1577577600 0 0 0 0
1577491200 0 0 0 0
1577404800 0 0 0 0
1577318400 0 0 0 0
1577232000 0 0 0 0
1577145600 0 0 0 0
1577059200 0 0 0 0
1576972800 0 0 0 0
1576886400 0 0 0 0
1576800000 0 0 0 0
1576713600 0 0 0 0
1576627200 0 0 0 0
1576540800 0 0 0 0
1576454400 0 0 0 0
1576368000 0 0 0 0
1576281600 0 0 0 0
1576195200 0 0 0 0
1576108800 0 0 0 0
1576022400 0 0 0 0
1575936000 0 0 0 0
1575849600 0 0 0 0
1575763200 0 0 0 0
1575676800 0 0 0 0
1575590400 0 0 0 0
1575504000 0 0 0 0
1575417600 0 0 0 0
1575331200 0 0 0 0
1575244800 0 0 0 0
1575158400 0 0 0 0
1575072000 0 0 0 0
1574985600 0 0 0 0
1574899200 0 0 0 0
1574812800 0 0 0 0
1574726400 0 0 0 0
1574640000 0 0 0 0
1574553600 0 0 0 0
1574467200 0 0 0 0
1574380800 0 0 0 0
1574294400 0 0 0 0
1574208000 0 0 0 0
1574121600 0 0 0 0
1574035200 0 0 0 0
1573948800 0 0 0 0
1573862400 0 0 0 0
1573776000 0 0 0 0
1573689600 0 0 0 0
1573603200 0 0 0 0
1573516800 0 0 0 0
1573430400 0 0 0 0
1573344000 0 0 0 0
1573257600 0 0 0 0
1573171200 0 0 0 0
1573084800 0 0 0 0
1572998400 0 0 0 0
1572912000 0 0 0 0
1572825600 0 0 0 0
1572739200 0 0 0 0
1572652800 0 0 0 0
1572566400 0 0 0 0
1572480000 0 0 0 0
1572393600 0 0 0 0
1572307200 0 0 0 0
1572220800 0 0 0 0
1572134400 0 0 0 0
1572048000 0 0 0 0
1571961600 0 0 0 0
1571875200 0 0 0 0
1571788800 0 0 0 0
1571702400 0 0 0 0
1571616000 0 0 0 0
1571529600 0 0 0 0
1571443200 0 0 0 0
1571356800 0 0 0 0
1571270400 0 0 0 0
1571184000 0 0 0 0
1571097600 0 0 0 0
1571011200 0 0 0 0
1570924800 0 0 0 0
1570838400 0 0 0 0
1570752000 0 0 0 0
1570665600 0 0 0 0
1570579200 0 0 0 0
1570492800 0 0 0 0
1570406400 0 0 0 0
1570320000 0 0 0 0
1570233600 0 0 0 0
1570147200 0 0 0 0
1570060800 0 0 0 0
1569974400 0 0 0 0
1569888000 0 0 0 0
1569801600 0 0 0 0
1569715200 0 0 0 0
1569628800 0 0 0 0
1569542400 0 0 0 0
1569456000 0 0 0 0
1569369600 0 0 0 0
1569283200 0 0 0 0
1569196800 0 0 0 0
1569110400 0 0 0 0
1569024000 0 0 0 0
1568937600 0 0 0 0
1568851200 0 0 0 0
1568764800 0 0 0 0
1568678400 0 0 0 0
1568592000 0 0 0 0
1568505600 0 0 0 0
1568419200 0 0 0 0
1568332800 0 0 0 0
1568246400 0 0 0 0
1568160000 0 0 0 0
1568073600 0 0 0 0
1567987200 0 0 0 0
1567900800 0 0 0 0
1567814400 0 0 0 0
1567728000 0 0 0 0
1567641600 0 0 0 0
1567555200 0 0 0 0
1567468800 0 0 0 0
1567382400 0 0 0 0
1567296000 0 0 0 0
1567209600 0 0 0 0
1567123200 0 0 0 0
1567036800 0 0 0 0
1566950400 0 0 0 0
1566864000 0 0 0 0
1566777600 0 0 0 0
1566691200 0 0 0 0
1566604800 0 0 0 0
1566518400 0 0 0 0
1566432000 0 0 0 0
1566345600 0 0 0 0
1566259200 0 0 0 0
1566172800 0 0 0 0
1566086400 0 0 0 0
1566000000 0 0 0 0
1565913600 0 0 0 0
1565827200 0 0 0 0
1565740800 0 0 0 0
1565654400 0 0 0 0
1565568000 0 0 0 0
1565481600 0 0 0 0
1565395200 0 0 0 0
1565308800 0 0 0 0
1565222400 0 0 0 0
1565136000 0 0 0 0
1565049600 0 0 0 0
1564963200 0 0 0 0
1564876800 0 0 0 0
1564790400 0 0 0 0
1564704000 0 0 0 0
1564617600 0 0 0 0
1564531200 0 0 0 0
1564444800 0 0 0 0
1564358400 0 0 0 0
1564272000 0 0 0 0
1564185600 0 0 0 0
1564099200 0 0 0 0
1564012800 0 0 0 0
1563926400 0 0 0 0
1563840000 0 0 0 0
1563753600 0 0 0 0
1563667200 0 0 0 0
1563580800 0 0 0 0
1563494400 0 0 0 0
1563408000 0 0 0 0
1563321600 0 0 0 0
1563235200 0 0 0 0
1563148800 0 0 0 0
1563062400 0 0 0 0
1562976000 0 0 0 0
1562889600 0 0 0 0
1562803200 0 0 0 0
1562716800 0 0 0 0
1562630400 0 0 0 0
1562544000 0 0 0 0
1562457600 0 0 0 0
1562371200 0 0 0 0
1562284800 0 0 0 0
1562198400 0 0 0 0
1562112000 0 0 0 0
1562025600 0 0 0 0
1561939200 0 0 0 0
1561852800 0 0 0 0
1561766400 0 0 0 0
1561680000 0 0 0 0
1561593600 0 0 0 0
1561507200 0 0 0 0
1561420800 0 0 0 0
1561334400 0 0 0 0
1561248000 0 0 0 0
1561161600 0 0 0 0
1561075200 0 0 0 0
1560988800 0 0 0 0
1560902400 0 0 0 0
1560816000 0 0 0 0
1560729600 0 0 0 0
1560643200 0 0 0 0
1560556800 0 0 0 0
1560470400 0 0 0 0
